
**** Build of configuration Debug for project lab12 ****

"C:\\ti\\ccsv6\\utils\\bin\\gmake" -k all 
'Building file: ../main.c'
'Invoking: ARM Compiler'
"C:/ti/ccsv6/tools/compiler/ti-cgt-arm_5.2.6/bin/armcl" -mv7M4 --code_state=16 --float_support=FPv4SPD16 --abi=eabi -me --include_path="C:/ti/ccsv6/tools/compiler/ti-cgt-arm_5.2.6/include" --include_path="C:/ti/TivaWare_C_Series-2.1.1.71" -g --define=DEBUG --define=PART_TM4C123GH6PM --define=TARGET_IS_BLIZZARD_RB1 --display_error_number --diag_warning=225 --diag_wrap=off --preproc_with_compile --preproc_dependency="main.pp"  "../main.c"
'Finished building: ../main.c'
' '
'Building file: ../tm4c123g.c'
'Invoking: ARM Compiler'
"C:/ti/ccsv6/tools/compiler/ti-cgt-arm_5.2.6/bin/armcl" -mv7M4 --code_state=16 --float_support=FPv4SPD16 --abi=eabi -me --include_path="C:/ti/ccsv6/tools/compiler/ti-cgt-arm_5.2.6/include" --include_path="C:/ti/TivaWare_C_Series-2.1.1.71" -g --define=DEBUG --define=PART_TM4C123GH6PM --define=TARGET_IS_BLIZZARD_RB1 --display_error_number --diag_warning=225 --diag_wrap=off --preproc_with_compile --preproc_dependency="tm4c123g.pp"  "../tm4c123g.c"
'Finished building: ../tm4c123g.c'
' '
'Building target: lab12.out'
'Invoking: ARM Linker'
"C:/ti/ccsv6/tools/compiler/ti-cgt-arm_5.2.6/bin/armcl" -mv7M4 --code_state=16 --float_support=FPv4SPD16 --abi=eabi -me -g --define=DEBUG --define=PART_TM4C123GH6PM --define=TARGET_IS_BLIZZARD_RB1 --display_error_number --diag_warning=225 --diag_wrap=off -z -m"lab12.map" --heap_size=0 --stack_size=2500 -i"C:/ti/ccsv6/tools/compiler/ti-cgt-arm_5.2.6/lib" -i"C:/ti/ccsv6/tools/compiler/ti-cgt-arm_5.2.6/include" --reread_libs --warn_sections --display_error_number --diag_wrap=off --xml_link_info="lab12_linkInfo.xml" --rom_model -o "lab12.out" "./main.obj" "./tm4c123g.obj" "./tm4c123gh6pm_startup_ccs.obj" "C:/ti/TivaWare_C_Series-2.1.1.71/driverlib/ccs/Debug/driverlib.lib" "../tm4c123gh6pm.cmd"  -l"libc.a" 
<Linking>
'Finished building target: lab12.out'
' '

**** Build Finished ****

**** Build of configuration Debug for project lab12 ****

"C:\\ti\\ccsv6\\utils\\bin\\gmake" -k all 
'Building file: ../main.c'
'Invoking: ARM Compiler'
"C:/ti/ccsv6/tools/compiler/ti-cgt-arm_5.2.6/bin/armcl" -mv7M4 --code_state=16 --float_support=FPv4SPD16 --abi=eabi -me --include_path="C:/ti/ccsv6/tools/compiler/ti-cgt-arm_5.2.6/include" --include_path="C:/ti/TivaWare_C_Series-2.1.1.71" -g --define=DEBUG --define=PART_TM4C123GH6PM --define=TARGET_IS_BLIZZARD_RB1 --display_error_number --diag_warning=225 --diag_wrap=off --preproc_with_compile --preproc_dependency="main.pp"  "../main.c"
'Finished building: ../main.c'
' '
'Building target: lab12.out'
'Invoking: ARM Linker'
"C:/ti/ccsv6/tools/compiler/ti-cgt-arm_5.2.6/bin/armcl" -mv7M4 --code_state=16 --float_support=FPv4SPD16 --abi=eabi -me -g --define=DEBUG --define=PART_TM4C123GH6PM --define=TARGET_IS_BLIZZARD_RB1 --display_error_number --diag_warning=225 --diag_wrap=off -z -m"lab12.map" --heap_size=0 --stack_size=2500 -i"C:/ti/ccsv6/tools/compiler/ti-cgt-arm_5.2.6/lib" -i"C:/ti/ccsv6/tools/compiler/ti-cgt-arm_5.2.6/include" --reread_libs --warn_sections --display_error_number --diag_wrap=off --xml_link_info="lab12_linkInfo.xml" --rom_model -o "lab12.out" "./main.obj" "./tm4c123g.obj" "./tm4c123gh6pm_startup_ccs.obj" "C:/ti/TivaWare_C_Series-2.1.1.71/driverlib/ccs/Debug/driverlib.lib" "../tm4c123gh6pm.cmd"  -l"libc.a" 
<Linking>
'Finished building target: lab12.out'
' '

**** Build Finished ****

**** Build of configuration Debug for project lab12 ****

"C:\\ti\\ccsv6\\utils\\bin\\gmake" -k all 
gmake: Nothing to be done for `all'.

**** Build Finished ****

**** Build of configuration Debug for project lab12 ****

"C:\\ti\\ccsv6\\utils\\bin\\gmake" -k all 
'Building file: ../main.c'
'Invoking: ARM Compiler'
"C:/ti/ccsv6/tools/compiler/ti-cgt-arm_5.2.6/bin/armcl" -mv7M4 --code_state=16 --float_support=FPv4SPD16 --abi=eabi -me --include_path="C:/ti/ccsv6/tools/compiler/ti-cgt-arm_5.2.6/include" --include_path="C:/ti/TivaWare_C_Series-2.1.1.71" -g --define=DEBUG --define=PART_TM4C123GH6PM --define=TARGET_IS_BLIZZARD_RB1 --display_error_number --diag_warning=225 --diag_wrap=off --preproc_with_compile --preproc_dependency="main.pp"  "../main.c"
'Finished building: ../main.c'
' '
'Building target: lab12.out'
'Invoking: ARM Linker'
"C:/ti/ccsv6/tools/compiler/ti-cgt-arm_5.2.6/bin/armcl" -mv7M4 --code_state=16 --float_support=FPv4SPD16 --abi=eabi -me -g --define=DEBUG --define=PART_TM4C123GH6PM --define=TARGET_IS_BLIZZARD_RB1 --display_error_number --diag_warning=225 --diag_wrap=off -z -m"lab12.map" --heap_size=0 --stack_size=2500 -i"C:/ti/ccsv6/tools/compiler/ti-cgt-arm_5.2.6/lib" -i"C:/ti/ccsv6/tools/compiler/ti-cgt-arm_5.2.6/include" --reread_libs --warn_sections --display_error_number --diag_wrap=off --xml_link_info="lab12_linkInfo.xml" --rom_model -o "lab12.out" "./main.obj" "./tm4c123g.obj" "./tm4c123gh6pm_startup_ccs.obj" "C:/ti/TivaWare_C_Series-2.1.1.71/driverlib/ccs/Debug/driverlib.lib" "../tm4c123gh6pm.cmd"  -l"libc.a" 
<Linking>
'Finished building target: lab12.out'
' '

**** Build Finished ****

**** Build of configuration Debug for project lab12 ****

"C:\\ti\\ccsv6\\utils\\bin\\gmake" -k all 
'Building file: ../main.c'
'Invoking: ARM Compiler'
"C:/ti/ccsv6/tools/compiler/ti-cgt-arm_5.2.6/bin/armcl" -mv7M4 --code_state=16 --float_support=FPv4SPD16 --abi=eabi -me --include_path="C:/ti/ccsv6/tools/compiler/ti-cgt-arm_5.2.6/include" --include_path="C:/ti/TivaWare_C_Series-2.1.1.71" -g --define=DEBUG --define=PART_TM4C123GH6PM --define=TARGET_IS_BLIZZARD_RB1 --display_error_number --diag_warning=225 --diag_wrap=off --preproc_with_compile --preproc_dependency="main.pp"  "../main.c"
'Finished building: ../main.c'
' '
'Building target: lab12.out'
'Invoking: ARM Linker'
"C:/ti/ccsv6/tools/compiler/ti-cgt-arm_5.2.6/bin/armcl" -mv7M4 --code_state=16 --float_support=FPv4SPD16 --abi=eabi -me -g --define=DEBUG --define=PART_TM4C123GH6PM --define=TARGET_IS_BLIZZARD_RB1 --display_error_number --diag_warning=225 --diag_wrap=off -z -m"lab12.map" --heap_size=0 --stack_size=2500 -i"C:/ti/ccsv6/tools/compiler/ti-cgt-arm_5.2.6/lib" -i"C:/ti/ccsv6/tools/compiler/ti-cgt-arm_5.2.6/include" --reread_libs --warn_sections --display_error_number --diag_wrap=off --xml_link_info="lab12_linkInfo.xml" --rom_model -o "lab12.out" "./main.obj" "./tm4c123g.obj" "./tm4c123gh6pm_startup_ccs.obj" "C:/ti/TivaWare_C_Series-2.1.1.71/driverlib/ccs/Debug/driverlib.lib" "../tm4c123gh6pm.cmd"  -l"libc.a" 
<Linking>

 undefined first referenced                                                                            
  symbol       in file                                                                                 
 --------- ----------------                                                                            
 main      C:\ti\ccsv6\tools\compiler\ti-cgt-arm_5.2.6\lib\rtsv7M4_T_le_v4SPD16_eabi.lib<args_main.obj>

error #10234-D: unresolved symbols remain
error #10010: errors encountered during linking; "lab12.out" not built

>> Compilation failure
gmake: *** [lab12.out] Error 1
gmake: Target `all' not remade because of errors.

**** Build Finished ****

**** Build of configuration Debug for project lab12 ****

"C:\\ti\\ccsv6\\utils\\bin\\gmake" -k all 
'Building file: ../main.c'
'Invoking: ARM Compiler'
"C:/ti/ccsv6/tools/compiler/ti-cgt-arm_5.2.6/bin/armcl" -mv7M4 --code_state=16 --float_support=FPv4SPD16 --abi=eabi -me --include_path="C:/ti/ccsv6/tools/compiler/ti-cgt-arm_5.2.6/include" --include_path="C:/ti/TivaWare_C_Series-2.1.1.71" -g --define=DEBUG --define=PART_TM4C123GH6PM --define=TARGET_IS_BLIZZARD_RB1 --display_error_number --diag_warning=225 --diag_wrap=off --preproc_with_compile --preproc_dependency="main.pp"  "../main.c"
'Finished building: ../main.c'
' '
'Building target: lab12.out'
'Invoking: ARM Linker'
"C:/ti/ccsv6/tools/compiler/ti-cgt-arm_5.2.6/bin/armcl" -mv7M4 --code_state=16 --float_support=FPv4SPD16 --abi=eabi -me -g --define=DEBUG --define=PART_TM4C123GH6PM --define=TARGET_IS_BLIZZARD_RB1 --display_error_number --diag_warning=225 --diag_wrap=off -z -m"lab12.map" --heap_size=0 --stack_size=2500 -i"C:/ti/ccsv6/tools/compiler/ti-cgt-arm_5.2.6/lib" -i"C:/ti/ccsv6/tools/compiler/ti-cgt-arm_5.2.6/include" --reread_libs --warn_sections --display_error_number --diag_wrap=off --xml_link_info="lab12_linkInfo.xml" --rom_model -o "lab12.out" "./main.obj" "./tm4c123g.obj" "./tm4c123gh6pm_startup_ccs.obj" "C:/ti/TivaWare_C_Series-2.1.1.71/driverlib/ccs/Debug/driverlib.lib" "../tm4c123gh6pm.cmd"  -l"libc.a" 
<Linking>
'Finished building target: lab12.out'
' '

**** Build Finished ****

**** Build of configuration Debug for project lab12 ****

"C:\\ti\\ccsv6\\utils\\bin\\gmake" -k all 
gmake: Nothing to be done for `all'.

**** Build Finished ****

**** Build of configuration Debug for project lab12 ****

"C:\\ti\\ccsv6\\utils\\bin\\gmake" -k all 
'Building file: ../main.c'
'Invoking: ARM Compiler'
"C:/ti/ccsv6/tools/compiler/ti-cgt-arm_5.2.6/bin/armcl" -mv7M4 --code_state=16 --float_support=FPv4SPD16 --abi=eabi -me --include_path="C:/ti/ccsv6/tools/compiler/ti-cgt-arm_5.2.6/include" --include_path="C:/ti/TivaWare_C_Series-2.1.1.71" -g --define=DEBUG --define=PART_TM4C123GH6PM --define=TARGET_IS_BLIZZARD_RB1 --display_error_number --diag_warning=225 --diag_wrap=off --preproc_with_compile --preproc_dependency="main.pp"  "../main.c"
"../main.c", line 29: error #20: identifier "GPIO_O_LOCK" is undefined
"../main.c", line 29: error #20: identifier "GPIO_LOCK_KEY" is undefined
"../main.c", line 30: error #20: identifier "GPIO_O_CR" is undefined
3 errors detected in the compilation of "../main.c".

>> Compilation failure
gmake: *** [main.obj] Error 1
gmake: Target `all' not remade because of errors.

**** Build Finished ****

**** Build of configuration Debug for project lab12 ****

"C:\\ti\\ccsv6\\utils\\bin\\gmake" -k all 
'Building file: ../main.c'
'Invoking: ARM Compiler'
"C:/ti/ccsv6/tools/compiler/ti-cgt-arm_5.2.6/bin/armcl" -mv7M4 --code_state=16 --float_support=FPv4SPD16 --abi=eabi -me --include_path="C:/ti/ccsv6/tools/compiler/ti-cgt-arm_5.2.6/include" --include_path="C:/ti/TivaWare_C_Series-2.1.1.71" -g --define=DEBUG --define=PART_TM4C123GH6PM --define=TARGET_IS_BLIZZARD_RB1 --display_error_number --diag_warning=225 --diag_wrap=off --preproc_with_compile --preproc_dependency="main.pp"  "../main.c"
'Finished building: ../main.c'
' '
'Building target: lab12.out'
'Invoking: ARM Linker'
"C:/ti/ccsv6/tools/compiler/ti-cgt-arm_5.2.6/bin/armcl" -mv7M4 --code_state=16 --float_support=FPv4SPD16 --abi=eabi -me -g --define=DEBUG --define=PART_TM4C123GH6PM --define=TARGET_IS_BLIZZARD_RB1 --display_error_number --diag_warning=225 --diag_wrap=off -z -m"lab12.map" --heap_size=0 --stack_size=2500 -i"C:/ti/ccsv6/tools/compiler/ti-cgt-arm_5.2.6/lib" -i"C:/ti/ccsv6/tools/compiler/ti-cgt-arm_5.2.6/include" --reread_libs --warn_sections --display_error_number --diag_wrap=off --xml_link_info="lab12_linkInfo.xml" --rom_model -o "lab12.out" "./main.obj" "./tm4c123g.obj" "./tm4c123gh6pm_startup_ccs.obj" "C:/ti/TivaWare_C_Series-2.1.1.71/driverlib/ccs/Debug/driverlib.lib" "../tm4c123gh6pm.cmd"  -l"libc.a" 
<Linking>
'Finished building target: lab12.out'
' '

**** Build Finished ****

**** Build of configuration Debug for project lab12 ****

"C:\\ti\\ccsv6\\utils\\bin\\gmake" -k all 
gmake: Nothing to be done for `all'.

**** Build Finished ****

**** Build of configuration Debug for project lab12 ****

"C:\\ti\\ccsv6\\utils\\bin\\gmake" -k all 
'Building file: ../main.c'
'Invoking: ARM Compiler'
"C:/ti/ccsv6/tools/compiler/ti-cgt-arm_5.2.6/bin/armcl" -mv7M4 --code_state=16 --float_support=FPv4SPD16 --abi=eabi -me --include_path="C:/ti/ccsv6/tools/compiler/ti-cgt-arm_5.2.6/include" --include_path="C:/ti/TivaWare_C_Series-2.1.1.71" -g --define=DEBUG --define=PART_TM4C123GH6PM --define=TARGET_IS_BLIZZARD_RB1 --display_error_number --diag_warning=225 --diag_wrap=off --preproc_with_compile --preproc_dependency="main.pp"  "../main.c"
'Finished building: ../main.c'
' '
'Building target: lab12.out'
'Invoking: ARM Linker'
"C:/ti/ccsv6/tools/compiler/ti-cgt-arm_5.2.6/bin/armcl" -mv7M4 --code_state=16 --float_support=FPv4SPD16 --abi=eabi -me -g --define=DEBUG --define=PART_TM4C123GH6PM --define=TARGET_IS_BLIZZARD_RB1 --display_error_number --diag_warning=225 --diag_wrap=off -z -m"lab12.map" --heap_size=0 --stack_size=2500 -i"C:/ti/ccsv6/tools/compiler/ti-cgt-arm_5.2.6/lib" -i"C:/ti/ccsv6/tools/compiler/ti-cgt-arm_5.2.6/include" --reread_libs --warn_sections --display_error_number --diag_wrap=off --xml_link_info="lab12_linkInfo.xml" --rom_model -o "lab12.out" "./main.obj" "./tm4c123g.obj" "./tm4c123gh6pm_startup_ccs.obj" "C:/ti/TivaWare_C_Series-2.1.1.71/driverlib/ccs/Debug/driverlib.lib" "../tm4c123gh6pm.cmd"  -l"libc.a" 
<Linking>
'Finished building target: lab12.out'
' '

**** Build Finished ****

**** Build of configuration Debug for project lab12 ****

"C:\\ti\\ccsv6\\utils\\bin\\gmake" -k all 
gmake: Nothing to be done for `all'.

**** Build Finished ****

**** Build of configuration Debug for project lab12 ****

"C:\\ti\\ccsv6\\utils\\bin\\gmake" -k all 
gmake: Nothing to be done for `all'.

**** Build Finished ****

**** Build of configuration Debug for project lab12 ****

"C:\\ti\\ccsv6\\utils\\bin\\gmake" -k all 
'Building file: ../main.c'
'Invoking: ARM Compiler'
"C:/ti/ccsv6/tools/compiler/ti-cgt-arm_5.2.6/bin/armcl" -mv7M4 --code_state=16 --float_support=FPv4SPD16 --abi=eabi -me --include_path="C:/ti/ccsv6/tools/compiler/ti-cgt-arm_5.2.6/include" --include_path="C:/ti/TivaWare_C_Series-2.1.1.71" -g --define=DEBUG --define=PART_TM4C123GH6PM --define=TARGET_IS_BLIZZARD_RB1 --display_error_number --diag_warning=225 --diag_wrap=off --preproc_with_compile --preproc_dependency="main.pp"  "../main.c"
'Finished building: ../main.c'
' '
'Building target: lab12.out'
'Invoking: ARM Linker'
"C:/ti/ccsv6/tools/compiler/ti-cgt-arm_5.2.6/bin/armcl" -mv7M4 --code_state=16 --float_support=FPv4SPD16 --abi=eabi -me -g --define=DEBUG --define=PART_TM4C123GH6PM --define=TARGET_IS_BLIZZARD_RB1 --display_error_number --diag_warning=225 --diag_wrap=off -z -m"lab12.map" --heap_size=0 --stack_size=2500 -i"C:/ti/ccsv6/tools/compiler/ti-cgt-arm_5.2.6/lib" -i"C:/ti/ccsv6/tools/compiler/ti-cgt-arm_5.2.6/include" --reread_libs --warn_sections --display_error_number --diag_wrap=off --xml_link_info="lab12_linkInfo.xml" --rom_model -o "lab12.out" "./main.obj" "./tm4c123g.obj" "./tm4c123gh6pm_startup_ccs.obj" "C:/ti/TivaWare_C_Series-2.1.1.71/driverlib/ccs/Debug/driverlib.lib" "../tm4c123gh6pm.cmd"  -l"libc.a" 
<Linking>
'Finished building target: lab12.out'
' '

**** Build Finished ****

**** Build of configuration Debug for project lab12 ****

"C:\\ti\\ccsv6\\utils\\bin\\gmake" -k all 
'Building file: ../main.c'
'Invoking: ARM Compiler'
"C:/ti/ccsv6/tools/compiler/ti-cgt-arm_5.2.6/bin/armcl" -mv7M4 --code_state=16 --float_support=FPv4SPD16 --abi=eabi -me --include_path="C:/ti/ccsv6/tools/compiler/ti-cgt-arm_5.2.6/include" --include_path="C:/ti/TivaWare_C_Series-2.1.1.71" -g --define=DEBUG --define=PART_TM4C123GH6PM --define=TARGET_IS_BLIZZARD_RB1 --display_error_number --diag_warning=225 --diag_wrap=off --preproc_with_compile --preproc_dependency="main.pp"  "../main.c"
'Finished building: ../main.c'
' '
'Building target: lab12.out'
'Invoking: ARM Linker'
"C:/ti/ccsv6/tools/compiler/ti-cgt-arm_5.2.6/bin/armcl" -mv7M4 --code_state=16 --float_support=FPv4SPD16 --abi=eabi -me -g --define=DEBUG --define=PART_TM4C123GH6PM --define=TARGET_IS_BLIZZARD_RB1 --display_error_number --diag_warning=225 --diag_wrap=off -z -m"lab12.map" --heap_size=0 --stack_size=2500 -i"C:/ti/ccsv6/tools/compiler/ti-cgt-arm_5.2.6/lib" -i"C:/ti/ccsv6/tools/compiler/ti-cgt-arm_5.2.6/include" --reread_libs --warn_sections --display_error_number --diag_wrap=off --xml_link_info="lab12_linkInfo.xml" --rom_model -o "lab12.out" "./main.obj" "./tm4c123g.obj" "./tm4c123gh6pm_startup_ccs.obj" "C:/ti/TivaWare_C_Series-2.1.1.71/driverlib/ccs/Debug/driverlib.lib" "../tm4c123gh6pm.cmd"  -l"libc.a" 
<Linking>
'Finished building target: lab12.out'
' '

**** Build Finished ****

**** Build of configuration Debug for project lab12 ****

"C:\\ti\\ccsv6\\utils\\bin\\gmake" -k all 
'Building file: ../main.c'
'Invoking: ARM Compiler'
"C:/ti/ccsv6/tools/compiler/ti-cgt-arm_5.2.6/bin/armcl" -mv7M4 --code_state=16 --float_support=FPv4SPD16 --abi=eabi -me --include_path="C:/ti/ccsv6/tools/compiler/ti-cgt-arm_5.2.6/include" --include_path="C:/ti/TivaWare_C_Series-2.1.1.71" -g --define=DEBUG --define=PART_TM4C123GH6PM --define=TARGET_IS_BLIZZARD_RB1 --display_error_number --diag_warning=225 --diag_wrap=off --preproc_with_compile --preproc_dependency="main.pp"  "../main.c"
"../main.c", line 39: error #20: identifier "GPIO_LOCK_KEY_DD" is undefined
1 error detected in the compilation of "../main.c".

>> Compilation failure
gmake: *** [main.obj] Error 1
gmake: Target `all' not remade because of errors.

**** Build Finished ****

**** Build of configuration Debug for project lab12 ****

"C:\\ti\\ccsv6\\utils\\bin\\gmake" -k all 
'Building file: ../main.c'
'Invoking: ARM Compiler'
"C:/ti/ccsv6/tools/compiler/ti-cgt-arm_5.2.6/bin/armcl" -mv7M4 --code_state=16 --float_support=FPv4SPD16 --abi=eabi -me --include_path="C:/ti/ccsv6/tools/compiler/ti-cgt-arm_5.2.6/include" --include_path="C:/ti/TivaWare_C_Series-2.1.1.71" -g --define=DEBUG --define=PART_TM4C123GH6PM --define=TARGET_IS_BLIZZARD_RB1 --display_error_number --diag_warning=225 --diag_wrap=off --preproc_with_compile --preproc_dependency="main.pp"  "../main.c"
'Finished building: ../main.c'
' '
'Building target: lab12.out'
'Invoking: ARM Linker'
"C:/ti/ccsv6/tools/compiler/ti-cgt-arm_5.2.6/bin/armcl" -mv7M4 --code_state=16 --float_support=FPv4SPD16 --abi=eabi -me -g --define=DEBUG --define=PART_TM4C123GH6PM --define=TARGET_IS_BLIZZARD_RB1 --display_error_number --diag_warning=225 --diag_wrap=off -z -m"lab12.map" --heap_size=0 --stack_size=2500 -i"C:/ti/ccsv6/tools/compiler/ti-cgt-arm_5.2.6/lib" -i"C:/ti/ccsv6/tools/compiler/ti-cgt-arm_5.2.6/include" --reread_libs --warn_sections --display_error_number --diag_wrap=off --xml_link_info="lab12_linkInfo.xml" --rom_model -o "lab12.out" "./main.obj" "./tm4c123g.obj" "./tm4c123gh6pm_startup_ccs.obj" "C:/ti/TivaWare_C_Series-2.1.1.71/driverlib/ccs/Debug/driverlib.lib" "../tm4c123gh6pm.cmd"  -l"libc.a" 
<Linking>
'Finished building target: lab12.out'
' '

**** Build Finished ****

**** Build of configuration Debug for project lab12 ****

"C:\\ti\\ccsv6\\utils\\bin\\gmake" -k all 
gmake: Nothing to be done for `all'.

**** Build Finished ****

**** Build of configuration Debug for project lab12 ****

"C:\\ti\\ccsv6\\utils\\bin\\gmake" -k all 
'Building file: ../main.c'
'Invoking: ARM Compiler'
"C:/ti/ccsv6/tools/compiler/ti-cgt-arm_5.2.6/bin/armcl" -mv7M4 --code_state=16 --float_support=FPv4SPD16 --abi=eabi -me --include_path="C:/ti/ccsv6/tools/compiler/ti-cgt-arm_5.2.6/include" --include_path="C:/ti/TivaWare_C_Series-2.1.1.71" -g --define=DEBUG --define=PART_TM4C123GH6PM --define=TARGET_IS_BLIZZARD_RB1 --display_error_number --diag_warning=225 --diag_wrap=off --preproc_with_compile --preproc_dependency="main.pp"  "../main.c"
'Finished building: ../main.c'
' '
'Building target: lab12.out'
'Invoking: ARM Linker'
"C:/ti/ccsv6/tools/compiler/ti-cgt-arm_5.2.6/bin/armcl" -mv7M4 --code_state=16 --float_support=FPv4SPD16 --abi=eabi -me -g --define=DEBUG --define=PART_TM4C123GH6PM --define=TARGET_IS_BLIZZARD_RB1 --display_error_number --diag_warning=225 --diag_wrap=off -z -m"lab12.map" --heap_size=0 --stack_size=2500 -i"C:/ti/ccsv6/tools/compiler/ti-cgt-arm_5.2.6/lib" -i"C:/ti/ccsv6/tools/compiler/ti-cgt-arm_5.2.6/include" --reread_libs --warn_sections --display_error_number --diag_wrap=off --xml_link_info="lab12_linkInfo.xml" --rom_model -o "lab12.out" "./main.obj" "./tm4c123g.obj" "./tm4c123gh6pm_startup_ccs.obj" "C:/ti/TivaWare_C_Series-2.1.1.71/driverlib/ccs/Debug/driverlib.lib" "../tm4c123gh6pm.cmd"  -l"libc.a" 
<Linking>
'Finished building target: lab12.out'
' '

**** Build Finished ****

**** Build of configuration Debug for project lab12 ****

"C:\\ti\\ccsv6\\utils\\bin\\gmake" -k all 
gmake: Nothing to be done for `all'.

**** Build Finished ****

**** Build of configuration Debug for project lab12 ****

"C:\\ti\\ccsv6\\utils\\bin\\gmake" -k all 
gmake: Nothing to be done for `all'.

**** Build Finished ****

**** Build of configuration Debug for project lab12 ****

"C:\\ti\\ccsv6\\utils\\bin\\gmake" -k all 
'Building file: ../main.c'
'Invoking: ARM Compiler'
"C:/ti/ccsv6/tools/compiler/ti-cgt-arm_5.2.6/bin/armcl" -mv7M4 --code_state=16 --float_support=FPv4SPD16 --abi=eabi -me --include_path="C:/ti/ccsv6/tools/compiler/ti-cgt-arm_5.2.6/include" --include_path="C:/ti/TivaWare_C_Series-2.1.1.71" -g --define=DEBUG --define=PART_TM4C123GH6PM --define=TARGET_IS_BLIZZARD_RB1 --display_error_number --diag_warning=225 --diag_wrap=off --preproc_with_compile --preproc_dependency="main.pp"  "../main.c"
'Finished building: ../main.c'
' '
'Building target: lab12.out'
'Invoking: ARM Linker'
"C:/ti/ccsv6/tools/compiler/ti-cgt-arm_5.2.6/bin/armcl" -mv7M4 --code_state=16 --float_support=FPv4SPD16 --abi=eabi -me -g --define=DEBUG --define=PART_TM4C123GH6PM --define=TARGET_IS_BLIZZARD_RB1 --display_error_number --diag_warning=225 --diag_wrap=off -z -m"lab12.map" --heap_size=0 --stack_size=2500 -i"C:/ti/ccsv6/tools/compiler/ti-cgt-arm_5.2.6/lib" -i"C:/ti/ccsv6/tools/compiler/ti-cgt-arm_5.2.6/include" --reread_libs --warn_sections --display_error_number --diag_wrap=off --xml_link_info="lab12_linkInfo.xml" --rom_model -o "lab12.out" "./main.obj" "./tm4c123g.obj" "./tm4c123gh6pm_startup_ccs.obj" "C:/ti/TivaWare_C_Series-2.1.1.71/driverlib/ccs/Debug/driverlib.lib" "../tm4c123gh6pm.cmd"  -l"libc.a" 
<Linking>
'Finished building target: lab12.out'
' '

**** Build Finished ****

**** Build of configuration Debug for project lab12 ****

"C:\\ti\\ccsv6\\utils\\bin\\gmake" -k all 
'Building file: ../main.c'
'Invoking: ARM Compiler'
"C:/ti/ccsv6/tools/compiler/ti-cgt-arm_5.2.6/bin/armcl" -mv7M4 --code_state=16 --float_support=FPv4SPD16 --abi=eabi -me --include_path="C:/ti/ccsv6/tools/compiler/ti-cgt-arm_5.2.6/include" --include_path="C:/ti/TivaWare_C_Series-2.1.1.71" -g --define=DEBUG --define=PART_TM4C123GH6PM --define=TARGET_IS_BLIZZARD_RB1 --display_error_number --diag_warning=225 --diag_wrap=off --preproc_with_compile --preproc_dependency="main.pp"  "../main.c"
'Finished building: ../main.c'
' '
'Building target: lab12.out'
'Invoking: ARM Linker'
"C:/ti/ccsv6/tools/compiler/ti-cgt-arm_5.2.6/bin/armcl" -mv7M4 --code_state=16 --float_support=FPv4SPD16 --abi=eabi -me -g --define=DEBUG --define=PART_TM4C123GH6PM --define=TARGET_IS_BLIZZARD_RB1 --display_error_number --diag_warning=225 --diag_wrap=off -z -m"lab12.map" --heap_size=0 --stack_size=2500 -i"C:/ti/ccsv6/tools/compiler/ti-cgt-arm_5.2.6/lib" -i"C:/ti/ccsv6/tools/compiler/ti-cgt-arm_5.2.6/include" --reread_libs --warn_sections --display_error_number --diag_wrap=off --xml_link_info="lab12_linkInfo.xml" --rom_model -o "lab12.out" "./main.obj" "./tm4c123g.obj" "./tm4c123gh6pm_startup_ccs.obj" "C:/ti/TivaWare_C_Series-2.1.1.71/driverlib/ccs/Debug/driverlib.lib" "../tm4c123gh6pm.cmd"  -l"libc.a" 
<Linking>
'Finished building target: lab12.out'
' '

**** Build Finished ****

**** Build of configuration Debug for project lab12 ****

"C:\\ti\\ccsv6\\utils\\bin\\gmake" -k all 
'Building file: ../main.c'
'Invoking: ARM Compiler'
"C:/ti/ccsv6/tools/compiler/ti-cgt-arm_5.2.6/bin/armcl" -mv7M4 --code_state=16 --float_support=FPv4SPD16 --abi=eabi -me --include_path="C:/ti/ccsv6/tools/compiler/ti-cgt-arm_5.2.6/include" --include_path="C:/ti/TivaWare_C_Series-2.1.1.71" -g --define=DEBUG --define=PART_TM4C123GH6PM --define=TARGET_IS_BLIZZARD_RB1 --display_error_number --diag_warning=225 --diag_wrap=off --preproc_with_compile --preproc_dependency="main.pp"  "../main.c"
'Finished building: ../main.c'
' '
'Building target: lab12.out'
'Invoking: ARM Linker'
"C:/ti/ccsv6/tools/compiler/ti-cgt-arm_5.2.6/bin/armcl" -mv7M4 --code_state=16 --float_support=FPv4SPD16 --abi=eabi -me -g --define=DEBUG --define=PART_TM4C123GH6PM --define=TARGET_IS_BLIZZARD_RB1 --display_error_number --diag_warning=225 --diag_wrap=off -z -m"lab12.map" --heap_size=0 --stack_size=2500 -i"C:/ti/ccsv6/tools/compiler/ti-cgt-arm_5.2.6/lib" -i"C:/ti/ccsv6/tools/compiler/ti-cgt-arm_5.2.6/include" --reread_libs --warn_sections --display_error_number --diag_wrap=off --xml_link_info="lab12_linkInfo.xml" --rom_model -o "lab12.out" "./main.obj" "./tm4c123g.obj" "./tm4c123gh6pm_startup_ccs.obj" "C:/ti/TivaWare_C_Series-2.1.1.71/driverlib/ccs/Debug/driverlib.lib" "../tm4c123gh6pm.cmd"  -l"libc.a" 
<Linking>
'Finished building target: lab12.out'
' '

**** Build Finished ****

**** Build of configuration Debug for project lab12 ****

"C:\\ti\\ccsv6\\utils\\bin\\gmake" -k all 
'Building file: ../main.c'
'Invoking: ARM Compiler'
"C:/ti/ccsv6/tools/compiler/ti-cgt-arm_5.2.6/bin/armcl" -mv7M4 --code_state=16 --float_support=FPv4SPD16 --abi=eabi -me --include_path="C:/ti/ccsv6/tools/compiler/ti-cgt-arm_5.2.6/include" --include_path="C:/ti/TivaWare_C_Series-2.1.1.71" -g --define=DEBUG --define=PART_TM4C123GH6PM --define=TARGET_IS_BLIZZARD_RB1 --display_error_number --diag_warning=225 --diag_wrap=off --preproc_with_compile --preproc_dependency="main.pp"  "../main.c"
'Finished building: ../main.c'
' '
'Building target: lab12.out'
'Invoking: ARM Linker'
"C:/ti/ccsv6/tools/compiler/ti-cgt-arm_5.2.6/bin/armcl" -mv7M4 --code_state=16 --float_support=FPv4SPD16 --abi=eabi -me -g --define=DEBUG --define=PART_TM4C123GH6PM --define=TARGET_IS_BLIZZARD_RB1 --display_error_number --diag_warning=225 --diag_wrap=off -z -m"lab12.map" --heap_size=0 --stack_size=2500 -i"C:/ti/ccsv6/tools/compiler/ti-cgt-arm_5.2.6/lib" -i"C:/ti/ccsv6/tools/compiler/ti-cgt-arm_5.2.6/include" --reread_libs --warn_sections --display_error_number --diag_wrap=off --xml_link_info="lab12_linkInfo.xml" --rom_model -o "lab12.out" "./main.obj" "./tm4c123g.obj" "./tm4c123gh6pm_startup_ccs.obj" "C:/ti/TivaWare_C_Series-2.1.1.71/driverlib/ccs/Debug/driverlib.lib" "../tm4c123gh6pm.cmd"  -l"libc.a" 
<Linking>
'Finished building target: lab12.out'
' '

**** Build Finished ****

**** Build of configuration Debug for project lab12 ****

"C:\\ti\\ccsv6\\utils\\bin\\gmake" -k all 
gmake: Nothing to be done for `all'.

**** Build Finished ****

**** Build of configuration Debug for project lab12 ****

"C:\\ti\\ccsv6\\utils\\bin\\gmake" -k all 
'Building file: ../main.c'
'Invoking: ARM Compiler'
"C:/ti/ccsv6/tools/compiler/ti-cgt-arm_5.2.6/bin/armcl" -mv7M4 --code_state=16 --float_support=FPv4SPD16 --abi=eabi -me --include_path="C:/ti/ccsv6/tools/compiler/ti-cgt-arm_5.2.6/include" --include_path="C:/ti/TivaWare_C_Series-2.1.1.71" -g --define=DEBUG --define=PART_TM4C123GH6PM --define=TARGET_IS_BLIZZARD_RB1 --display_error_number --diag_warning=225 --diag_wrap=off --preproc_with_compile --preproc_dependency="main.pp"  "../main.c"
'Finished building: ../main.c'
' '
'Building target: lab12.out'
'Invoking: ARM Linker'
"C:/ti/ccsv6/tools/compiler/ti-cgt-arm_5.2.6/bin/armcl" -mv7M4 --code_state=16 --float_support=FPv4SPD16 --abi=eabi -me -g --define=DEBUG --define=PART_TM4C123GH6PM --define=TARGET_IS_BLIZZARD_RB1 --display_error_number --diag_warning=225 --diag_wrap=off -z -m"lab12.map" --heap_size=0 --stack_size=2500 -i"C:/ti/ccsv6/tools/compiler/ti-cgt-arm_5.2.6/lib" -i"C:/ti/ccsv6/tools/compiler/ti-cgt-arm_5.2.6/include" --reread_libs --warn_sections --display_error_number --diag_wrap=off --xml_link_info="lab12_linkInfo.xml" --rom_model -o "lab12.out" "./main.obj" "./tm4c123g.obj" "./tm4c123gh6pm_startup_ccs.obj" "C:/ti/TivaWare_C_Series-2.1.1.71/driverlib/ccs/Debug/driverlib.lib" "../tm4c123gh6pm.cmd"  -l"libc.a" 
<Linking>
'Finished building target: lab12.out'
' '

**** Build Finished ****

**** Build of configuration Debug for project lab12 ****

"C:\\ti\\ccsv6\\utils\\bin\\gmake" -k all 
'Building file: ../main.c'
'Invoking: ARM Compiler'
"C:/ti/ccsv6/tools/compiler/ti-cgt-arm_5.2.6/bin/armcl" -mv7M4 --code_state=16 --float_support=FPv4SPD16 --abi=eabi -me --include_path="C:/ti/ccsv6/tools/compiler/ti-cgt-arm_5.2.6/include" --include_path="C:/ti/TivaWare_C_Series-2.1.1.71" -g --define=DEBUG --define=PART_TM4C123GH6PM --define=TARGET_IS_BLIZZARD_RB1 --display_error_number --diag_warning=225 --diag_wrap=off --preproc_with_compile --preproc_dependency="main.pp"  "../main.c"
"../main.c", line 100: warning #225-D: function "UART0_UARTCharGet" declared implicitly
"../main.c", line 100: error #167: too few arguments in function call
"../main.c", line 103: error #66: expected a ";"
"../main.c", line 108: warning #12-D: parsing restarts here after previous syntax error
2 errors detected in the compilation of "../main.c".

>> Compilation failure
gmake: *** [main.obj] Error 1
gmake: Target `all' not remade because of errors.

**** Build Finished ****

**** Build of configuration Debug for project lab12 ****

"C:\\ti\\ccsv6\\utils\\bin\\gmake" -k all 
'Building file: ../main.c'
'Invoking: ARM Compiler'
"C:/ti/ccsv6/tools/compiler/ti-cgt-arm_5.2.6/bin/armcl" -mv7M4 --code_state=16 --float_support=FPv4SPD16 --abi=eabi -me --include_path="C:/ti/ccsv6/tools/compiler/ti-cgt-arm_5.2.6/include" --include_path="C:/ti/TivaWare_C_Series-2.1.1.71" -g --define=DEBUG --define=PART_TM4C123GH6PM --define=TARGET_IS_BLIZZARD_RB1 --display_error_number --diag_warning=225 --diag_wrap=off --preproc_with_compile --preproc_dependency="main.pp"  "../main.c"
'Finished building: ../main.c'
' '
'Building target: lab12.out'
'Invoking: ARM Linker'
"C:/ti/ccsv6/tools/compiler/ti-cgt-arm_5.2.6/bin/armcl" -mv7M4 --code_state=16 --float_support=FPv4SPD16 --abi=eabi -me -g --define=DEBUG --define=PART_TM4C123GH6PM --define=TARGET_IS_BLIZZARD_RB1 --display_error_number --diag_warning=225 --diag_wrap=off -z -m"lab12.map" --heap_size=0 --stack_size=2500 -i"C:/ti/ccsv6/tools/compiler/ti-cgt-arm_5.2.6/lib" -i"C:/ti/ccsv6/tools/compiler/ti-cgt-arm_5.2.6/include" --reread_libs --warn_sections --display_error_number --diag_wrap=off --xml_link_info="lab12_linkInfo.xml" --rom_model -o "lab12.out" "./main.obj" "./tm4c123g.obj" "./tm4c123gh6pm_startup_ccs.obj" "C:/ti/TivaWare_C_Series-2.1.1.71/driverlib/ccs/Debug/driverlib.lib" "../tm4c123gh6pm.cmd"  -l"libc.a" 
<Linking>
'Finished building target: lab12.out'
' '

**** Build Finished ****

**** Build of configuration Debug for project lab12 ****

"C:\\ti\\ccsv6\\utils\\bin\\gmake" -k all 
'Building file: ../main.c'
'Invoking: ARM Compiler'
"C:/ti/ccsv6/tools/compiler/ti-cgt-arm_5.2.6/bin/armcl" -mv7M4 --code_state=16 --float_support=FPv4SPD16 --abi=eabi -me --include_path="C:/ti/ccsv6/tools/compiler/ti-cgt-arm_5.2.6/include" --include_path="C:/ti/TivaWare_C_Series-2.1.1.71" -g --define=DEBUG --define=PART_TM4C123GH6PM --define=TARGET_IS_BLIZZARD_RB1 --display_error_number --diag_warning=225 --diag_wrap=off --preproc_with_compile --preproc_dependency="main.pp"  "../main.c"
'Finished building: ../main.c'
' '
'Building target: lab12.out'
'Invoking: ARM Linker'
"C:/ti/ccsv6/tools/compiler/ti-cgt-arm_5.2.6/bin/armcl" -mv7M4 --code_state=16 --float_support=FPv4SPD16 --abi=eabi -me -g --define=DEBUG --define=PART_TM4C123GH6PM --define=TARGET_IS_BLIZZARD_RB1 --display_error_number --diag_warning=225 --diag_wrap=off -z -m"lab12.map" --heap_size=0 --stack_size=2500 -i"C:/ti/ccsv6/tools/compiler/ti-cgt-arm_5.2.6/lib" -i"C:/ti/ccsv6/tools/compiler/ti-cgt-arm_5.2.6/include" --reread_libs --warn_sections --display_error_number --diag_wrap=off --xml_link_info="lab12_linkInfo.xml" --rom_model -o "lab12.out" "./main.obj" "./tm4c123g.obj" "./tm4c123gh6pm_startup_ccs.obj" "C:/ti/TivaWare_C_Series-2.1.1.71/driverlib/ccs/Debug/driverlib.lib" "../tm4c123gh6pm.cmd"  -l"libc.a" 
<Linking>
'Finished building target: lab12.out'
' '

**** Build Finished ****

**** Build of configuration Debug for project lab12 ****

"C:\\ti\\ccsv6\\utils\\bin\\gmake" -k all 
gmake: Nothing to be done for `all'.

**** Build Finished ****

**** Build of configuration Debug for project lab12 ****

"C:\\ti\\ccsv6\\utils\\bin\\gmake" -k all 
'Building file: ../main.c'
'Invoking: ARM Compiler'
"C:/ti/ccsv6/tools/compiler/ti-cgt-arm_5.2.6/bin/armcl" -mv7M4 --code_state=16 --float_support=FPv4SPD16 --abi=eabi -me --include_path="C:/ti/ccsv6/tools/compiler/ti-cgt-arm_5.2.6/include" --include_path="C:/ti/TivaWare_C_Series-2.1.1.71" -g --define=DEBUG --define=PART_TM4C123GH6PM --define=TARGET_IS_BLIZZARD_RB1 --display_error_number --diag_warning=225 --diag_wrap=off --preproc_with_compile --preproc_dependency="main.pp"  "../main.c"
'Finished building: ../main.c'
' '
'Building target: lab12.out'
'Invoking: ARM Linker'
"C:/ti/ccsv6/tools/compiler/ti-cgt-arm_5.2.6/bin/armcl" -mv7M4 --code_state=16 --float_support=FPv4SPD16 --abi=eabi -me -g --define=DEBUG --define=PART_TM4C123GH6PM --define=TARGET_IS_BLIZZARD_RB1 --display_error_number --diag_warning=225 --diag_wrap=off -z -m"lab12.map" --heap_size=0 --stack_size=2500 -i"C:/ti/ccsv6/tools/compiler/ti-cgt-arm_5.2.6/lib" -i"C:/ti/ccsv6/tools/compiler/ti-cgt-arm_5.2.6/include" --reread_libs --warn_sections --display_error_number --diag_wrap=off --xml_link_info="lab12_linkInfo.xml" --rom_model -o "lab12.out" "./main.obj" "./tm4c123g.obj" "./tm4c123gh6pm_startup_ccs.obj" "C:/ti/TivaWare_C_Series-2.1.1.71/driverlib/ccs/Debug/driverlib.lib" "../tm4c123gh6pm.cmd"  -l"libc.a" 
<Linking>
'Finished building target: lab12.out'
' '

**** Build Finished ****

**** Build of configuration Debug for project lab12 ****

"C:\\ti\\ccsv6\\utils\\bin\\gmake" -k all 
'Building file: ../main.c'
'Invoking: ARM Compiler'
"C:/ti/ccsv6/tools/compiler/ti-cgt-arm_5.2.6/bin/armcl" -mv7M4 --code_state=16 --float_support=FPv4SPD16 --abi=eabi -me --include_path="C:/ti/ccsv6/tools/compiler/ti-cgt-arm_5.2.6/include" --include_path="C:/ti/TivaWare_C_Series-2.1.1.71" -g --define=DEBUG --define=PART_TM4C123GH6PM --define=TARGET_IS_BLIZZARD_RB1 --display_error_number --diag_warning=225 --diag_wrap=off --preproc_with_compile --preproc_dependency="main.pp"  "../main.c"
'Finished building: ../main.c'
' '
'Building target: lab12.out'
'Invoking: ARM Linker'
"C:/ti/ccsv6/tools/compiler/ti-cgt-arm_5.2.6/bin/armcl" -mv7M4 --code_state=16 --float_support=FPv4SPD16 --abi=eabi -me -g --define=DEBUG --define=PART_TM4C123GH6PM --define=TARGET_IS_BLIZZARD_RB1 --display_error_number --diag_warning=225 --diag_wrap=off -z -m"lab12.map" --heap_size=0 --stack_size=2500 -i"C:/ti/ccsv6/tools/compiler/ti-cgt-arm_5.2.6/lib" -i"C:/ti/ccsv6/tools/compiler/ti-cgt-arm_5.2.6/include" --reread_libs --warn_sections --display_error_number --diag_wrap=off --xml_link_info="lab12_linkInfo.xml" --rom_model -o "lab12.out" "./main.obj" "./tm4c123g.obj" "./tm4c123gh6pm_startup_ccs.obj" "C:/ti/TivaWare_C_Series-2.1.1.71/driverlib/ccs/Debug/driverlib.lib" "../tm4c123gh6pm.cmd"  -l"libc.a" 
<Linking>
'Finished building target: lab12.out'
' '

**** Build Finished ****

**** Build of configuration Debug for project lab12 ****

"C:\\ti\\ccsv6\\utils\\bin\\gmake" -k all 
'Building file: ../main.c'
'Invoking: ARM Compiler'
"C:/ti/ccsv6/tools/compiler/ti-cgt-arm_5.2.6/bin/armcl" -mv7M4 --code_state=16 --float_support=FPv4SPD16 --abi=eabi -me --include_path="C:/ti/ccsv6/tools/compiler/ti-cgt-arm_5.2.6/include" --include_path="C:/ti/TivaWare_C_Series-2.1.1.71" -g --define=DEBUG --define=PART_TM4C123GH6PM --define=TARGET_IS_BLIZZARD_RB1 --display_error_number --diag_warning=225 --diag_wrap=off --preproc_with_compile --preproc_dependency="main.pp"  "../main.c"
'Finished building: ../main.c'
' '
'Building target: lab12.out'
'Invoking: ARM Linker'
"C:/ti/ccsv6/tools/compiler/ti-cgt-arm_5.2.6/bin/armcl" -mv7M4 --code_state=16 --float_support=FPv4SPD16 --abi=eabi -me -g --define=DEBUG --define=PART_TM4C123GH6PM --define=TARGET_IS_BLIZZARD_RB1 --display_error_number --diag_warning=225 --diag_wrap=off -z -m"lab12.map" --heap_size=0 --stack_size=2500 -i"C:/ti/ccsv6/tools/compiler/ti-cgt-arm_5.2.6/lib" -i"C:/ti/ccsv6/tools/compiler/ti-cgt-arm_5.2.6/include" --reread_libs --warn_sections --display_error_number --diag_wrap=off --xml_link_info="lab12_linkInfo.xml" --rom_model -o "lab12.out" "./main.obj" "./tm4c123g.obj" "./tm4c123gh6pm_startup_ccs.obj" "C:/ti/TivaWare_C_Series-2.1.1.71/driverlib/ccs/Debug/driverlib.lib" "../tm4c123gh6pm.cmd"  -l"libc.a" 
<Linking>
'Finished building target: lab12.out'
' '

**** Build Finished ****

**** Build of configuration Debug for project lab12 ****

"C:\\ti\\ccsv6\\utils\\bin\\gmake" -k all 
'Building file: ../main.c'
'Invoking: ARM Compiler'
"C:/ti/ccsv6/tools/compiler/ti-cgt-arm_5.2.6/bin/armcl" -mv7M4 --code_state=16 --float_support=FPv4SPD16 --abi=eabi -me --include_path="C:/ti/ccsv6/tools/compiler/ti-cgt-arm_5.2.6/include" --include_path="C:/ti/TivaWare_C_Series-2.1.1.71" -g --define=DEBUG --define=PART_TM4C123GH6PM --define=TARGET_IS_BLIZZARD_RB1 --display_error_number --diag_warning=225 --diag_wrap=off --preproc_with_compile --preproc_dependency="main.pp"  "../main.c"
'Finished building: ../main.c'
' '
'Building target: lab12.out'
'Invoking: ARM Linker'
"C:/ti/ccsv6/tools/compiler/ti-cgt-arm_5.2.6/bin/armcl" -mv7M4 --code_state=16 --float_support=FPv4SPD16 --abi=eabi -me -g --define=DEBUG --define=PART_TM4C123GH6PM --define=TARGET_IS_BLIZZARD_RB1 --display_error_number --diag_warning=225 --diag_wrap=off -z -m"lab12.map" --heap_size=0 --stack_size=2500 -i"C:/ti/ccsv6/tools/compiler/ti-cgt-arm_5.2.6/lib" -i"C:/ti/ccsv6/tools/compiler/ti-cgt-arm_5.2.6/include" --reread_libs --warn_sections --display_error_number --diag_wrap=off --xml_link_info="lab12_linkInfo.xml" --rom_model -o "lab12.out" "./main.obj" "./tm4c123g.obj" "./tm4c123gh6pm_startup_ccs.obj" "C:/ti/TivaWare_C_Series-2.1.1.71/driverlib/ccs/Debug/driverlib.lib" "../tm4c123gh6pm.cmd"  -l"libc.a" 
<Linking>
'Finished building target: lab12.out'
' '

**** Build Finished ****

**** Build of configuration Debug for project lab12 ****

"C:\\ti\\ccsv6\\utils\\bin\\gmake" -k all 
'Building file: ../main.c'
'Invoking: ARM Compiler'
"C:/ti/ccsv6/tools/compiler/ti-cgt-arm_5.2.6/bin/armcl" -mv7M4 --code_state=16 --float_support=FPv4SPD16 --abi=eabi -me --include_path="C:/ti/ccsv6/tools/compiler/ti-cgt-arm_5.2.6/include" --include_path="C:/ti/TivaWare_C_Series-2.1.1.71" -g --define=DEBUG --define=PART_TM4C123GH6PM --define=TARGET_IS_BLIZZARD_RB1 --display_error_number --diag_warning=225 --diag_wrap=off --preproc_with_compile --preproc_dependency="main.pp"  "../main.c"
'Finished building: ../main.c'
' '
'Building target: lab12.out'
'Invoking: ARM Linker'
"C:/ti/ccsv6/tools/compiler/ti-cgt-arm_5.2.6/bin/armcl" -mv7M4 --code_state=16 --float_support=FPv4SPD16 --abi=eabi -me -g --define=DEBUG --define=PART_TM4C123GH6PM --define=TARGET_IS_BLIZZARD_RB1 --display_error_number --diag_warning=225 --diag_wrap=off -z -m"lab12.map" --heap_size=0 --stack_size=2500 -i"C:/ti/ccsv6/tools/compiler/ti-cgt-arm_5.2.6/lib" -i"C:/ti/ccsv6/tools/compiler/ti-cgt-arm_5.2.6/include" --reread_libs --warn_sections --display_error_number --diag_wrap=off --xml_link_info="lab12_linkInfo.xml" --rom_model -o "lab12.out" "./main.obj" "./tm4c123g.obj" "./tm4c123gh6pm_startup_ccs.obj" "C:/ti/TivaWare_C_Series-2.1.1.71/driverlib/ccs/Debug/driverlib.lib" "../tm4c123gh6pm.cmd"  -l"libc.a" 
<Linking>
'Finished building target: lab12.out'
' '

**** Build Finished ****

**** Build of configuration Debug for project lab12 ****

"C:\\ti\\ccsv6\\utils\\bin\\gmake" -k all 
'Building file: ../main.c'
'Invoking: ARM Compiler'
"C:/ti/ccsv6/tools/compiler/ti-cgt-arm_5.2.6/bin/armcl" -mv7M4 --code_state=16 --float_support=FPv4SPD16 --abi=eabi -me --include_path="C:/ti/ccsv6/tools/compiler/ti-cgt-arm_5.2.6/include" --include_path="C:/ti/TivaWare_C_Series-2.1.1.71" -g --define=DEBUG --define=PART_TM4C123GH6PM --define=TARGET_IS_BLIZZARD_RB1 --display_error_number --diag_warning=225 --diag_wrap=off --preproc_with_compile --preproc_dependency="main.pp"  "../main.c"
'Finished building: ../main.c'
' '
'Building target: lab12.out'
'Invoking: ARM Linker'
"C:/ti/ccsv6/tools/compiler/ti-cgt-arm_5.2.6/bin/armcl" -mv7M4 --code_state=16 --float_support=FPv4SPD16 --abi=eabi -me -g --define=DEBUG --define=PART_TM4C123GH6PM --define=TARGET_IS_BLIZZARD_RB1 --display_error_number --diag_warning=225 --diag_wrap=off -z -m"lab12.map" --heap_size=0 --stack_size=2500 -i"C:/ti/ccsv6/tools/compiler/ti-cgt-arm_5.2.6/lib" -i"C:/ti/ccsv6/tools/compiler/ti-cgt-arm_5.2.6/include" --reread_libs --warn_sections --display_error_number --diag_wrap=off --xml_link_info="lab12_linkInfo.xml" --rom_model -o "lab12.out" "./main.obj" "./tm4c123g.obj" "./tm4c123gh6pm_startup_ccs.obj" "C:/ti/TivaWare_C_Series-2.1.1.71/driverlib/ccs/Debug/driverlib.lib" "../tm4c123gh6pm.cmd"  -l"libc.a" 
<Linking>
'Finished building target: lab12.out'
' '

**** Build Finished ****

**** Build of configuration Debug for project lab12 ****

"C:\\ti\\ccsv6\\utils\\bin\\gmake" -k all 
'Building file: ../main.c'
'Invoking: ARM Compiler'
"C:/ti/ccsv6/tools/compiler/ti-cgt-arm_5.2.6/bin/armcl" -mv7M4 --code_state=16 --float_support=FPv4SPD16 --abi=eabi -me --include_path="C:/ti/ccsv6/tools/compiler/ti-cgt-arm_5.2.6/include" --include_path="C:/ti/TivaWare_C_Series-2.1.1.71" -g --define=DEBUG --define=PART_TM4C123GH6PM --define=TARGET_IS_BLIZZARD_RB1 --display_error_number --diag_warning=225 --diag_wrap=off --preproc_with_compile --preproc_dependency="main.pp"  "../main.c"
'Finished building: ../main.c'
' '
'Building target: lab12.out'
'Invoking: ARM Linker'
"C:/ti/ccsv6/tools/compiler/ti-cgt-arm_5.2.6/bin/armcl" -mv7M4 --code_state=16 --float_support=FPv4SPD16 --abi=eabi -me -g --define=DEBUG --define=PART_TM4C123GH6PM --define=TARGET_IS_BLIZZARD_RB1 --display_error_number --diag_warning=225 --diag_wrap=off -z -m"lab12.map" --heap_size=0 --stack_size=2500 -i"C:/ti/ccsv6/tools/compiler/ti-cgt-arm_5.2.6/lib" -i"C:/ti/ccsv6/tools/compiler/ti-cgt-arm_5.2.6/include" --reread_libs --warn_sections --display_error_number --diag_wrap=off --xml_link_info="lab12_linkInfo.xml" --rom_model -o "lab12.out" "./main.obj" "./tm4c123g.obj" "./tm4c123gh6pm_startup_ccs.obj" "C:/ti/TivaWare_C_Series-2.1.1.71/driverlib/ccs/Debug/driverlib.lib" "../tm4c123gh6pm.cmd"  -l"libc.a" 
<Linking>
'Finished building target: lab12.out'
' '

**** Build Finished ****

**** Build of configuration Debug for project lab12 ****

"C:\\ti\\ccsv6\\utils\\bin\\gmake" -k all 
'Building file: ../main.c'
'Invoking: ARM Compiler'
"C:/ti/ccsv6/tools/compiler/ti-cgt-arm_5.2.6/bin/armcl" -mv7M4 --code_state=16 --float_support=FPv4SPD16 --abi=eabi -me --include_path="C:/ti/ccsv6/tools/compiler/ti-cgt-arm_5.2.6/include" --include_path="C:/ti/TivaWare_C_Series-2.1.1.71" -g --define=DEBUG --define=PART_TM4C123GH6PM --define=TARGET_IS_BLIZZARD_RB1 --display_error_number --diag_warning=225 --diag_wrap=off --preproc_with_compile --preproc_dependency="main.pp"  "../main.c"
'Finished building: ../main.c'
' '
'Building target: lab12.out'
'Invoking: ARM Linker'
"C:/ti/ccsv6/tools/compiler/ti-cgt-arm_5.2.6/bin/armcl" -mv7M4 --code_state=16 --float_support=FPv4SPD16 --abi=eabi -me -g --define=DEBUG --define=PART_TM4C123GH6PM --define=TARGET_IS_BLIZZARD_RB1 --display_error_number --diag_warning=225 --diag_wrap=off -z -m"lab12.map" --heap_size=0 --stack_size=2500 -i"C:/ti/ccsv6/tools/compiler/ti-cgt-arm_5.2.6/lib" -i"C:/ti/ccsv6/tools/compiler/ti-cgt-arm_5.2.6/include" --reread_libs --warn_sections --display_error_number --diag_wrap=off --xml_link_info="lab12_linkInfo.xml" --rom_model -o "lab12.out" "./main.obj" "./tm4c123g.obj" "./tm4c123gh6pm_startup_ccs.obj" "C:/ti/TivaWare_C_Series-2.1.1.71/driverlib/ccs/Debug/driverlib.lib" "../tm4c123gh6pm.cmd"  -l"libc.a" 
<Linking>
'Finished building target: lab12.out'
' '

**** Build Finished ****

**** Build of configuration Debug for project lab12 ****

"C:\\ti\\ccsv6\\utils\\bin\\gmake" -k all 
'Building file: ../main.c'
'Invoking: ARM Compiler'
"C:/ti/ccsv6/tools/compiler/ti-cgt-arm_5.2.6/bin/armcl" -mv7M4 --code_state=16 --float_support=FPv4SPD16 --abi=eabi -me --include_path="C:/ti/ccsv6/tools/compiler/ti-cgt-arm_5.2.6/include" --include_path="C:/ti/TivaWare_C_Series-2.1.1.71" -g --define=DEBUG --define=PART_TM4C123GH6PM --define=TARGET_IS_BLIZZARD_RB1 --display_error_number --diag_warning=225 --diag_wrap=off --preproc_with_compile --preproc_dependency="main.pp"  "../main.c"
'Finished building: ../main.c'
' '
'Building target: lab12.out'
'Invoking: ARM Linker'
"C:/ti/ccsv6/tools/compiler/ti-cgt-arm_5.2.6/bin/armcl" -mv7M4 --code_state=16 --float_support=FPv4SPD16 --abi=eabi -me -g --define=DEBUG --define=PART_TM4C123GH6PM --define=TARGET_IS_BLIZZARD_RB1 --display_error_number --diag_warning=225 --diag_wrap=off -z -m"lab12.map" --heap_size=0 --stack_size=2500 -i"C:/ti/ccsv6/tools/compiler/ti-cgt-arm_5.2.6/lib" -i"C:/ti/ccsv6/tools/compiler/ti-cgt-arm_5.2.6/include" --reread_libs --warn_sections --display_error_number --diag_wrap=off --xml_link_info="lab12_linkInfo.xml" --rom_model -o "lab12.out" "./main.obj" "./tm4c123g.obj" "./tm4c123gh6pm_startup_ccs.obj" "C:/ti/TivaWare_C_Series-2.1.1.71/driverlib/ccs/Debug/driverlib.lib" "../tm4c123gh6pm.cmd"  -l"libc.a" 
<Linking>
'Finished building target: lab12.out'
' '

**** Build Finished ****

**** Build of configuration Debug for project lab12 ****

"C:\\ti\\ccsv6\\utils\\bin\\gmake" -k all 
gmake: Nothing to be done for `all'.

**** Build Finished ****

**** Build of configuration Debug for project lab12 ****

"C:\\ti\\ccsv6\\utils\\bin\\gmake" -k all 
gmake: Nothing to be done for `all'.

**** Build Finished ****

**** Build of configuration Debug for project lab12 ****

"C:\\ti\\ccsv6\\utils\\bin\\gmake" -k all 
'Building file: ../main.c'
'Invoking: ARM Compiler'
"C:/ti/ccsv6/tools/compiler/ti-cgt-arm_5.2.6/bin/armcl" -mv7M4 --code_state=16 --float_support=FPv4SPD16 --abi=eabi -me --include_path="C:/ti/ccsv6/tools/compiler/ti-cgt-arm_5.2.6/include" --include_path="C:/ti/TivaWare_C_Series-2.1.1.71" -g --define=DEBUG --define=PART_TM4C123GH6PM --define=TARGET_IS_BLIZZARD_RB1 --display_error_number --diag_warning=225 --diag_wrap=off --preproc_with_compile --preproc_dependency="main.pp"  "../main.c"
"../main.c", line 85: error #29: expected an expression
1 error detected in the compilation of "../main.c".

>> Compilation failure
gmake: *** [main.obj] Error 1
gmake: Target `all' not remade because of errors.

**** Build Finished ****

**** Build of configuration Debug for project lab12 ****

"C:\\ti\\ccsv6\\utils\\bin\\gmake" -k all 
'Building file: ../main.c'
'Invoking: ARM Compiler'
"C:/ti/ccsv6/tools/compiler/ti-cgt-arm_5.2.6/bin/armcl" -mv7M4 --code_state=16 --float_support=FPv4SPD16 --abi=eabi -me --include_path="C:/ti/ccsv6/tools/compiler/ti-cgt-arm_5.2.6/include" --include_path="C:/ti/TivaWare_C_Series-2.1.1.71" -g --define=DEBUG --define=PART_TM4C123GH6PM --define=TARGET_IS_BLIZZARD_RB1 --display_error_number --diag_warning=225 --diag_wrap=off --preproc_with_compile --preproc_dependency="main.pp"  "../main.c"
'Finished building: ../main.c'
' '
'Building target: lab12.out'
'Invoking: ARM Linker'
"C:/ti/ccsv6/tools/compiler/ti-cgt-arm_5.2.6/bin/armcl" -mv7M4 --code_state=16 --float_support=FPv4SPD16 --abi=eabi -me -g --define=DEBUG --define=PART_TM4C123GH6PM --define=TARGET_IS_BLIZZARD_RB1 --display_error_number --diag_warning=225 --diag_wrap=off -z -m"lab12.map" --heap_size=0 --stack_size=2500 -i"C:/ti/ccsv6/tools/compiler/ti-cgt-arm_5.2.6/lib" -i"C:/ti/ccsv6/tools/compiler/ti-cgt-arm_5.2.6/include" --reread_libs --warn_sections --display_error_number --diag_wrap=off --xml_link_info="lab12_linkInfo.xml" --rom_model -o "lab12.out" "./main.obj" "./tm4c123g.obj" "./tm4c123gh6pm_startup_ccs.obj" "C:/ti/TivaWare_C_Series-2.1.1.71/driverlib/ccs/Debug/driverlib.lib" "../tm4c123gh6pm.cmd"  -l"libc.a" 
<Linking>
'Finished building target: lab12.out'
' '

**** Build Finished ****

**** Build of configuration Debug for project lab12 ****

"C:\\ti\\ccsv6\\utils\\bin\\gmake" -k all 
gmake: Nothing to be done for `all'.

**** Build Finished ****

**** Build of configuration Debug for project lab12 ****

"C:\\ti\\ccsv6\\utils\\bin\\gmake" -k all 
gmake: Nothing to be done for `all'.

**** Build Finished ****

**** Build of configuration Debug for project lab12 ****

"C:\\ti\\ccsv6\\utils\\bin\\gmake" -k all 
gmake: Nothing to be done for `all'.

**** Build Finished ****

**** Build of configuration Debug for project lab12 ****

"C:\\ti\\ccsv6\\utils\\bin\\gmake" -k all 
'Building file: ../main.c'
'Invoking: ARM Compiler'
"C:/ti/ccsv6/tools/compiler/ti-cgt-arm_5.2.6/bin/armcl" -mv7M4 --code_state=16 --float_support=FPv4SPD16 --abi=eabi -me --include_path="C:/ti/ccsv6/tools/compiler/ti-cgt-arm_5.2.6/include" --include_path="C:/ti/TivaWare_C_Series-2.1.1.71" -g --define=DEBUG --define=PART_TM4C123GH6PM --define=TARGET_IS_BLIZZARD_RB1 --display_error_number --diag_warning=225 --diag_wrap=off --preproc_with_compile --preproc_dependency="main.pp"  "../main.c"
'Finished building: ../main.c'
' '
'Building target: lab12.out'
'Invoking: ARM Linker'
"C:/ti/ccsv6/tools/compiler/ti-cgt-arm_5.2.6/bin/armcl" -mv7M4 --code_state=16 --float_support=FPv4SPD16 --abi=eabi -me -g --define=DEBUG --define=PART_TM4C123GH6PM --define=TARGET_IS_BLIZZARD_RB1 --display_error_number --diag_warning=225 --diag_wrap=off -z -m"lab12.map" --heap_size=0 --stack_size=2500 -i"C:/ti/ccsv6/tools/compiler/ti-cgt-arm_5.2.6/lib" -i"C:/ti/ccsv6/tools/compiler/ti-cgt-arm_5.2.6/include" --reread_libs --warn_sections --display_error_number --diag_wrap=off --xml_link_info="lab12_linkInfo.xml" --rom_model -o "lab12.out" "./main.obj" "./tm4c123g.obj" "./tm4c123gh6pm_startup_ccs.obj" "C:/ti/TivaWare_C_Series-2.1.1.71/driverlib/ccs/Debug/driverlib.lib" "../tm4c123gh6pm.cmd"  -l"libc.a" 
<Linking>
'Finished building target: lab12.out'
' '

**** Build Finished ****

**** Build of configuration Debug for project lab12 ****

"C:\\ti\\ccsv6\\utils\\bin\\gmake" -k all 
'Building file: ../main.c'
'Invoking: ARM Compiler'
"C:/ti/ccsv6/tools/compiler/ti-cgt-arm_5.2.6/bin/armcl" -mv7M4 --code_state=16 --float_support=FPv4SPD16 --abi=eabi -me --include_path="C:/ti/ccsv6/tools/compiler/ti-cgt-arm_5.2.6/include" --include_path="C:/ti/TivaWare_C_Series-2.1.1.71" -g --define=DEBUG --define=PART_TM4C123GH6PM --define=TARGET_IS_BLIZZARD_RB1 --display_error_number --diag_warning=225 --diag_wrap=off --preproc_with_compile --preproc_dependency="main.pp"  "../main.c"
'Finished building: ../main.c'
' '
'Building target: lab12.out'
'Invoking: ARM Linker'
"C:/ti/ccsv6/tools/compiler/ti-cgt-arm_5.2.6/bin/armcl" -mv7M4 --code_state=16 --float_support=FPv4SPD16 --abi=eabi -me -g --define=DEBUG --define=PART_TM4C123GH6PM --define=TARGET_IS_BLIZZARD_RB1 --display_error_number --diag_warning=225 --diag_wrap=off -z -m"lab12.map" --heap_size=0 --stack_size=2500 -i"C:/ti/ccsv6/tools/compiler/ti-cgt-arm_5.2.6/lib" -i"C:/ti/ccsv6/tools/compiler/ti-cgt-arm_5.2.6/include" --reread_libs --warn_sections --display_error_number --diag_wrap=off --xml_link_info="lab12_linkInfo.xml" --rom_model -o "lab12.out" "./main.obj" "./tm4c123g.obj" "./tm4c123gh6pm_startup_ccs.obj" "C:/ti/TivaWare_C_Series-2.1.1.71/driverlib/ccs/Debug/driverlib.lib" "../tm4c123gh6pm.cmd"  -l"libc.a" 
<Linking>
'Finished building target: lab12.out'
' '

**** Build Finished ****

**** Build of configuration Debug for project lab12 ****

"C:\\ti\\ccsv6\\utils\\bin\\gmake" -k all 
'Building file: ../main.c'
'Invoking: ARM Compiler'
"C:/ti/ccsv6/tools/compiler/ti-cgt-arm_5.2.6/bin/armcl" -mv7M4 --code_state=16 --float_support=FPv4SPD16 --abi=eabi -me --include_path="C:/ti/ccsv6/tools/compiler/ti-cgt-arm_5.2.6/include" --include_path="C:/ti/TivaWare_C_Series-2.1.1.71" -g --define=DEBUG --define=PART_TM4C123GH6PM --define=TARGET_IS_BLIZZARD_RB1 --display_error_number --diag_warning=225 --diag_wrap=off --preproc_with_compile --preproc_dependency="main.pp"  "../main.c"
'Finished building: ../main.c'
' '
'Building target: lab12.out'
'Invoking: ARM Linker'
"C:/ti/ccsv6/tools/compiler/ti-cgt-arm_5.2.6/bin/armcl" -mv7M4 --code_state=16 --float_support=FPv4SPD16 --abi=eabi -me -g --define=DEBUG --define=PART_TM4C123GH6PM --define=TARGET_IS_BLIZZARD_RB1 --display_error_number --diag_warning=225 --diag_wrap=off -z -m"lab12.map" --heap_size=0 --stack_size=2500 -i"C:/ti/ccsv6/tools/compiler/ti-cgt-arm_5.2.6/lib" -i"C:/ti/ccsv6/tools/compiler/ti-cgt-arm_5.2.6/include" --reread_libs --warn_sections --display_error_number --diag_wrap=off --xml_link_info="lab12_linkInfo.xml" --rom_model -o "lab12.out" "./main.obj" "./tm4c123g.obj" "./tm4c123gh6pm_startup_ccs.obj" "C:/ti/TivaWare_C_Series-2.1.1.71/driverlib/ccs/Debug/driverlib.lib" "../tm4c123gh6pm.cmd"  -l"libc.a" 
<Linking>
'Finished building target: lab12.out'
' '

**** Build Finished ****

**** Build of configuration Debug for project lab12 ****

"C:\\ti\\ccsv6\\utils\\bin\\gmake" -k all 
'Building file: ../main.c'
'Invoking: ARM Compiler'
"C:/ti/ccsv6/tools/compiler/ti-cgt-arm_5.2.6/bin/armcl" -mv7M4 --code_state=16 --float_support=FPv4SPD16 --abi=eabi -me --include_path="C:/ti/ccsv6/tools/compiler/ti-cgt-arm_5.2.6/include" --include_path="C:/ti/TivaWare_C_Series-2.1.1.71" -g --define=DEBUG --define=PART_TM4C123GH6PM --define=TARGET_IS_BLIZZARD_RB1 --display_error_number --diag_warning=225 --diag_wrap=off --preproc_with_compile --preproc_dependency="main.pp"  "../main.c"
'Finished building: ../main.c'
' '
'Building target: lab12.out'
'Invoking: ARM Linker'
"C:/ti/ccsv6/tools/compiler/ti-cgt-arm_5.2.6/bin/armcl" -mv7M4 --code_state=16 --float_support=FPv4SPD16 --abi=eabi -me -g --define=DEBUG --define=PART_TM4C123GH6PM --define=TARGET_IS_BLIZZARD_RB1 --display_error_number --diag_warning=225 --diag_wrap=off -z -m"lab12.map" --heap_size=0 --stack_size=2500 -i"C:/ti/ccsv6/tools/compiler/ti-cgt-arm_5.2.6/lib" -i"C:/ti/ccsv6/tools/compiler/ti-cgt-arm_5.2.6/include" --reread_libs --warn_sections --display_error_number --diag_wrap=off --xml_link_info="lab12_linkInfo.xml" --rom_model -o "lab12.out" "./main.obj" "./tm4c123g.obj" "./tm4c123gh6pm_startup_ccs.obj" "C:/ti/TivaWare_C_Series-2.1.1.71/driverlib/ccs/Debug/driverlib.lib" "../tm4c123gh6pm.cmd"  -l"libc.a" 
<Linking>
'Finished building target: lab12.out'
' '

**** Build Finished ****

**** Build of configuration Debug for project lab12 ****

"C:\\ti\\ccsv6\\utils\\bin\\gmake" -k all 
'Building file: ../main.c'
'Invoking: ARM Compiler'
"C:/ti/ccsv6/tools/compiler/ti-cgt-arm_5.2.6/bin/armcl" -mv7M4 --code_state=16 --float_support=FPv4SPD16 --abi=eabi -me --include_path="C:/ti/ccsv6/tools/compiler/ti-cgt-arm_5.2.6/include" --include_path="C:/ti/TivaWare_C_Series-2.1.1.71" -g --define=DEBUG --define=PART_TM4C123GH6PM --define=TARGET_IS_BLIZZARD_RB1 --display_error_number --diag_warning=225 --diag_wrap=off --preproc_with_compile --preproc_dependency="main.pp"  "../main.c"
"../main.c", line 121: error #20: identifier "UART2_Base" is undefined
"../main.c", line 122: error #66: expected a ";"
2 errors detected in the compilation of "../main.c".

>> Compilation failure
gmake: *** [main.obj] Error 1
gmake: Target `all' not remade because of errors.

**** Build Finished ****

**** Build of configuration Debug for project lab12 ****

"C:\\ti\\ccsv6\\utils\\bin\\gmake" -k all 
'Building file: ../main.c'
'Invoking: ARM Compiler'
"C:/ti/ccsv6/tools/compiler/ti-cgt-arm_5.2.6/bin/armcl" -mv7M4 --code_state=16 --float_support=FPv4SPD16 --abi=eabi -me --include_path="C:/ti/ccsv6/tools/compiler/ti-cgt-arm_5.2.6/include" --include_path="C:/ti/TivaWare_C_Series-2.1.1.71" -g --define=DEBUG --define=PART_TM4C123GH6PM --define=TARGET_IS_BLIZZARD_RB1 --display_error_number --diag_warning=225 --diag_wrap=off --preproc_with_compile --preproc_dependency="main.pp"  "../main.c"
"../main.c", line 121: error #20: identifier "UART2_Base" is undefined
1 error detected in the compilation of "../main.c".

>> Compilation failure
gmake: *** [main.obj] Error 1
gmake: Target `all' not remade because of errors.

**** Build Finished ****

**** Build of configuration Debug for project lab12 ****

"C:\\ti\\ccsv6\\utils\\bin\\gmake" -k all 
'Building file: ../main.c'
'Invoking: ARM Compiler'
"C:/ti/ccsv6/tools/compiler/ti-cgt-arm_5.2.6/bin/armcl" -mv7M4 --code_state=16 --float_support=FPv4SPD16 --abi=eabi -me --include_path="C:/ti/ccsv6/tools/compiler/ti-cgt-arm_5.2.6/include" --include_path="C:/ti/TivaWare_C_Series-2.1.1.71" -g --define=DEBUG --define=PART_TM4C123GH6PM --define=TARGET_IS_BLIZZARD_RB1 --display_error_number --diag_warning=225 --diag_wrap=off --preproc_with_compile --preproc_dependency="main.pp"  "../main.c"
'Finished building: ../main.c'
' '
'Building target: lab12.out'
'Invoking: ARM Linker'
"C:/ti/ccsv6/tools/compiler/ti-cgt-arm_5.2.6/bin/armcl" -mv7M4 --code_state=16 --float_support=FPv4SPD16 --abi=eabi -me -g --define=DEBUG --define=PART_TM4C123GH6PM --define=TARGET_IS_BLIZZARD_RB1 --display_error_number --diag_warning=225 --diag_wrap=off -z -m"lab12.map" --heap_size=0 --stack_size=2500 -i"C:/ti/ccsv6/tools/compiler/ti-cgt-arm_5.2.6/lib" -i"C:/ti/ccsv6/tools/compiler/ti-cgt-arm_5.2.6/include" --reread_libs --warn_sections --display_error_number --diag_wrap=off --xml_link_info="lab12_linkInfo.xml" --rom_model -o "lab12.out" "./main.obj" "./tm4c123g.obj" "./tm4c123gh6pm_startup_ccs.obj" "C:/ti/TivaWare_C_Series-2.1.1.71/driverlib/ccs/Debug/driverlib.lib" "../tm4c123gh6pm.cmd"  -l"libc.a" 
<Linking>
'Finished building target: lab12.out'
' '

**** Build Finished ****

**** Build of configuration Debug for project lab12 ****

"C:\\ti\\ccsv6\\utils\\bin\\gmake" -k all 
gmake: Nothing to be done for `all'.

**** Build Finished ****

**** Build of configuration Debug for project lab12 ****

"C:\\ti\\ccsv6\\utils\\bin\\gmake" -k all 
'Building file: ../main.c'
'Invoking: ARM Compiler'
"C:/ti/ccsv6/tools/compiler/ti-cgt-arm_5.2.6/bin/armcl" -mv7M4 --code_state=16 --float_support=FPv4SPD16 --abi=eabi -me --include_path="C:/ti/ccsv6/tools/compiler/ti-cgt-arm_5.2.6/include" --include_path="C:/ti/TivaWare_C_Series-2.1.1.71" -g --define=DEBUG --define=PART_TM4C123GH6PM --define=TARGET_IS_BLIZZARD_RB1 --display_error_number --diag_warning=225 --diag_wrap=off --preproc_with_compile --preproc_dependency="main.pp"  "../main.c"
'Finished building: ../main.c'
' '
'Building target: lab12.out'
'Invoking: ARM Linker'
"C:/ti/ccsv6/tools/compiler/ti-cgt-arm_5.2.6/bin/armcl" -mv7M4 --code_state=16 --float_support=FPv4SPD16 --abi=eabi -me -g --define=DEBUG --define=PART_TM4C123GH6PM --define=TARGET_IS_BLIZZARD_RB1 --display_error_number --diag_warning=225 --diag_wrap=off -z -m"lab12.map" --heap_size=0 --stack_size=2500 -i"C:/ti/ccsv6/tools/compiler/ti-cgt-arm_5.2.6/lib" -i"C:/ti/ccsv6/tools/compiler/ti-cgt-arm_5.2.6/include" --reread_libs --warn_sections --display_error_number --diag_wrap=off --xml_link_info="lab12_linkInfo.xml" --rom_model -o "lab12.out" "./main.obj" "./tm4c123g.obj" "./tm4c123gh6pm_startup_ccs.obj" "C:/ti/TivaWare_C_Series-2.1.1.71/driverlib/ccs/Debug/driverlib.lib" "../tm4c123gh6pm.cmd"  -l"libc.a" 
<Linking>
'Finished building target: lab12.out'
' '

**** Build Finished ****

**** Build of configuration Debug for project lab12 ****

"C:\\ti\\ccsv6\\utils\\bin\\gmake" -k all 
gmake: Nothing to be done for `all'.

**** Build Finished ****

**** Build of configuration Debug for project lab12 ****

"C:\\ti\\ccsv6\\utils\\bin\\gmake" -k all 
'Building file: ../main.c'
'Invoking: ARM Compiler'
"C:/ti/ccsv6/tools/compiler/ti-cgt-arm_5.2.6/bin/armcl" -mv7M4 --code_state=16 --float_support=FPv4SPD16 --abi=eabi -me --include_path="C:/ti/ccsv6/tools/compiler/ti-cgt-arm_5.2.6/include" --include_path="C:/ti/TivaWare_C_Series-2.1.1.71" -g --define=DEBUG --define=PART_TM4C123GH6PM --define=TARGET_IS_BLIZZARD_RB1 --display_error_number --diag_warning=225 --diag_wrap=off --preproc_with_compile --preproc_dependency="main.pp"  "../main.c"
'Finished building: ../main.c'
' '
'Building target: lab12.out'
'Invoking: ARM Linker'
"C:/ti/ccsv6/tools/compiler/ti-cgt-arm_5.2.6/bin/armcl" -mv7M4 --code_state=16 --float_support=FPv4SPD16 --abi=eabi -me -g --define=DEBUG --define=PART_TM4C123GH6PM --define=TARGET_IS_BLIZZARD_RB1 --display_error_number --diag_warning=225 --diag_wrap=off -z -m"lab12.map" --heap_size=0 --stack_size=2500 -i"C:/ti/ccsv6/tools/compiler/ti-cgt-arm_5.2.6/lib" -i"C:/ti/ccsv6/tools/compiler/ti-cgt-arm_5.2.6/include" --reread_libs --warn_sections --display_error_number --diag_wrap=off --xml_link_info="lab12_linkInfo.xml" --rom_model -o "lab12.out" "./main.obj" "./tm4c123g.obj" "./tm4c123gh6pm_startup_ccs.obj" "C:/ti/TivaWare_C_Series-2.1.1.71/driverlib/ccs/Debug/driverlib.lib" "../tm4c123gh6pm.cmd"  -l"libc.a" 
<Linking>
'Finished building target: lab12.out'
' '

**** Build Finished ****

**** Build of configuration Debug for project lab12 ****

"C:\\ti\\ccsv6\\utils\\bin\\gmake" -k all 
gmake: Nothing to be done for `all'.

**** Build Finished ****

**** Build of configuration Debug for project lab12 ****

"C:\\ti\\ccsv6\\utils\\bin\\gmake" -k all 
'Building file: ../main.c'
'Invoking: ARM Compiler'
"C:/ti/ccsv6/tools/compiler/ti-cgt-arm_5.2.6/bin/armcl" -mv7M4 --code_state=16 --float_support=FPv4SPD16 --abi=eabi -me --include_path="C:/ti/ccsv6/tools/compiler/ti-cgt-arm_5.2.6/include" --include_path="C:/ti/TivaWare_C_Series-2.1.1.71" -g --define=DEBUG --define=PART_TM4C123GH6PM --define=TARGET_IS_BLIZZARD_RB1 --display_error_number --diag_warning=225 --diag_wrap=off --preproc_with_compile --preproc_dependency="main.pp"  "../main.c"
'Finished building: ../main.c'
' '
'Building target: lab12.out'
'Invoking: ARM Linker'
"C:/ti/ccsv6/tools/compiler/ti-cgt-arm_5.2.6/bin/armcl" -mv7M4 --code_state=16 --float_support=FPv4SPD16 --abi=eabi -me -g --define=DEBUG --define=PART_TM4C123GH6PM --define=TARGET_IS_BLIZZARD_RB1 --display_error_number --diag_warning=225 --diag_wrap=off -z -m"lab12.map" --heap_size=0 --stack_size=2500 -i"C:/ti/ccsv6/tools/compiler/ti-cgt-arm_5.2.6/lib" -i"C:/ti/ccsv6/tools/compiler/ti-cgt-arm_5.2.6/include" --reread_libs --warn_sections --display_error_number --diag_wrap=off --xml_link_info="lab12_linkInfo.xml" --rom_model -o "lab12.out" "./main.obj" "./tm4c123g.obj" "./tm4c123gh6pm_startup_ccs.obj" "C:/ti/TivaWare_C_Series-2.1.1.71/driverlib/ccs/Debug/driverlib.lib" "../tm4c123gh6pm.cmd"  -l"libc.a" 
<Linking>
'Finished building target: lab12.out'
' '

**** Build Finished ****

**** Build of configuration Debug for project lab12 ****

"C:\\ti\\ccsv6\\utils\\bin\\gmake" -k all 
'Building file: ../main.c'
'Invoking: ARM Compiler'
"C:/ti/ccsv6/tools/compiler/ti-cgt-arm_5.2.6/bin/armcl" -mv7M4 --code_state=16 --float_support=FPv4SPD16 --abi=eabi -me --include_path="C:/ti/ccsv6/tools/compiler/ti-cgt-arm_5.2.6/include" --include_path="C:/ti/TivaWare_C_Series-2.1.1.71" -g --define=DEBUG --define=PART_TM4C123GH6PM --define=TARGET_IS_BLIZZARD_RB1 --display_error_number --diag_warning=225 --diag_wrap=off --preproc_with_compile --preproc_dependency="main.pp"  "../main.c"
'Finished building: ../main.c'
' '
'Building target: lab12.out'
'Invoking: ARM Linker'
"C:/ti/ccsv6/tools/compiler/ti-cgt-arm_5.2.6/bin/armcl" -mv7M4 --code_state=16 --float_support=FPv4SPD16 --abi=eabi -me -g --define=DEBUG --define=PART_TM4C123GH6PM --define=TARGET_IS_BLIZZARD_RB1 --display_error_number --diag_warning=225 --diag_wrap=off -z -m"lab12.map" --heap_size=0 --stack_size=2500 -i"C:/ti/ccsv6/tools/compiler/ti-cgt-arm_5.2.6/lib" -i"C:/ti/ccsv6/tools/compiler/ti-cgt-arm_5.2.6/include" --reread_libs --warn_sections --display_error_number --diag_wrap=off --xml_link_info="lab12_linkInfo.xml" --rom_model -o "lab12.out" "./main.obj" "./tm4c123g.obj" "./tm4c123gh6pm_startup_ccs.obj" "C:/ti/TivaWare_C_Series-2.1.1.71/driverlib/ccs/Debug/driverlib.lib" "../tm4c123gh6pm.cmd"  -l"libc.a" 
<Linking>
'Finished building target: lab12.out'
' '

**** Build Finished ****

**** Build of configuration Debug for project lab12 ****

"C:\\ti\\ccsv6\\utils\\bin\\gmake" -k all 
'Building file: ../main.c'
'Invoking: ARM Compiler'
"C:/ti/ccsv6/tools/compiler/ti-cgt-arm_5.2.6/bin/armcl" -mv7M4 --code_state=16 --float_support=FPv4SPD16 --abi=eabi -me --include_path="C:/ti/ccsv6/tools/compiler/ti-cgt-arm_5.2.6/include" --include_path="C:/ti/TivaWare_C_Series-2.1.1.71" -g --define=DEBUG --define=PART_TM4C123GH6PM --define=TARGET_IS_BLIZZARD_RB1 --display_error_number --diag_warning=225 --diag_wrap=off --preproc_with_compile --preproc_dependency="main.pp"  "../main.c"
'Finished building: ../main.c'
' '
'Building target: lab12.out'
'Invoking: ARM Linker'
"C:/ti/ccsv6/tools/compiler/ti-cgt-arm_5.2.6/bin/armcl" -mv7M4 --code_state=16 --float_support=FPv4SPD16 --abi=eabi -me -g --define=DEBUG --define=PART_TM4C123GH6PM --define=TARGET_IS_BLIZZARD_RB1 --display_error_number --diag_warning=225 --diag_wrap=off -z -m"lab12.map" --heap_size=0 --stack_size=2500 -i"C:/ti/ccsv6/tools/compiler/ti-cgt-arm_5.2.6/lib" -i"C:/ti/ccsv6/tools/compiler/ti-cgt-arm_5.2.6/include" --reread_libs --warn_sections --display_error_number --diag_wrap=off --xml_link_info="lab12_linkInfo.xml" --rom_model -o "lab12.out" "./main.obj" "./tm4c123g.obj" "./tm4c123gh6pm_startup_ccs.obj" "C:/ti/TivaWare_C_Series-2.1.1.71/driverlib/ccs/Debug/driverlib.lib" "../tm4c123gh6pm.cmd"  -l"libc.a" 
<Linking>
'Finished building target: lab12.out'
' '

**** Build Finished ****

**** Build of configuration Debug for project lab12 ****

"C:\\ti\\ccsv6\\utils\\bin\\gmake" -k all 
gmake: Nothing to be done for `all'.

**** Build Finished ****

**** Build of configuration Debug for project lab12 ****

"C:\\ti\\ccsv6\\utils\\bin\\gmake" -k all 
'Building file: ../main.c'
'Invoking: ARM Compiler'
"C:/ti/ccsv6/tools/compiler/ti-cgt-arm_5.2.6/bin/armcl" -mv7M4 --code_state=16 --float_support=FPv4SPD16 --abi=eabi -me --include_path="C:/ti/ccsv6/tools/compiler/ti-cgt-arm_5.2.6/include" --include_path="C:/ti/TivaWare_C_Series-2.1.1.71" -g --define=DEBUG --define=PART_TM4C123GH6PM --define=TARGET_IS_BLIZZARD_RB1 --display_error_number --diag_warning=225 --diag_wrap=off --preproc_with_compile --preproc_dependency="main.pp"  "../main.c"
'Finished building: ../main.c'
' '
'Building target: lab12.out'
'Invoking: ARM Linker'
"C:/ti/ccsv6/tools/compiler/ti-cgt-arm_5.2.6/bin/armcl" -mv7M4 --code_state=16 --float_support=FPv4SPD16 --abi=eabi -me -g --define=DEBUG --define=PART_TM4C123GH6PM --define=TARGET_IS_BLIZZARD_RB1 --display_error_number --diag_warning=225 --diag_wrap=off -z -m"lab12.map" --heap_size=0 --stack_size=2500 -i"C:/ti/ccsv6/tools/compiler/ti-cgt-arm_5.2.6/lib" -i"C:/ti/ccsv6/tools/compiler/ti-cgt-arm_5.2.6/include" --reread_libs --warn_sections --display_error_number --diag_wrap=off --xml_link_info="lab12_linkInfo.xml" --rom_model -o "lab12.out" "./main.obj" "./tm4c123g.obj" "./tm4c123gh6pm_startup_ccs.obj" "C:/ti/TivaWare_C_Series-2.1.1.71/driverlib/ccs/Debug/driverlib.lib" "../tm4c123gh6pm.cmd"  -l"libc.a" 
<Linking>
'Finished building target: lab12.out'
' '

**** Build Finished ****

**** Build of configuration Debug for project lab12 ****

"C:\\ti\\ccsv6\\utils\\bin\\gmake" -k all 
'Building file: ../main.c'
'Invoking: ARM Compiler'
"C:/ti/ccsv6/tools/compiler/ti-cgt-arm_5.2.6/bin/armcl" -mv7M4 --code_state=16 --float_support=FPv4SPD16 --abi=eabi -me --include_path="C:/ti/ccsv6/tools/compiler/ti-cgt-arm_5.2.6/include" --include_path="C:/ti/TivaWare_C_Series-2.1.1.71" -g --define=DEBUG --define=PART_TM4C123GH6PM --define=TARGET_IS_BLIZZARD_RB1 --display_error_number --diag_warning=225 --diag_wrap=off --preproc_with_compile --preproc_dependency="main.pp"  "../main.c"
'Finished building: ../main.c'
' '
'Building target: lab12.out'
'Invoking: ARM Linker'
"C:/ti/ccsv6/tools/compiler/ti-cgt-arm_5.2.6/bin/armcl" -mv7M4 --code_state=16 --float_support=FPv4SPD16 --abi=eabi -me -g --define=DEBUG --define=PART_TM4C123GH6PM --define=TARGET_IS_BLIZZARD_RB1 --display_error_number --diag_warning=225 --diag_wrap=off -z -m"lab12.map" --heap_size=0 --stack_size=2500 -i"C:/ti/ccsv6/tools/compiler/ti-cgt-arm_5.2.6/lib" -i"C:/ti/ccsv6/tools/compiler/ti-cgt-arm_5.2.6/include" --reread_libs --warn_sections --display_error_number --diag_wrap=off --xml_link_info="lab12_linkInfo.xml" --rom_model -o "lab12.out" "./main.obj" "./tm4c123g.obj" "./tm4c123gh6pm_startup_ccs.obj" "C:/ti/TivaWare_C_Series-2.1.1.71/driverlib/ccs/Debug/driverlib.lib" "../tm4c123gh6pm.cmd"  -l"libc.a" 
<Linking>
'Finished building target: lab12.out'
' '

**** Build Finished ****

**** Build of configuration Debug for project lab12 ****

"C:\\ti\\ccsv6\\utils\\bin\\gmake" -k all 
'Building file: ../main.c'
'Invoking: ARM Compiler'
"C:/ti/ccsv6/tools/compiler/ti-cgt-arm_5.2.6/bin/armcl" -mv7M4 --code_state=16 --float_support=FPv4SPD16 --abi=eabi -me --include_path="C:/ti/ccsv6/tools/compiler/ti-cgt-arm_5.2.6/include" --include_path="C:/ti/TivaWare_C_Series-2.1.1.71" -g --define=DEBUG --define=PART_TM4C123GH6PM --define=TARGET_IS_BLIZZARD_RB1 --display_error_number --diag_warning=225 --diag_wrap=off --preproc_with_compile --preproc_dependency="main.pp"  "../main.c"
'Finished building: ../main.c'
' '
'Building target: lab12.out'
'Invoking: ARM Linker'
"C:/ti/ccsv6/tools/compiler/ti-cgt-arm_5.2.6/bin/armcl" -mv7M4 --code_state=16 --float_support=FPv4SPD16 --abi=eabi -me -g --define=DEBUG --define=PART_TM4C123GH6PM --define=TARGET_IS_BLIZZARD_RB1 --display_error_number --diag_warning=225 --diag_wrap=off -z -m"lab12.map" --heap_size=0 --stack_size=2500 -i"C:/ti/ccsv6/tools/compiler/ti-cgt-arm_5.2.6/lib" -i"C:/ti/ccsv6/tools/compiler/ti-cgt-arm_5.2.6/include" --reread_libs --warn_sections --display_error_number --diag_wrap=off --xml_link_info="lab12_linkInfo.xml" --rom_model -o "lab12.out" "./main.obj" "./tm4c123g.obj" "./tm4c123gh6pm_startup_ccs.obj" "C:/ti/TivaWare_C_Series-2.1.1.71/driverlib/ccs/Debug/driverlib.lib" "../tm4c123gh6pm.cmd"  -l"libc.a" 
<Linking>
'Finished building target: lab12.out'
' '

**** Build Finished ****

**** Build of configuration Debug for project lab12 ****

"C:\\ti\\ccsv6\\utils\\bin\\gmake" -k all 
gmake: Nothing to be done for `all'.

**** Build Finished ****

**** Build of configuration Debug for project lab12 ****

"C:\\ti\\ccsv6\\utils\\bin\\gmake" -k all 
'Building file: ../main.c'
'Invoking: ARM Compiler'
"C:/ti/ccsv6/tools/compiler/ti-cgt-arm_5.2.6/bin/armcl" -mv7M4 --code_state=16 --float_support=FPv4SPD16 --abi=eabi -me --include_path="C:/ti/ccsv6/tools/compiler/ti-cgt-arm_5.2.6/include" --include_path="C:/ti/TivaWare_C_Series-2.1.1.71" -g --define=DEBUG --define=PART_TM4C123GH6PM --define=TARGET_IS_BLIZZARD_RB1 --display_error_number --diag_warning=225 --diag_wrap=off --preproc_with_compile --preproc_dependency="main.pp"  "../main.c"
'Finished building: ../main.c'
' '
'Building target: lab12.out'
'Invoking: ARM Linker'
"C:/ti/ccsv6/tools/compiler/ti-cgt-arm_5.2.6/bin/armcl" -mv7M4 --code_state=16 --float_support=FPv4SPD16 --abi=eabi -me -g --define=DEBUG --define=PART_TM4C123GH6PM --define=TARGET_IS_BLIZZARD_RB1 --display_error_number --diag_warning=225 --diag_wrap=off -z -m"lab12.map" --heap_size=0 --stack_size=2500 -i"C:/ti/ccsv6/tools/compiler/ti-cgt-arm_5.2.6/lib" -i"C:/ti/ccsv6/tools/compiler/ti-cgt-arm_5.2.6/include" --reread_libs --warn_sections --display_error_number --diag_wrap=off --xml_link_info="lab12_linkInfo.xml" --rom_model -o "lab12.out" "./main.obj" "./tm4c123g.obj" "./tm4c123gh6pm_startup_ccs.obj" "C:/ti/TivaWare_C_Series-2.1.1.71/driverlib/ccs/Debug/driverlib.lib" "../tm4c123gh6pm.cmd"  -l"libc.a" 
<Linking>
'Finished building target: lab12.out'
' '

**** Build Finished ****

**** Build of configuration Debug for project lab12 ****

"C:\\ti\\ccsv6\\utils\\bin\\gmake" -k all 
'Building file: ../main.c'
'Invoking: ARM Compiler'
"C:/ti/ccsv6/tools/compiler/ti-cgt-arm_5.2.6/bin/armcl" -mv7M4 --code_state=16 --float_support=FPv4SPD16 --abi=eabi -me --include_path="C:/ti/ccsv6/tools/compiler/ti-cgt-arm_5.2.6/include" --include_path="C:/ti/TivaWare_C_Series-2.1.1.71" -g --define=DEBUG --define=PART_TM4C123GH6PM --define=TARGET_IS_BLIZZARD_RB1 --display_error_number --diag_warning=225 --diag_wrap=off --preproc_with_compile --preproc_dependency="main.pp"  "../main.c"
'Finished building: ../main.c'
' '
'Building target: lab12.out'
'Invoking: ARM Linker'
"C:/ti/ccsv6/tools/compiler/ti-cgt-arm_5.2.6/bin/armcl" -mv7M4 --code_state=16 --float_support=FPv4SPD16 --abi=eabi -me -g --define=DEBUG --define=PART_TM4C123GH6PM --define=TARGET_IS_BLIZZARD_RB1 --display_error_number --diag_warning=225 --diag_wrap=off -z -m"lab12.map" --heap_size=0 --stack_size=2500 -i"C:/ti/ccsv6/tools/compiler/ti-cgt-arm_5.2.6/lib" -i"C:/ti/ccsv6/tools/compiler/ti-cgt-arm_5.2.6/include" --reread_libs --warn_sections --display_error_number --diag_wrap=off --xml_link_info="lab12_linkInfo.xml" --rom_model -o "lab12.out" "./main.obj" "./tm4c123g.obj" "./tm4c123gh6pm_startup_ccs.obj" "C:/ti/TivaWare_C_Series-2.1.1.71/driverlib/ccs/Debug/driverlib.lib" "../tm4c123gh6pm.cmd"  -l"libc.a" 
<Linking>
'Finished building target: lab12.out'
' '

**** Build Finished ****

**** Build of configuration Debug for project lab12 ****

"C:\\ti\\ccsv6\\utils\\bin\\gmake" -k all 
'Building file: ../main.c'
'Invoking: ARM Compiler'
"C:/ti/ccsv6/tools/compiler/ti-cgt-arm_5.2.6/bin/armcl" -mv7M4 --code_state=16 --float_support=FPv4SPD16 --abi=eabi -me --include_path="C:/ti/ccsv6/tools/compiler/ti-cgt-arm_5.2.6/include" --include_path="C:/ti/TivaWare_C_Series-2.1.1.71" -g --define=DEBUG --define=PART_TM4C123GH6PM --define=TARGET_IS_BLIZZARD_RB1 --display_error_number --diag_warning=225 --diag_wrap=off --preproc_with_compile --preproc_dependency="main.pp"  "../main.c"
'Finished building: ../main.c'
' '
'Building target: lab12.out'
'Invoking: ARM Linker'
"C:/ti/ccsv6/tools/compiler/ti-cgt-arm_5.2.6/bin/armcl" -mv7M4 --code_state=16 --float_support=FPv4SPD16 --abi=eabi -me -g --define=DEBUG --define=PART_TM4C123GH6PM --define=TARGET_IS_BLIZZARD_RB1 --display_error_number --diag_warning=225 --diag_wrap=off -z -m"lab12.map" --heap_size=0 --stack_size=2500 -i"C:/ti/ccsv6/tools/compiler/ti-cgt-arm_5.2.6/lib" -i"C:/ti/ccsv6/tools/compiler/ti-cgt-arm_5.2.6/include" --reread_libs --warn_sections --display_error_number --diag_wrap=off --xml_link_info="lab12_linkInfo.xml" --rom_model -o "lab12.out" "./main.obj" "./tm4c123g.obj" "./tm4c123gh6pm_startup_ccs.obj" "C:/ti/TivaWare_C_Series-2.1.1.71/driverlib/ccs/Debug/driverlib.lib" "../tm4c123gh6pm.cmd"  -l"libc.a" 
<Linking>
'Finished building target: lab12.out'
' '

**** Build Finished ****

**** Build of configuration Debug for project lab12 ****

"C:\\ti\\ccsv6\\utils\\bin\\gmake" -k all 
'Building file: ../main.c'
'Invoking: ARM Compiler'
"C:/ti/ccsv6/tools/compiler/ti-cgt-arm_5.2.6/bin/armcl" -mv7M4 --code_state=16 --float_support=FPv4SPD16 --abi=eabi -me --include_path="C:/ti/ccsv6/tools/compiler/ti-cgt-arm_5.2.6/include" --include_path="C:/ti/TivaWare_C_Series-2.1.1.71" -g --define=DEBUG --define=PART_TM4C123GH6PM --define=TARGET_IS_BLIZZARD_RB1 --display_error_number --diag_warning=225 --diag_wrap=off --preproc_with_compile --preproc_dependency="main.pp"  "../main.c"
'Finished building: ../main.c'
' '
'Building target: lab12.out'
'Invoking: ARM Linker'
"C:/ti/ccsv6/tools/compiler/ti-cgt-arm_5.2.6/bin/armcl" -mv7M4 --code_state=16 --float_support=FPv4SPD16 --abi=eabi -me -g --define=DEBUG --define=PART_TM4C123GH6PM --define=TARGET_IS_BLIZZARD_RB1 --display_error_number --diag_warning=225 --diag_wrap=off -z -m"lab12.map" --heap_size=0 --stack_size=2500 -i"C:/ti/ccsv6/tools/compiler/ti-cgt-arm_5.2.6/lib" -i"C:/ti/ccsv6/tools/compiler/ti-cgt-arm_5.2.6/include" --reread_libs --warn_sections --display_error_number --diag_wrap=off --xml_link_info="lab12_linkInfo.xml" --rom_model -o "lab12.out" "./main.obj" "./tm4c123g.obj" "./tm4c123gh6pm_startup_ccs.obj" "C:/ti/TivaWare_C_Series-2.1.1.71/driverlib/ccs/Debug/driverlib.lib" "../tm4c123gh6pm.cmd"  -l"libc.a" 
<Linking>
'Finished building target: lab12.out'
' '

**** Build Finished ****

**** Build of configuration Debug for project lab12 ****

"C:\\ti\\ccsv6\\utils\\bin\\gmake" -k all 
'Building file: ../main.c'
'Invoking: ARM Compiler'
"C:/ti/ccsv6/tools/compiler/ti-cgt-arm_5.2.6/bin/armcl" -mv7M4 --code_state=16 --float_support=FPv4SPD16 --abi=eabi -me --include_path="C:/ti/ccsv6/tools/compiler/ti-cgt-arm_5.2.6/include" --include_path="C:/ti/TivaWare_C_Series-2.1.1.71" -g --define=DEBUG --define=PART_TM4C123GH6PM --define=TARGET_IS_BLIZZARD_RB1 --display_error_number --diag_warning=225 --diag_wrap=off --preproc_with_compile --preproc_dependency="main.pp"  "../main.c"
'Finished building: ../main.c'
' '
'Building target: lab12.out'
'Invoking: ARM Linker'
"C:/ti/ccsv6/tools/compiler/ti-cgt-arm_5.2.6/bin/armcl" -mv7M4 --code_state=16 --float_support=FPv4SPD16 --abi=eabi -me -g --define=DEBUG --define=PART_TM4C123GH6PM --define=TARGET_IS_BLIZZARD_RB1 --display_error_number --diag_warning=225 --diag_wrap=off -z -m"lab12.map" --heap_size=0 --stack_size=2500 -i"C:/ti/ccsv6/tools/compiler/ti-cgt-arm_5.2.6/lib" -i"C:/ti/ccsv6/tools/compiler/ti-cgt-arm_5.2.6/include" --reread_libs --warn_sections --display_error_number --diag_wrap=off --xml_link_info="lab12_linkInfo.xml" --rom_model -o "lab12.out" "./main.obj" "./tm4c123g.obj" "./tm4c123gh6pm_startup_ccs.obj" "C:/ti/TivaWare_C_Series-2.1.1.71/driverlib/ccs/Debug/driverlib.lib" "../tm4c123gh6pm.cmd"  -l"libc.a" 
<Linking>
'Finished building target: lab12.out'
' '

**** Build Finished ****

**** Build of configuration Debug for project lab12 ****

"C:\\ti\\ccsv6\\utils\\bin\\gmake" -k all 
gmake: Nothing to be done for `all'.

**** Build Finished ****

**** Build of configuration Debug for project lab12 ****

"C:\\ti\\ccsv6\\utils\\bin\\gmake" -k all 
'Building file: ../main.c'
'Invoking: ARM Compiler'
"C:/ti/ccsv6/tools/compiler/ti-cgt-arm_5.2.6/bin/armcl" -mv7M4 --code_state=16 --float_support=FPv4SPD16 --abi=eabi -me --include_path="C:/ti/ccsv6/tools/compiler/ti-cgt-arm_5.2.6/include" --include_path="C:/ti/TivaWare_C_Series-2.1.1.71" -g --define=DEBUG --define=PART_TM4C123GH6PM --define=TARGET_IS_BLIZZARD_RB1 --display_error_number --diag_warning=225 --diag_wrap=off --preproc_with_compile --preproc_dependency="main.pp"  "../main.c"
'Finished building: ../main.c'
' '
'Building target: lab12.out'
'Invoking: ARM Linker'
"C:/ti/ccsv6/tools/compiler/ti-cgt-arm_5.2.6/bin/armcl" -mv7M4 --code_state=16 --float_support=FPv4SPD16 --abi=eabi -me -g --define=DEBUG --define=PART_TM4C123GH6PM --define=TARGET_IS_BLIZZARD_RB1 --display_error_number --diag_warning=225 --diag_wrap=off -z -m"lab12.map" --heap_size=0 --stack_size=2500 -i"C:/ti/ccsv6/tools/compiler/ti-cgt-arm_5.2.6/lib" -i"C:/ti/ccsv6/tools/compiler/ti-cgt-arm_5.2.6/include" --reread_libs --warn_sections --display_error_number --diag_wrap=off --xml_link_info="lab12_linkInfo.xml" --rom_model -o "lab12.out" "./main.obj" "./tm4c123g.obj" "./tm4c123gh6pm_startup_ccs.obj" "C:/ti/TivaWare_C_Series-2.1.1.71/driverlib/ccs/Debug/driverlib.lib" "../tm4c123gh6pm.cmd"  -l"libc.a" 
<Linking>
'Finished building target: lab12.out'
' '

**** Build Finished ****

**** Build of configuration Debug for project lab12 ****

"C:\\ti\\ccsv6\\utils\\bin\\gmake" -k all 
'Building file: ../main.c'
'Invoking: ARM Compiler'
"C:/ti/ccsv6/tools/compiler/ti-cgt-arm_5.2.6/bin/armcl" -mv7M4 --code_state=16 --float_support=FPv4SPD16 --abi=eabi -me --include_path="C:/ti/ccsv6/tools/compiler/ti-cgt-arm_5.2.6/include" --include_path="C:/ti/TivaWare_C_Series-2.1.1.71" -g --define=DEBUG --define=PART_TM4C123GH6PM --define=TARGET_IS_BLIZZARD_RB1 --display_error_number --diag_warning=225 --diag_wrap=off --preproc_with_compile --preproc_dependency="main.pp"  "../main.c"
'Finished building: ../main.c'
' '
'Building target: lab12.out'
'Invoking: ARM Linker'
"C:/ti/ccsv6/tools/compiler/ti-cgt-arm_5.2.6/bin/armcl" -mv7M4 --code_state=16 --float_support=FPv4SPD16 --abi=eabi -me -g --define=DEBUG --define=PART_TM4C123GH6PM --define=TARGET_IS_BLIZZARD_RB1 --display_error_number --diag_warning=225 --diag_wrap=off -z -m"lab12.map" --heap_size=0 --stack_size=2500 -i"C:/ti/ccsv6/tools/compiler/ti-cgt-arm_5.2.6/lib" -i"C:/ti/ccsv6/tools/compiler/ti-cgt-arm_5.2.6/include" --reread_libs --warn_sections --display_error_number --diag_wrap=off --xml_link_info="lab12_linkInfo.xml" --rom_model -o "lab12.out" "./main.obj" "./tm4c123g.obj" "./tm4c123gh6pm_startup_ccs.obj" "C:/ti/TivaWare_C_Series-2.1.1.71/driverlib/ccs/Debug/driverlib.lib" "../tm4c123gh6pm.cmd"  -l"libc.a" 
<Linking>
'Finished building target: lab12.out'
' '

**** Build Finished ****

**** Build of configuration Debug for project lab12 ****

"C:\\ti\\ccsv6\\utils\\bin\\gmake" -k all 
'Building file: ../main.c'
'Invoking: ARM Compiler'
"C:/ti/ccsv6/tools/compiler/ti-cgt-arm_5.2.6/bin/armcl" -mv7M4 --code_state=16 --float_support=FPv4SPD16 --abi=eabi -me --include_path="C:/ti/ccsv6/tools/compiler/ti-cgt-arm_5.2.6/include" --include_path="C:/ti/TivaWare_C_Series-2.1.1.71" -g --define=DEBUG --define=PART_TM4C123GH6PM --define=TARGET_IS_BLIZZARD_RB1 --display_error_number --diag_warning=225 --diag_wrap=off --preproc_with_compile --preproc_dependency="main.pp"  "../main.c"
'Finished building: ../main.c'
' '
'Building target: lab12.out'
'Invoking: ARM Linker'
"C:/ti/ccsv6/tools/compiler/ti-cgt-arm_5.2.6/bin/armcl" -mv7M4 --code_state=16 --float_support=FPv4SPD16 --abi=eabi -me -g --define=DEBUG --define=PART_TM4C123GH6PM --define=TARGET_IS_BLIZZARD_RB1 --display_error_number --diag_warning=225 --diag_wrap=off -z -m"lab12.map" --heap_size=0 --stack_size=2500 -i"C:/ti/ccsv6/tools/compiler/ti-cgt-arm_5.2.6/lib" -i"C:/ti/ccsv6/tools/compiler/ti-cgt-arm_5.2.6/include" --reread_libs --warn_sections --display_error_number --diag_wrap=off --xml_link_info="lab12_linkInfo.xml" --rom_model -o "lab12.out" "./main.obj" "./tm4c123g.obj" "./tm4c123gh6pm_startup_ccs.obj" "C:/ti/TivaWare_C_Series-2.1.1.71/driverlib/ccs/Debug/driverlib.lib" "../tm4c123gh6pm.cmd"  -l"libc.a" 
<Linking>
'Finished building target: lab12.out'
' '

**** Build Finished ****

**** Build of configuration Debug for project lab12 ****

"C:\\ti\\ccsv6\\utils\\bin\\gmake" -k all 
'Building target: lab12.out'
'Invoking: ARM Linker'
"C:/ti/ccsv6/tools/compiler/ti-cgt-arm_5.2.6/bin/armcl" -mv7M4 --code_state=16 --float_support=FPv4SPD16 --abi=eabi -me -g --define=DEBUG --define=PART_TM4C123GH6PM --define=TARGET_IS_BLIZZARD_RB1 --display_error_number --diag_warning=225 --diag_wrap=off -z -m"lab12.map" --heap_size=0 --stack_size=2500 -i"C:/ti/ccsv6/tools/compiler/ti-cgt-arm_5.2.6/lib" -i"C:/ti/ccsv6/tools/compiler/ti-cgt-arm_5.2.6/include" --reread_libs --warn_sections --display_error_number --diag_wrap=off --xml_link_info="lab12_linkInfo.xml" --rom_model -o "lab12.out" "./tm4c123g.obj" "./tm4c123gh6pm_startup_ccs.obj" "C:/ti/TivaWare_C_Series-2.1.1.71/driverlib/ccs/Debug/driverlib.lib" "../tm4c123gh6pm.cmd"  -l"libc.a" 
<Linking>

 undefined first referenced                                                                            
  symbol       in file                                                                                 
 --------- ----------------                                                                            
 main      C:\ti\ccsv6\tools\compiler\ti-cgt-arm_5.2.6\lib\rtsv7M4_T_le_v4SPD16_eabi.lib<args_main.obj>

error #10234-D: unresolved symbols remain

>> Compilation failure
error #10010: errors encountered during linking; "lab12.out" not built
gmake: *** [lab12.out] Error 1
gmake: Target `all' not remade because of errors.

**** Build Finished ****

**** Build of configuration Debug for project lab12 ****

"C:\\ti\\ccsv6\\utils\\bin\\gmake" -k all 
'Building file: ../main.c'
'Invoking: ARM Compiler'
"C:/ti/ccsv6/tools/compiler/ti-cgt-arm_5.2.6/bin/armcl" -mv7M4 --code_state=16 --float_support=FPv4SPD16 --abi=eabi -me --include_path="C:/ti/ccsv6/tools/compiler/ti-cgt-arm_5.2.6/include" --include_path="C:/ti/TivaWare_C_Series-2.1.1.71" -g --define=DEBUG --define=PART_TM4C123GH6PM --define=TARGET_IS_BLIZZARD_RB1 --display_error_number --diag_warning=225 --diag_wrap=off --preproc_with_compile --preproc_dependency="main.pp"  "../main.c"
'Finished building: ../main.c'
' '
'Building target: lab12.out'
'Invoking: ARM Linker'
"C:/ti/ccsv6/tools/compiler/ti-cgt-arm_5.2.6/bin/armcl" -mv7M4 --code_state=16 --float_support=FPv4SPD16 --abi=eabi -me -g --define=DEBUG --define=PART_TM4C123GH6PM --define=TARGET_IS_BLIZZARD_RB1 --display_error_number --diag_warning=225 --diag_wrap=off -z -m"lab12.map" --heap_size=0 --stack_size=2500 -i"C:/ti/ccsv6/tools/compiler/ti-cgt-arm_5.2.6/lib" -i"C:/ti/ccsv6/tools/compiler/ti-cgt-arm_5.2.6/include" --reread_libs --warn_sections --display_error_number --diag_wrap=off --xml_link_info="lab12_linkInfo.xml" --rom_model -o "lab12.out" "./main.obj" "./tm4c123g.obj" "./tm4c123gh6pm_startup_ccs.obj" "C:/ti/TivaWare_C_Series-2.1.1.71/driverlib/ccs/Debug/driverlib.lib" "../tm4c123gh6pm.cmd"  -l"libc.a" 
<Linking>
'Finished building target: lab12.out'
' '

**** Build Finished ****

**** Build of configuration Debug for project lab12 ****

"C:\\ti\\ccsv6\\utils\\bin\\gmake" -k all 
gmake: Nothing to be done for `all'.

**** Build Finished ****

**** Build of configuration Debug for project lab12 ****

"C:\\ti\\ccsv6\\utils\\bin\\gmake" -k all 
'Building file: ../main.c'
'Invoking: ARM Compiler'
"C:/ti/ccsv6/tools/compiler/ti-cgt-arm_5.2.6/bin/armcl" -mv7M4 --code_state=16 --float_support=FPv4SPD16 --abi=eabi -me --include_path="C:/ti/ccsv6/tools/compiler/ti-cgt-arm_5.2.6/include" --include_path="C:/ti/TivaWare_C_Series-2.1.1.71" -g --define=DEBUG --define=PART_TM4C123GH6PM --define=TARGET_IS_BLIZZARD_RB1 --display_error_number --diag_warning=225 --diag_wrap=off --preproc_with_compile --preproc_dependency="main.pp"  "../main.c"
'Finished building: ../main.c'
' '
'Building target: lab12.out'
'Invoking: ARM Linker'
"C:/ti/ccsv6/tools/compiler/ti-cgt-arm_5.2.6/bin/armcl" -mv7M4 --code_state=16 --float_support=FPv4SPD16 --abi=eabi -me -g --define=DEBUG --define=PART_TM4C123GH6PM --define=TARGET_IS_BLIZZARD_RB1 --display_error_number --diag_warning=225 --diag_wrap=off -z -m"lab12.map" --heap_size=0 --stack_size=2500 -i"C:/ti/ccsv6/tools/compiler/ti-cgt-arm_5.2.6/lib" -i"C:/ti/ccsv6/tools/compiler/ti-cgt-arm_5.2.6/include" --reread_libs --warn_sections --display_error_number --diag_wrap=off --xml_link_info="lab12_linkInfo.xml" --rom_model -o "lab12.out" "./main.obj" "./tm4c123g.obj" "./tm4c123gh6pm_startup_ccs.obj" "C:/ti/TivaWare_C_Series-2.1.1.71/driverlib/ccs/Debug/driverlib.lib" "../tm4c123gh6pm.cmd"  -l"libc.a" 
<Linking>
'Finished building target: lab12.out'
' '

**** Build Finished ****

**** Build of configuration Debug for project lab12 ****

"C:\\ti\\ccsv6\\utils\\bin\\gmake" -k all 
'Building file: ../main.c'
'Invoking: ARM Compiler'
"C:/ti/ccsv6/tools/compiler/ti-cgt-arm_5.2.6/bin/armcl" -mv7M4 --code_state=16 --float_support=FPv4SPD16 --abi=eabi -me --include_path="C:/ti/ccsv6/tools/compiler/ti-cgt-arm_5.2.6/include" --include_path="C:/ti/TivaWare_C_Series-2.1.1.71" -g --define=DEBUG --define=PART_TM4C123GH6PM --define=TARGET_IS_BLIZZARD_RB1 --display_error_number --diag_warning=225 --diag_wrap=off --preproc_with_compile --preproc_dependency="main.pp"  "../main.c"
'Finished building: ../main.c'
' '
'Building target: lab12.out'
'Invoking: ARM Linker'
"C:/ti/ccsv6/tools/compiler/ti-cgt-arm_5.2.6/bin/armcl" -mv7M4 --code_state=16 --float_support=FPv4SPD16 --abi=eabi -me -g --define=DEBUG --define=PART_TM4C123GH6PM --define=TARGET_IS_BLIZZARD_RB1 --display_error_number --diag_warning=225 --diag_wrap=off -z -m"lab12.map" --heap_size=0 --stack_size=2500 -i"C:/ti/ccsv6/tools/compiler/ti-cgt-arm_5.2.6/lib" -i"C:/ti/ccsv6/tools/compiler/ti-cgt-arm_5.2.6/include" --reread_libs --warn_sections --display_error_number --diag_wrap=off --xml_link_info="lab12_linkInfo.xml" --rom_model -o "lab12.out" "./main.obj" "./tm4c123g.obj" "./tm4c123gh6pm_startup_ccs.obj" "C:/ti/TivaWare_C_Series-2.1.1.71/driverlib/ccs/Debug/driverlib.lib" "../tm4c123gh6pm.cmd"  -l"libc.a" 
<Linking>
'Finished building target: lab12.out'
' '

**** Build Finished ****

**** Build of configuration Debug for project lab12 ****

"C:\\ti\\ccsv6\\utils\\bin\\gmake" -k all 
gmake: Nothing to be done for `all'.

**** Build Finished ****

**** Build of configuration Debug for project lab12 ****

"C:\\ti\\ccsv6\\utils\\bin\\gmake" -k all 
'Building file: ../main.c'
'Invoking: ARM Compiler'
"C:/ti/ccsv6/tools/compiler/ti-cgt-arm_5.2.6/bin/armcl" -mv7M4 --code_state=16 --float_support=FPv4SPD16 --abi=eabi -me --include_path="C:/ti/ccsv6/tools/compiler/ti-cgt-arm_5.2.6/include" --include_path="C:/ti/TivaWare_C_Series-2.1.1.71" -g --define=DEBUG --define=PART_TM4C123GH6PM --define=TARGET_IS_BLIZZARD_RB1 --display_error_number --diag_warning=225 --diag_wrap=off --preproc_with_compile --preproc_dependency="main.pp"  "../main.c"
'Finished building: ../main.c'
' '
'Building target: lab12.out'
'Invoking: ARM Linker'
"C:/ti/ccsv6/tools/compiler/ti-cgt-arm_5.2.6/bin/armcl" -mv7M4 --code_state=16 --float_support=FPv4SPD16 --abi=eabi -me -g --define=DEBUG --define=PART_TM4C123GH6PM --define=TARGET_IS_BLIZZARD_RB1 --display_error_number --diag_warning=225 --diag_wrap=off -z -m"lab12.map" --heap_size=0 --stack_size=2500 -i"C:/ti/ccsv6/tools/compiler/ti-cgt-arm_5.2.6/lib" -i"C:/ti/ccsv6/tools/compiler/ti-cgt-arm_5.2.6/include" --reread_libs --warn_sections --display_error_number --diag_wrap=off --xml_link_info="lab12_linkInfo.xml" --rom_model -o "lab12.out" "./main.obj" "./tm4c123g.obj" "./tm4c123gh6pm_startup_ccs.obj" "C:/ti/TivaWare_C_Series-2.1.1.71/driverlib/ccs/Debug/driverlib.lib" "../tm4c123gh6pm.cmd"  -l"libc.a" 
<Linking>
'Finished building target: lab12.out'
' '

**** Build Finished ****

**** Build of configuration Debug for project lab12 ****

"C:\\ti\\ccsv6\\utils\\bin\\gmake" -k all 
'Building file: ../main.c'
'Invoking: ARM Compiler'
"C:/ti/ccsv6/tools/compiler/ti-cgt-arm_5.2.6/bin/armcl" -mv7M4 --code_state=16 --float_support=FPv4SPD16 --abi=eabi -me --include_path="C:/ti/ccsv6/tools/compiler/ti-cgt-arm_5.2.6/include" --include_path="C:/ti/TivaWare_C_Series-2.1.1.71" -g --define=DEBUG --define=PART_TM4C123GH6PM --define=TARGET_IS_BLIZZARD_RB1 --display_error_number --diag_warning=225 --diag_wrap=off --preproc_with_compile --preproc_dependency="main.pp"  "../main.c"
'Finished building: ../main.c'
' '
'Building target: lab12.out'
'Invoking: ARM Linker'
"C:/ti/ccsv6/tools/compiler/ti-cgt-arm_5.2.6/bin/armcl" -mv7M4 --code_state=16 --float_support=FPv4SPD16 --abi=eabi -me -g --define=DEBUG --define=PART_TM4C123GH6PM --define=TARGET_IS_BLIZZARD_RB1 --display_error_number --diag_warning=225 --diag_wrap=off -z -m"lab12.map" --heap_size=0 --stack_size=2500 -i"C:/ti/ccsv6/tools/compiler/ti-cgt-arm_5.2.6/lib" -i"C:/ti/ccsv6/tools/compiler/ti-cgt-arm_5.2.6/include" --reread_libs --warn_sections --display_error_number --diag_wrap=off --xml_link_info="lab12_linkInfo.xml" --rom_model -o "lab12.out" "./main.obj" "./tm4c123g.obj" "./tm4c123gh6pm_startup_ccs.obj" "C:/ti/TivaWare_C_Series-2.1.1.71/driverlib/ccs/Debug/driverlib.lib" "../tm4c123gh6pm.cmd"  -l"libc.a" 
<Linking>
'Finished building target: lab12.out'
' '

**** Build Finished ****

**** Build of configuration Debug for project lab12 ****

"C:\\ti\\ccsv6\\utils\\bin\\gmake" -k all 
'Building file: ../main.c'
'Invoking: ARM Compiler'
"C:/ti/ccsv6/tools/compiler/ti-cgt-arm_5.2.6/bin/armcl" -mv7M4 --code_state=16 --float_support=FPv4SPD16 --abi=eabi -me --include_path="C:/ti/ccsv6/tools/compiler/ti-cgt-arm_5.2.6/include" --include_path="C:/ti/TivaWare_C_Series-2.1.1.71" -g --define=DEBUG --define=PART_TM4C123GH6PM --define=TARGET_IS_BLIZZARD_RB1 --display_error_number --diag_warning=225 --diag_wrap=off --preproc_with_compile --preproc_dependency="main.pp"  "../main.c"
'Finished building: ../main.c'
' '
'Building target: lab12.out'
'Invoking: ARM Linker'
"C:/ti/ccsv6/tools/compiler/ti-cgt-arm_5.2.6/bin/armcl" -mv7M4 --code_state=16 --float_support=FPv4SPD16 --abi=eabi -me -g --define=DEBUG --define=PART_TM4C123GH6PM --define=TARGET_IS_BLIZZARD_RB1 --display_error_number --diag_warning=225 --diag_wrap=off -z -m"lab12.map" --heap_size=0 --stack_size=2500 -i"C:/ti/ccsv6/tools/compiler/ti-cgt-arm_5.2.6/lib" -i"C:/ti/ccsv6/tools/compiler/ti-cgt-arm_5.2.6/include" --reread_libs --warn_sections --display_error_number --diag_wrap=off --xml_link_info="lab12_linkInfo.xml" --rom_model -o "lab12.out" "./main.obj" "./tm4c123g.obj" "./tm4c123gh6pm_startup_ccs.obj" "C:/ti/TivaWare_C_Series-2.1.1.71/driverlib/ccs/Debug/driverlib.lib" "../tm4c123gh6pm.cmd"  -l"libc.a" 
<Linking>
'Finished building target: lab12.out'
' '

**** Build Finished ****

**** Build of configuration Debug for project lab12 ****

"C:\\ti\\ccsv6\\utils\\bin\\gmake" -k all 
'Building file: ../main.c'
'Invoking: ARM Compiler'
"C:/ti/ccsv6/tools/compiler/ti-cgt-arm_5.2.6/bin/armcl" -mv7M4 --code_state=16 --float_support=FPv4SPD16 --abi=eabi -me --include_path="C:/ti/ccsv6/tools/compiler/ti-cgt-arm_5.2.6/include" --include_path="C:/ti/TivaWare_C_Series-2.1.1.71" -g --define=DEBUG --define=PART_TM4C123GH6PM --define=TARGET_IS_BLIZZARD_RB1 --display_error_number --diag_warning=225 --diag_wrap=off --preproc_with_compile --preproc_dependency="main.pp"  "../main.c"
"../main.c", line 87: error #169: argument of type "void" is incompatible with parameter of type "void (*)(void)"
1 error detected in the compilation of "../main.c".

>> Compilation failure
gmake: *** [main.obj] Error 1
gmake: Target `all' not remade because of errors.

**** Build Finished ****

**** Build of configuration Debug for project lab12 ****

"C:\\ti\\ccsv6\\utils\\bin\\gmake" -k all 
'Building file: ../main.c'
'Invoking: ARM Compiler'
"C:/ti/ccsv6/tools/compiler/ti-cgt-arm_5.2.6/bin/armcl" -mv7M4 --code_state=16 --float_support=FPv4SPD16 --abi=eabi -me --include_path="C:/ti/ccsv6/tools/compiler/ti-cgt-arm_5.2.6/include" --include_path="C:/ti/TivaWare_C_Series-2.1.1.71" -g --define=DEBUG --define=PART_TM4C123GH6PM --define=TARGET_IS_BLIZZARD_RB1 --display_error_number --diag_warning=225 --diag_wrap=off --preproc_with_compile --preproc_dependency="main.pp"  "../main.c"
"../main.c", line 87: error #160: expression must be an lvalue or a function designator
1 error detected in the compilation of "../main.c".

>> Compilation failure
gmake: *** [main.obj] Error 1
gmake: Target `all' not remade because of errors.

**** Build Finished ****

**** Build of configuration Debug for project lab12 ****

"C:\\ti\\ccsv6\\utils\\bin\\gmake" -k all 
'Building file: ../main.c'
'Invoking: ARM Compiler'
"C:/ti/ccsv6/tools/compiler/ti-cgt-arm_5.2.6/bin/armcl" -mv7M4 --code_state=16 --float_support=FPv4SPD16 --abi=eabi -me --include_path="C:/ti/ccsv6/tools/compiler/ti-cgt-arm_5.2.6/include" --include_path="C:/ti/TivaWare_C_Series-2.1.1.71" -g --define=DEBUG --define=PART_TM4C123GH6PM --define=TARGET_IS_BLIZZARD_RB1 --display_error_number --diag_warning=225 --diag_wrap=off --preproc_with_compile --preproc_dependency="main.pp"  "../main.c"
"../main.c", line 48: error #41: expected an identifier
"../main.c", line 87: warning #225-D: function "UARTIntHandler" declared implicitly
"../main.c", line 87: warning #169-D: argument of type "int" is incompatible with parameter of type "void (*)(void)"
1 error detected in the compilation of "../main.c".

>> Compilation failure
gmake: *** [main.obj] Error 1
gmake: Target `all' not remade because of errors.

**** Build Finished ****

**** Build of configuration Debug for project lab12 ****

"C:\\ti\\ccsv6\\utils\\bin\\gmake" -k all 
'Building file: ../main.c'
'Invoking: ARM Compiler'
"C:/ti/ccsv6/tools/compiler/ti-cgt-arm_5.2.6/bin/armcl" -mv7M4 --code_state=16 --float_support=FPv4SPD16 --abi=eabi -me --include_path="C:/ti/ccsv6/tools/compiler/ti-cgt-arm_5.2.6/include" --include_path="C:/ti/TivaWare_C_Series-2.1.1.71" -g --define=DEBUG --define=PART_TM4C123GH6PM --define=TARGET_IS_BLIZZARD_RB1 --display_error_number --diag_warning=225 --diag_wrap=off --preproc_with_compile --preproc_dependency="main.pp"  "../main.c"
"../main.c", line 63: warning #994-D: missing return statement at end of non-void function "UARTIntHandler"
"../main.c", line 87: warning #169-D: argument of type "void *" is incompatible with parameter of type "void (*)(void)"
'Finished building: ../main.c'
' '
'Building target: lab12.out'
'Invoking: ARM Linker'
"C:/ti/ccsv6/tools/compiler/ti-cgt-arm_5.2.6/bin/armcl" -mv7M4 --code_state=16 --float_support=FPv4SPD16 --abi=eabi -me -g --define=DEBUG --define=PART_TM4C123GH6PM --define=TARGET_IS_BLIZZARD_RB1 --display_error_number --diag_warning=225 --diag_wrap=off -z -m"lab12.map" --heap_size=0 --stack_size=2500 -i"C:/ti/ccsv6/tools/compiler/ti-cgt-arm_5.2.6/lib" -i"C:/ti/ccsv6/tools/compiler/ti-cgt-arm_5.2.6/include" --reread_libs --warn_sections --display_error_number --diag_wrap=off --xml_link_info="lab12_linkInfo.xml" --rom_model -o "lab12.out" "./main.obj" "./tm4c123g.obj" "./tm4c123gh6pm_startup_ccs.obj" "C:/ti/TivaWare_C_Series-2.1.1.71/driverlib/ccs/Debug/driverlib.lib" "../tm4c123gh6pm.cmd"  -l"libc.a" 
<Linking>
'Finished building target: lab12.out'
' '

**** Build Finished ****

**** Build of configuration Debug for project lab12 ****

"C:\\ti\\ccsv6\\utils\\bin\\gmake" -k all 
'Building file: ../main.c'
'Invoking: ARM Compiler'
"C:/ti/ccsv6/tools/compiler/ti-cgt-arm_5.2.6/bin/armcl" -mv7M4 --code_state=16 --float_support=FPv4SPD16 --abi=eabi -me --include_path="C:/ti/ccsv6/tools/compiler/ti-cgt-arm_5.2.6/include" --include_path="C:/ti/TivaWare_C_Series-2.1.1.71" -g --define=DEBUG --define=PART_TM4C123GH6PM --define=TARGET_IS_BLIZZARD_RB1 --display_error_number --diag_warning=225 --diag_wrap=off --preproc_with_compile --preproc_dependency="main.pp"  "../main.c"
"../main.c", line 87: error #169: argument of type "void" is incompatible with parameter of type "void (*)(void)"
1 error detected in the compilation of "../main.c".

>> Compilation failure
gmake: *** [main.obj] Error 1
gmake: Target `all' not remade because of errors.

**** Build Finished ****

**** Build of configuration Debug for project lab12 ****

"C:\\ti\\ccsv6\\utils\\bin\\gmake" -k all 
'Building file: ../main.c'
'Invoking: ARM Compiler'
"C:/ti/ccsv6/tools/compiler/ti-cgt-arm_5.2.6/bin/armcl" -mv7M4 --code_state=16 --float_support=FPv4SPD16 --abi=eabi -me --include_path="C:/ti/ccsv6/tools/compiler/ti-cgt-arm_5.2.6/include" --include_path="C:/ti/TivaWare_C_Series-2.1.1.71" -g --define=DEBUG --define=PART_TM4C123GH6PM --define=TARGET_IS_BLIZZARD_RB1 --display_error_number --diag_warning=225 --diag_wrap=off --preproc_with_compile --preproc_dependency="main.pp"  "../main.c"
"../main.c", line 87: error #29: expected an expression
"../main.c", line 87: warning #141-D: too many arguments in function call
"../main.c", line 87: error #169: argument of type "void" is incompatible with parameter of type "void (*)(void)"
2 errors detected in the compilation of "../main.c".

>> Compilation failure
gmake: *** [main.obj] Error 1
gmake: Target `all' not remade because of errors.

**** Build Finished ****

**** Build of configuration Debug for project lab12 ****

"C:\\ti\\ccsv6\\utils\\bin\\gmake" -k all 
'Building file: ../main.c'
'Invoking: ARM Compiler'
"C:/ti/ccsv6/tools/compiler/ti-cgt-arm_5.2.6/bin/armcl" -mv7M4 --code_state=16 --float_support=FPv4SPD16 --abi=eabi -me --include_path="C:/ti/ccsv6/tools/compiler/ti-cgt-arm_5.2.6/include" --include_path="C:/ti/TivaWare_C_Series-2.1.1.71" -g --define=DEBUG --define=PART_TM4C123GH6PM --define=TARGET_IS_BLIZZARD_RB1 --display_error_number --diag_warning=225 --diag_wrap=off --preproc_with_compile --preproc_dependency="main.pp"  "../main.c"
"../main.c", line 87: error #29: expected an expression
"../main.c", line 87: error #141: too many arguments in function call
"../main.c", line 87: error #169: argument of type "void" is incompatible with parameter of type "void (*)(void)"
3 errors detected in the compilation of "../main.c".

>> Compilation failure
gmake: *** [main.obj] Error 1
gmake: Target `all' not remade because of errors.

**** Build Finished ****

**** Build of configuration Debug for project lab12 ****

"C:\\ti\\ccsv6\\utils\\bin\\gmake" -k all 
'Building file: ../main.c'
'Invoking: ARM Compiler'
"C:/ti/ccsv6/tools/compiler/ti-cgt-arm_5.2.6/bin/armcl" -mv7M4 --code_state=16 --float_support=FPv4SPD16 --abi=eabi -me --include_path="C:/ti/ccsv6/tools/compiler/ti-cgt-arm_5.2.6/include" --include_path="C:/ti/TivaWare_C_Series-2.1.1.71" -g --define=DEBUG --define=PART_TM4C123GH6PM --define=TARGET_IS_BLIZZARD_RB1 --display_error_number --diag_warning=225 --diag_wrap=off --preproc_with_compile --preproc_dependency="main.pp"  "../main.c"
"../main.c", line 66: error #20: identifier "UART_RX" is undefined
"../main.c", line 68: error #20: identifier "UART_TX" is undefined
2 errors detected in the compilation of "../main.c".

>> Compilation failure
gmake: *** [main.obj] Error 1
gmake: Target `all' not remade because of errors.

**** Build Finished ****

**** Build of configuration Debug for project lab12 ****

"C:\\ti\\ccsv6\\utils\\bin\\gmake" -k all 
'Building file: ../main.c'
'Invoking: ARM Compiler'
"C:/ti/ccsv6/tools/compiler/ti-cgt-arm_5.2.6/bin/armcl" -mv7M4 --code_state=16 --float_support=FPv4SPD16 --abi=eabi -me --include_path="C:/ti/ccsv6/tools/compiler/ti-cgt-arm_5.2.6/include" --include_path="C:/ti/TivaWare_C_Series-2.1.1.71" -g --define=DEBUG --define=PART_TM4C123GH6PM --define=TARGET_IS_BLIZZARD_RB1 --display_error_number --diag_warning=225 --diag_wrap=off --preproc_with_compile --preproc_dependency="main.pp"  "../main.c"
'Finished building: ../main.c'
' '
'Building target: lab12.out'
'Invoking: ARM Linker'
"C:/ti/ccsv6/tools/compiler/ti-cgt-arm_5.2.6/bin/armcl" -mv7M4 --code_state=16 --float_support=FPv4SPD16 --abi=eabi -me -g --define=DEBUG --define=PART_TM4C123GH6PM --define=TARGET_IS_BLIZZARD_RB1 --display_error_number --diag_warning=225 --diag_wrap=off -z -m"lab12.map" --heap_size=0 --stack_size=2500 -i"C:/ti/ccsv6/tools/compiler/ti-cgt-arm_5.2.6/lib" -i"C:/ti/ccsv6/tools/compiler/ti-cgt-arm_5.2.6/include" --reread_libs --warn_sections --display_error_number --diag_wrap=off --xml_link_info="lab12_linkInfo.xml" --rom_model -o "lab12.out" "./main.obj" "./tm4c123g.obj" "./tm4c123gh6pm_startup_ccs.obj" "C:/ti/TivaWare_C_Series-2.1.1.71/driverlib/ccs/Debug/driverlib.lib" "../tm4c123gh6pm.cmd"  -l"libc.a" 
<Linking>
'Finished building target: lab12.out'
' '

**** Build Finished ****

**** Build of configuration Debug for project lab12 ****

"C:\\ti\\ccsv6\\utils\\bin\\gmake" -k all 
'Building file: ../main.c'
'Invoking: ARM Compiler'
"C:/ti/ccsv6/tools/compiler/ti-cgt-arm_5.2.6/bin/armcl" -mv7M4 --code_state=16 --float_support=FPv4SPD16 --abi=eabi -me --include_path="C:/ti/ccsv6/tools/compiler/ti-cgt-arm_5.2.6/include" --include_path="C:/ti/TivaWare_C_Series-2.1.1.71" -g --define=DEBUG --define=PART_TM4C123GH6PM --define=TARGET_IS_BLIZZARD_RB1 --display_error_number --diag_warning=225 --diag_wrap=off --preproc_with_compile --preproc_dependency="main.pp"  "../main.c"
"../main.c", line 98: error #169: argument of type "void" is incompatible with parameter of type "void (*)(void)"
1 error detected in the compilation of "../main.c".

>> Compilation failure
gmake: *** [main.obj] Error 1
gmake: Target `all' not remade because of errors.

**** Build Finished ****

**** Build of configuration Debug for project lab12 ****

"C:\\ti\\ccsv6\\utils\\bin\\gmake" -k all 
'Building file: ../main.c'
'Invoking: ARM Compiler'
"C:/ti/ccsv6/tools/compiler/ti-cgt-arm_5.2.6/bin/armcl" -mv7M4 --code_state=16 --float_support=FPv4SPD16 --abi=eabi -me --include_path="C:/ti/ccsv6/tools/compiler/ti-cgt-arm_5.2.6/include" --include_path="C:/ti/TivaWare_C_Series-2.1.1.71" -g --define=DEBUG --define=PART_TM4C123GH6PM --define=TARGET_IS_BLIZZARD_RB1 --display_error_number --diag_warning=225 --diag_wrap=off --preproc_with_compile --preproc_dependency="main.pp"  "../main.c"
"../main.c", line 98: error #169: argument of type "void" is incompatible with parameter of type "void (*)(void)"
1 error detected in the compilation of "../main.c".

>> Compilation failure
gmake: *** [main.obj] Error 1
gmake: Target `all' not remade because of errors.

**** Build Finished ****

**** Build of configuration Debug for project lab12 ****

"C:\\ti\\ccsv6\\utils\\bin\\gmake" -k all 
'Building file: ../main.c'
'Invoking: ARM Compiler'
"C:/ti/ccsv6/tools/compiler/ti-cgt-arm_5.2.6/bin/armcl" -mv7M4 --code_state=16 --float_support=FPv4SPD16 --abi=eabi -me --include_path="C:/ti/ccsv6/tools/compiler/ti-cgt-arm_5.2.6/include" --include_path="C:/ti/TivaWare_C_Series-2.1.1.71" -g --define=DEBUG --define=PART_TM4C123GH6PM --define=TARGET_IS_BLIZZARD_RB1 --display_error_number --diag_warning=225 --diag_wrap=off --preproc_with_compile --preproc_dependency="main.pp"  "../main.c"
"../main.c", line 98: error #169: argument of type "void" is incompatible with parameter of type "void (*)(void)"
1 error detected in the compilation of "../main.c".

>> Compilation failure
gmake: *** [main.obj] Error 1
gmake: Target `all' not remade because of errors.

**** Build Finished ****

**** Build of configuration Debug for project lab12 ****

"C:\\ti\\ccsv6\\utils\\bin\\gmake" -k all 
'Building file: ../main.c'
'Invoking: ARM Compiler'
"C:/ti/ccsv6/tools/compiler/ti-cgt-arm_5.2.6/bin/armcl" -mv7M4 --code_state=16 --float_support=FPv4SPD16 --abi=eabi -me --include_path="C:/ti/ccsv6/tools/compiler/ti-cgt-arm_5.2.6/include" --include_path="C:/ti/TivaWare_C_Series-2.1.1.71" -g --define=DEBUG --define=PART_TM4C123GH6PM --define=TARGET_IS_BLIZZARD_RB1 --display_error_number --diag_warning=225 --diag_wrap=off --preproc_with_compile --preproc_dependency="main.pp"  "../main.c"
"../main.c", line 98: error #169: argument of type "void" is incompatible with parameter of type "void (*)(void)"
1 error detected in the compilation of "../main.c".

>> Compilation failure
gmake: *** [main.obj] Error 1
gmake: Target `all' not remade because of errors.

**** Build Finished ****

**** Build of configuration Debug for project lab12 ****

"C:\\ti\\ccsv6\\utils\\bin\\gmake" -k all 
'Building file: ../main.c'
'Invoking: ARM Compiler'
"C:/ti/ccsv6/tools/compiler/ti-cgt-arm_5.2.6/bin/armcl" -mv7M4 --code_state=16 --float_support=FPv4SPD16 --abi=eabi -me --include_path="C:/ti/ccsv6/tools/compiler/ti-cgt-arm_5.2.6/include" --include_path="C:/ti/TivaWare_C_Series-2.1.1.71" -g --define=DEBUG --define=PART_TM4C123GH6PM --define=TARGET_IS_BLIZZARD_RB1 --display_error_number --diag_warning=225 --diag_wrap=off --preproc_with_compile --preproc_dependency="main.pp"  "../main.c"
"../main.c", line 98: error #169: argument of type "void" is incompatible with parameter of type "void (*)(void)"
1 error detected in the compilation of "../main.c".

>> Compilation failure
gmake: *** [main.obj] Error 1
gmake: Target `all' not remade because of errors.

**** Build Finished ****

**** Build of configuration Debug for project lab12 ****

"C:\\ti\\ccsv6\\utils\\bin\\gmake" -k all 
'Building file: ../main.c'
'Invoking: ARM Compiler'
"C:/ti/ccsv6/tools/compiler/ti-cgt-arm_5.2.6/bin/armcl" -mv7M4 --code_state=16 --float_support=FPv4SPD16 --abi=eabi -me --include_path="C:/ti/ccsv6/tools/compiler/ti-cgt-arm_5.2.6/include" --include_path="C:/ti/TivaWare_C_Series-2.1.1.71" -g --define=DEBUG --define=PART_TM4C123GH6PM --define=TARGET_IS_BLIZZARD_RB1 --display_error_number --diag_warning=225 --diag_wrap=off --preproc_with_compile --preproc_dependency="main.pp"  "../main.c"
"../main.c", line 98: error #169: argument of type "void" is incompatible with parameter of type "void (*)(void)"
"../main.c", line 99: error #18: expected a ")"
2 errors detected in the compilation of "../main.c".

>> Compilation failure
gmake: *** [main.obj] Error 1
gmake: Target `all' not remade because of errors.

**** Build Finished ****

**** Build of configuration Debug for project lab12 ****

"C:\\ti\\ccsv6\\utils\\bin\\gmake" -k all 
'Building file: ../main.c'
'Invoking: ARM Compiler'
"C:/ti/ccsv6/tools/compiler/ti-cgt-arm_5.2.6/bin/armcl" -mv7M4 --code_state=16 --float_support=FPv4SPD16 --abi=eabi -me --include_path="C:/ti/ccsv6/tools/compiler/ti-cgt-arm_5.2.6/include" --include_path="C:/ti/TivaWare_C_Series-2.1.1.71" -g --define=DEBUG --define=PART_TM4C123GH6PM --define=TARGET_IS_BLIZZARD_RB1 --display_error_number --diag_warning=225 --diag_wrap=off --preproc_with_compile --preproc_dependency="main.pp"  "../main.c"
"../main.c", line 98: error #169: argument of type "void" is incompatible with parameter of type "void (*)(void)"
1 error detected in the compilation of "../main.c".

>> Compilation failure
gmake: *** [main.obj] Error 1
gmake: Target `all' not remade because of errors.

**** Build Finished ****

**** Build of configuration Debug for project lab12 ****

"C:\\ti\\ccsv6\\utils\\bin\\gmake" -k all 
'Building file: ../main.c'
'Invoking: ARM Compiler'
"C:/ti/ccsv6/tools/compiler/ti-cgt-arm_5.2.6/bin/armcl" -mv7M4 --code_state=16 --float_support=FPv4SPD16 --abi=eabi -me --include_path="C:/ti/ccsv6/tools/compiler/ti-cgt-arm_5.2.6/include" --include_path="C:/ti/TivaWare_C_Series-2.1.1.71" -g --define=DEBUG --define=PART_TM4C123GH6PM --define=TARGET_IS_BLIZZARD_RB1 --display_error_number --diag_warning=225 --diag_wrap=off --preproc_with_compile --preproc_dependency="main.pp"  "../main.c"
'Finished building: ../main.c'
' '
'Building target: lab12.out'
'Invoking: ARM Linker'
"C:/ti/ccsv6/tools/compiler/ti-cgt-arm_5.2.6/bin/armcl" -mv7M4 --code_state=16 --float_support=FPv4SPD16 --abi=eabi -me -g --define=DEBUG --define=PART_TM4C123GH6PM --define=TARGET_IS_BLIZZARD_RB1 --display_error_number --diag_warning=225 --diag_wrap=off -z -m"lab12.map" --heap_size=0 --stack_size=2500 -i"C:/ti/ccsv6/tools/compiler/ti-cgt-arm_5.2.6/lib" -i"C:/ti/ccsv6/tools/compiler/ti-cgt-arm_5.2.6/include" --reread_libs --warn_sections --display_error_number --diag_wrap=off --xml_link_info="lab12_linkInfo.xml" --rom_model -o "lab12.out" "./main.obj" "./tm4c123g.obj" "./tm4c123gh6pm_startup_ccs.obj" "C:/ti/TivaWare_C_Series-2.1.1.71/driverlib/ccs/Debug/driverlib.lib" "../tm4c123gh6pm.cmd"  -l"libc.a" 
<Linking>
'Finished building target: lab12.out'
' '

**** Build Finished ****

**** Build of configuration Debug for project lab12 ****

"C:\\ti\\ccsv6\\utils\\bin\\gmake" -k all 
'Building file: ../main.c'
'Invoking: ARM Compiler'
"C:/ti/ccsv6/tools/compiler/ti-cgt-arm_5.2.6/bin/armcl" -mv7M4 --code_state=16 --float_support=FPv4SPD16 --abi=eabi -me --include_path="C:/ti/ccsv6/tools/compiler/ti-cgt-arm_5.2.6/include" --include_path="C:/ti/TivaWare_C_Series-2.1.1.71" -g --define=DEBUG --define=PART_TM4C123GH6PM --define=TARGET_IS_BLIZZARD_RB1 --display_error_number --diag_warning=225 --diag_wrap=off --preproc_with_compile --preproc_dependency="main.pp"  "../main.c"
'Finished building: ../main.c'
' '
'Building target: lab12.out'
'Invoking: ARM Linker'
"C:/ti/ccsv6/tools/compiler/ti-cgt-arm_5.2.6/bin/armcl" -mv7M4 --code_state=16 --float_support=FPv4SPD16 --abi=eabi -me -g --define=DEBUG --define=PART_TM4C123GH6PM --define=TARGET_IS_BLIZZARD_RB1 --display_error_number --diag_warning=225 --diag_wrap=off -z -m"lab12.map" --heap_size=0 --stack_size=2500 -i"C:/ti/ccsv6/tools/compiler/ti-cgt-arm_5.2.6/lib" -i"C:/ti/ccsv6/tools/compiler/ti-cgt-arm_5.2.6/include" --reread_libs --warn_sections --display_error_number --diag_wrap=off --xml_link_info="lab12_linkInfo.xml" --rom_model -o "lab12.out" "./main.obj" "./tm4c123g.obj" "./tm4c123gh6pm_startup_ccs.obj" "C:/ti/TivaWare_C_Series-2.1.1.71/driverlib/ccs/Debug/driverlib.lib" "../tm4c123gh6pm.cmd"  -l"libc.a" 
<Linking>
'Finished building target: lab12.out'
' '

**** Build Finished ****

**** Build of configuration Debug for project lab12 ****

"C:\\ti\\ccsv6\\utils\\bin\\gmake" -k all 
'Building file: ../main.c'
'Invoking: ARM Compiler'
"C:/ti/ccsv6/tools/compiler/ti-cgt-arm_5.2.6/bin/armcl" -mv7M4 --code_state=16 --float_support=FPv4SPD16 --abi=eabi -me --include_path="C:/ti/ccsv6/tools/compiler/ti-cgt-arm_5.2.6/include" --include_path="C:/ti/TivaWare_C_Series-2.1.1.71" -g --define=DEBUG --define=PART_TM4C123GH6PM --define=TARGET_IS_BLIZZARD_RB1 --display_error_number --diag_warning=225 --diag_wrap=off --preproc_with_compile --preproc_dependency="main.pp"  "../main.c"
'Finished building: ../main.c'
' '
'Building target: lab12.out'
'Invoking: ARM Linker'
"C:/ti/ccsv6/tools/compiler/ti-cgt-arm_5.2.6/bin/armcl" -mv7M4 --code_state=16 --float_support=FPv4SPD16 --abi=eabi -me -g --define=DEBUG --define=PART_TM4C123GH6PM --define=TARGET_IS_BLIZZARD_RB1 --display_error_number --diag_warning=225 --diag_wrap=off -z -m"lab12.map" --heap_size=0 --stack_size=2500 -i"C:/ti/ccsv6/tools/compiler/ti-cgt-arm_5.2.6/lib" -i"C:/ti/ccsv6/tools/compiler/ti-cgt-arm_5.2.6/include" --reread_libs --warn_sections --display_error_number --diag_wrap=off --xml_link_info="lab12_linkInfo.xml" --rom_model -o "lab12.out" "./main.obj" "./tm4c123g.obj" "./tm4c123gh6pm_startup_ccs.obj" "C:/ti/TivaWare_C_Series-2.1.1.71/driverlib/ccs/Debug/driverlib.lib" "../tm4c123gh6pm.cmd"  -l"libc.a" 
<Linking>
'Finished building target: lab12.out'
' '

**** Build Finished ****

**** Build of configuration Debug for project lab12 ****

"C:\\ti\\ccsv6\\utils\\bin\\gmake" -k all 
'Building file: ../main.c'
'Invoking: ARM Compiler'
"C:/ti/ccsv6/tools/compiler/ti-cgt-arm_5.2.6/bin/armcl" -mv7M4 --code_state=16 --float_support=FPv4SPD16 --abi=eabi -me --include_path="C:/ti/ccsv6/tools/compiler/ti-cgt-arm_5.2.6/include" --include_path="C:/ti/TivaWare_C_Series-2.1.1.71" -g --define=DEBUG --define=PART_TM4C123GH6PM --define=TARGET_IS_BLIZZARD_RB1 --display_error_number --diag_warning=225 --diag_wrap=off --preproc_with_compile --preproc_dependency="main.pp"  "../main.c"
'Finished building: ../main.c'
' '
'Building target: lab12.out'
'Invoking: ARM Linker'
"C:/ti/ccsv6/tools/compiler/ti-cgt-arm_5.2.6/bin/armcl" -mv7M4 --code_state=16 --float_support=FPv4SPD16 --abi=eabi -me -g --define=DEBUG --define=PART_TM4C123GH6PM --define=TARGET_IS_BLIZZARD_RB1 --display_error_number --diag_warning=225 --diag_wrap=off -z -m"lab12.map" --heap_size=0 --stack_size=2500 -i"C:/ti/ccsv6/tools/compiler/ti-cgt-arm_5.2.6/lib" -i"C:/ti/ccsv6/tools/compiler/ti-cgt-arm_5.2.6/include" --reread_libs --warn_sections --display_error_number --diag_wrap=off --xml_link_info="lab12_linkInfo.xml" --rom_model -o "lab12.out" "./main.obj" "./tm4c123g.obj" "./tm4c123gh6pm_startup_ccs.obj" "C:/ti/TivaWare_C_Series-2.1.1.71/driverlib/ccs/Debug/driverlib.lib" "../tm4c123gh6pm.cmd"  -l"libc.a" 
<Linking>
'Finished building target: lab12.out'
' '

**** Build Finished ****

**** Build of configuration Debug for project lab12 ****

"C:\\ti\\ccsv6\\utils\\bin\\gmake" -k all 
'Building file: ../main.c'
'Invoking: ARM Compiler'
"C:/ti/ccsv6/tools/compiler/ti-cgt-arm_5.2.6/bin/armcl" -mv7M4 --code_state=16 --float_support=FPv4SPD16 --abi=eabi -me --include_path="C:/ti/ccsv6/tools/compiler/ti-cgt-arm_5.2.6/include" --include_path="C:/ti/TivaWare_C_Series-2.1.1.71" -g --define=DEBUG --define=PART_TM4C123GH6PM --define=TARGET_IS_BLIZZARD_RB1 --display_error_number --diag_warning=225 --diag_wrap=off --preproc_with_compile --preproc_dependency="main.pp"  "../main.c"
'Finished building: ../main.c'
' '
'Building target: lab12.out'
'Invoking: ARM Linker'
"C:/ti/ccsv6/tools/compiler/ti-cgt-arm_5.2.6/bin/armcl" -mv7M4 --code_state=16 --float_support=FPv4SPD16 --abi=eabi -me -g --define=DEBUG --define=PART_TM4C123GH6PM --define=TARGET_IS_BLIZZARD_RB1 --display_error_number --diag_warning=225 --diag_wrap=off -z -m"lab12.map" --heap_size=0 --stack_size=2500 -i"C:/ti/ccsv6/tools/compiler/ti-cgt-arm_5.2.6/lib" -i"C:/ti/ccsv6/tools/compiler/ti-cgt-arm_5.2.6/include" --reread_libs --warn_sections --display_error_number --diag_wrap=off --xml_link_info="lab12_linkInfo.xml" --rom_model -o "lab12.out" "./main.obj" "./tm4c123g.obj" "./tm4c123gh6pm_startup_ccs.obj" "C:/ti/TivaWare_C_Series-2.1.1.71/driverlib/ccs/Debug/driverlib.lib" "../tm4c123gh6pm.cmd"  -l"libc.a" 
<Linking>
'Finished building target: lab12.out'
' '

**** Build Finished ****

**** Build of configuration Debug for project lab12 ****

"C:\\ti\\ccsv6\\utils\\bin\\gmake" -k all 
'Building file: ../main.c'
'Invoking: ARM Compiler'
"C:/ti/ccsv6/tools/compiler/ti-cgt-arm_5.2.6/bin/armcl" -mv7M4 --code_state=16 --float_support=FPv4SPD16 --abi=eabi -me --include_path="C:/ti/ccsv6/tools/compiler/ti-cgt-arm_5.2.6/include" --include_path="C:/ti/TivaWare_C_Series-2.1.1.71" -g --define=DEBUG --define=PART_TM4C123GH6PM --define=TARGET_IS_BLIZZARD_RB1 --display_error_number --diag_warning=225 --diag_wrap=off --preproc_with_compile --preproc_dependency="main.pp"  "../main.c"
'Finished building: ../main.c'
' '
'Building target: lab12.out'
'Invoking: ARM Linker'
"C:/ti/ccsv6/tools/compiler/ti-cgt-arm_5.2.6/bin/armcl" -mv7M4 --code_state=16 --float_support=FPv4SPD16 --abi=eabi -me -g --define=DEBUG --define=PART_TM4C123GH6PM --define=TARGET_IS_BLIZZARD_RB1 --display_error_number --diag_warning=225 --diag_wrap=off -z -m"lab12.map" --heap_size=0 --stack_size=2500 -i"C:/ti/ccsv6/tools/compiler/ti-cgt-arm_5.2.6/lib" -i"C:/ti/ccsv6/tools/compiler/ti-cgt-arm_5.2.6/include" --reread_libs --warn_sections --display_error_number --diag_wrap=off --xml_link_info="lab12_linkInfo.xml" --rom_model -o "lab12.out" "./main.obj" "./tm4c123g.obj" "./tm4c123gh6pm_startup_ccs.obj" "C:/ti/TivaWare_C_Series-2.1.1.71/driverlib/ccs/Debug/driverlib.lib" "../tm4c123gh6pm.cmd"  -l"libc.a" 
<Linking>
'Finished building target: lab12.out'
' '

**** Build Finished ****

**** Build of configuration Debug for project lab12 ****

"C:\\ti\\ccsv6\\utils\\bin\\gmake" -k all 
'Building file: ../main.c'
'Invoking: ARM Compiler'
"C:/ti/ccsv6/tools/compiler/ti-cgt-arm_5.2.6/bin/armcl" -mv7M4 --code_state=16 --float_support=FPv4SPD16 --abi=eabi -me --include_path="C:/ti/ccsv6/tools/compiler/ti-cgt-arm_5.2.6/include" --include_path="C:/ti/TivaWare_C_Series-2.1.1.71" -g --define=DEBUG --define=PART_TM4C123GH6PM --define=TARGET_IS_BLIZZARD_RB1 --display_error_number --diag_warning=225 --diag_wrap=off --preproc_with_compile --preproc_dependency="main.pp"  "../main.c"
'Finished building: ../main.c'
' '
'Building target: lab12.out'
'Invoking: ARM Linker'
"C:/ti/ccsv6/tools/compiler/ti-cgt-arm_5.2.6/bin/armcl" -mv7M4 --code_state=16 --float_support=FPv4SPD16 --abi=eabi -me -g --define=DEBUG --define=PART_TM4C123GH6PM --define=TARGET_IS_BLIZZARD_RB1 --display_error_number --diag_warning=225 --diag_wrap=off -z -m"lab12.map" --heap_size=0 --stack_size=2500 -i"C:/ti/ccsv6/tools/compiler/ti-cgt-arm_5.2.6/lib" -i"C:/ti/ccsv6/tools/compiler/ti-cgt-arm_5.2.6/include" --reread_libs --warn_sections --display_error_number --diag_wrap=off --xml_link_info="lab12_linkInfo.xml" --rom_model -o "lab12.out" "./main.obj" "./tm4c123g.obj" "./tm4c123gh6pm_startup_ccs.obj" "C:/ti/TivaWare_C_Series-2.1.1.71/driverlib/ccs/Debug/driverlib.lib" "../tm4c123gh6pm.cmd"  -l"libc.a" 
<Linking>
'Finished building target: lab12.out'
' '

**** Build Finished ****

**** Build of configuration Debug for project lab12 ****

"C:\\ti\\ccsv6\\utils\\bin\\gmake" -k all 
'Building file: ../main.c'
'Invoking: ARM Compiler'
"C:/ti/ccsv6/tools/compiler/ti-cgt-arm_5.2.6/bin/armcl" -mv7M4 --code_state=16 --float_support=FPv4SPD16 --abi=eabi -me --include_path="C:/ti/ccsv6/tools/compiler/ti-cgt-arm_5.2.6/include" --include_path="C:/ti/TivaWare_C_Series-2.1.1.71" -g --define=DEBUG --define=PART_TM4C123GH6PM --define=TARGET_IS_BLIZZARD_RB1 --display_error_number --diag_warning=225 --diag_wrap=off --preproc_with_compile --preproc_dependency="main.pp"  "../main.c"
'Finished building: ../main.c'
' '
'Building target: lab12.out'
'Invoking: ARM Linker'
"C:/ti/ccsv6/tools/compiler/ti-cgt-arm_5.2.6/bin/armcl" -mv7M4 --code_state=16 --float_support=FPv4SPD16 --abi=eabi -me -g --define=DEBUG --define=PART_TM4C123GH6PM --define=TARGET_IS_BLIZZARD_RB1 --display_error_number --diag_warning=225 --diag_wrap=off -z -m"lab12.map" --heap_size=0 --stack_size=2500 -i"C:/ti/ccsv6/tools/compiler/ti-cgt-arm_5.2.6/lib" -i"C:/ti/ccsv6/tools/compiler/ti-cgt-arm_5.2.6/include" --reread_libs --warn_sections --display_error_number --diag_wrap=off --xml_link_info="lab12_linkInfo.xml" --rom_model -o "lab12.out" "./main.obj" "./tm4c123g.obj" "./tm4c123gh6pm_startup_ccs.obj" "C:/ti/TivaWare_C_Series-2.1.1.71/driverlib/ccs/Debug/driverlib.lib" "../tm4c123gh6pm.cmd"  -l"libc.a" 
<Linking>
'Finished building target: lab12.out'
' '

**** Build Finished ****

**** Build of configuration Debug for project lab12 ****

"C:\\ti\\ccsv6\\utils\\bin\\gmake" -k all 
'Building file: ../main.c'
'Invoking: ARM Compiler'
"C:/ti/ccsv6/tools/compiler/ti-cgt-arm_5.2.6/bin/armcl" -mv7M4 --code_state=16 --float_support=FPv4SPD16 --abi=eabi -me --include_path="C:/ti/ccsv6/tools/compiler/ti-cgt-arm_5.2.6/include" --include_path="C:/ti/TivaWare_C_Series-2.1.1.71" -g --define=DEBUG --define=PART_TM4C123GH6PM --define=TARGET_IS_BLIZZARD_RB1 --display_error_number --diag_warning=225 --diag_wrap=off --preproc_with_compile --preproc_dependency="main.pp"  "../main.c"
'Finished building: ../main.c'
' '
'Building target: lab12.out'
'Invoking: ARM Linker'
"C:/ti/ccsv6/tools/compiler/ti-cgt-arm_5.2.6/bin/armcl" -mv7M4 --code_state=16 --float_support=FPv4SPD16 --abi=eabi -me -g --define=DEBUG --define=PART_TM4C123GH6PM --define=TARGET_IS_BLIZZARD_RB1 --display_error_number --diag_warning=225 --diag_wrap=off -z -m"lab12.map" --heap_size=0 --stack_size=2500 -i"C:/ti/ccsv6/tools/compiler/ti-cgt-arm_5.2.6/lib" -i"C:/ti/ccsv6/tools/compiler/ti-cgt-arm_5.2.6/include" --reread_libs --warn_sections --display_error_number --diag_wrap=off --xml_link_info="lab12_linkInfo.xml" --rom_model -o "lab12.out" "./main.obj" "./tm4c123g.obj" "./tm4c123gh6pm_startup_ccs.obj" "C:/ti/TivaWare_C_Series-2.1.1.71/driverlib/ccs/Debug/driverlib.lib" "../tm4c123gh6pm.cmd"  -l"libc.a" 
<Linking>
'Finished building target: lab12.out'
' '

**** Build Finished ****

**** Build of configuration Debug for project lab12 ****

"C:\\ti\\ccsv6\\utils\\bin\\gmake" -k all 
'Building file: ../main.c'
'Invoking: ARM Compiler'
"C:/ti/ccsv6/tools/compiler/ti-cgt-arm_5.2.6/bin/armcl" -mv7M4 --code_state=16 --float_support=FPv4SPD16 --abi=eabi -me --include_path="C:/ti/ccsv6/tools/compiler/ti-cgt-arm_5.2.6/include" --include_path="C:/ti/TivaWare_C_Series-2.1.1.71" -g --define=DEBUG --define=PART_TM4C123GH6PM --define=TARGET_IS_BLIZZARD_RB1 --display_error_number --diag_warning=225 --diag_wrap=off --preproc_with_compile --preproc_dependency="main.pp"  "../main.c"
'Finished building: ../main.c'
' '
'Building target: lab12.out'
'Invoking: ARM Linker'
"C:/ti/ccsv6/tools/compiler/ti-cgt-arm_5.2.6/bin/armcl" -mv7M4 --code_state=16 --float_support=FPv4SPD16 --abi=eabi -me -g --define=DEBUG --define=PART_TM4C123GH6PM --define=TARGET_IS_BLIZZARD_RB1 --display_error_number --diag_warning=225 --diag_wrap=off -z -m"lab12.map" --heap_size=0 --stack_size=2500 -i"C:/ti/ccsv6/tools/compiler/ti-cgt-arm_5.2.6/lib" -i"C:/ti/ccsv6/tools/compiler/ti-cgt-arm_5.2.6/include" --reread_libs --warn_sections --display_error_number --diag_wrap=off --xml_link_info="lab12_linkInfo.xml" --rom_model -o "lab12.out" "./main.obj" "./tm4c123g.obj" "./tm4c123gh6pm_startup_ccs.obj" "C:/ti/TivaWare_C_Series-2.1.1.71/driverlib/ccs/Debug/driverlib.lib" "../tm4c123gh6pm.cmd"  -l"libc.a" 
<Linking>
'Finished building target: lab12.out'
' '

**** Build Finished ****

**** Build of configuration Debug for project lab12 ****

"C:\\ti\\ccsv6\\utils\\bin\\gmake" -k all 
gmake: Nothing to be done for `all'.

**** Build Finished ****

**** Build of configuration Debug for project lab12 ****

"C:\\ti\\ccsv6\\utils\\bin\\gmake" -k all 
gmake: Nothing to be done for `all'.

**** Build Finished ****

**** Build of configuration Debug for project lab12 ****

"C:\\ti\\ccsv6\\utils\\bin\\gmake" -k all 
gmake: Nothing to be done for `all'.

**** Build Finished ****

**** Build of configuration Debug for project lab12 ****

"C:\\ti\\ccsv6\\utils\\bin\\gmake" -k all 
'Building file: ../main.c'
'Invoking: ARM Compiler'
"C:/ti/ccsv6/tools/compiler/ti-cgt-arm_5.2.6/bin/armcl" -mv7M4 --code_state=16 --float_support=FPv4SPD16 --abi=eabi -me --include_path="C:/ti/ccsv6/tools/compiler/ti-cgt-arm_5.2.6/include" --include_path="C:/ti/TivaWare_C_Series-2.1.1.71" -g --define=DEBUG --define=PART_TM4C123GH6PM --define=TARGET_IS_BLIZZARD_RB1 --display_error_number --diag_warning=225 --diag_wrap=off --preproc_with_compile --preproc_dependency="main.pp"  "../main.c"
'Finished building: ../main.c'
' '
'Building target: lab12.out'
'Invoking: ARM Linker'
"C:/ti/ccsv6/tools/compiler/ti-cgt-arm_5.2.6/bin/armcl" -mv7M4 --code_state=16 --float_support=FPv4SPD16 --abi=eabi -me -g --define=DEBUG --define=PART_TM4C123GH6PM --define=TARGET_IS_BLIZZARD_RB1 --display_error_number --diag_warning=225 --diag_wrap=off -z -m"lab12.map" --heap_size=0 --stack_size=2500 -i"C:/ti/ccsv6/tools/compiler/ti-cgt-arm_5.2.6/lib" -i"C:/ti/ccsv6/tools/compiler/ti-cgt-arm_5.2.6/include" --reread_libs --warn_sections --display_error_number --diag_wrap=off --xml_link_info="lab12_linkInfo.xml" --rom_model -o "lab12.out" "./main.obj" "./tm4c123g.obj" "./tm4c123gh6pm_startup_ccs.obj" "C:/ti/TivaWare_C_Series-2.1.1.71/driverlib/ccs/Debug/driverlib.lib" "../tm4c123gh6pm.cmd"  -l"libc.a" 
<Linking>
'Finished building target: lab12.out'
' '

**** Build Finished ****

**** Build of configuration Debug for project lab12 ****

"C:\\ti\\ccsv6\\utils\\bin\\gmake" -k all 
'Building file: ../main.c'
'Invoking: ARM Compiler'
"C:/ti/ccsv6/tools/compiler/ti-cgt-arm_5.2.6/bin/armcl" -mv7M4 --code_state=16 --float_support=FPv4SPD16 --abi=eabi -me --include_path="C:/ti/ccsv6/tools/compiler/ti-cgt-arm_5.2.6/include" --include_path="C:/ti/TivaWare_C_Series-2.1.1.71" -g --define=DEBUG --define=PART_TM4C123GH6PM --define=TARGET_IS_BLIZZARD_RB1 --display_error_number --diag_warning=225 --diag_wrap=off --preproc_with_compile --preproc_dependency="main.pp"  "../main.c"
'Finished building: ../main.c'
' '
'Building target: lab12.out'
'Invoking: ARM Linker'
"C:/ti/ccsv6/tools/compiler/ti-cgt-arm_5.2.6/bin/armcl" -mv7M4 --code_state=16 --float_support=FPv4SPD16 --abi=eabi -me -g --define=DEBUG --define=PART_TM4C123GH6PM --define=TARGET_IS_BLIZZARD_RB1 --display_error_number --diag_warning=225 --diag_wrap=off -z -m"lab12.map" --heap_size=0 --stack_size=2500 -i"C:/ti/ccsv6/tools/compiler/ti-cgt-arm_5.2.6/lib" -i"C:/ti/ccsv6/tools/compiler/ti-cgt-arm_5.2.6/include" --reread_libs --warn_sections --display_error_number --diag_wrap=off --xml_link_info="lab12_linkInfo.xml" --rom_model -o "lab12.out" "./main.obj" "./tm4c123g.obj" "./tm4c123gh6pm_startup_ccs.obj" "C:/ti/TivaWare_C_Series-2.1.1.71/driverlib/ccs/Debug/driverlib.lib" "../tm4c123gh6pm.cmd"  -l"libc.a" 
<Linking>
'Finished building target: lab12.out'
' '

**** Build Finished ****

**** Build of configuration Debug for project lab12 ****

"C:\\ti\\ccsv6\\utils\\bin\\gmake" -k all 
'Building file: ../main.c'
'Invoking: ARM Compiler'
"C:/ti/ccsv6/tools/compiler/ti-cgt-arm_5.2.6/bin/armcl" -mv7M4 --code_state=16 --float_support=FPv4SPD16 --abi=eabi -me --include_path="C:/ti/ccsv6/tools/compiler/ti-cgt-arm_5.2.6/include" --include_path="C:/ti/TivaWare_C_Series-2.1.1.71" -g --define=DEBUG --define=PART_TM4C123GH6PM --define=TARGET_IS_BLIZZARD_RB1 --display_error_number --diag_warning=225 --diag_wrap=off --preproc_with_compile --preproc_dependency="main.pp"  "../main.c"
'Finished building: ../main.c'
' '
'Building target: lab12.out'
'Invoking: ARM Linker'
"C:/ti/ccsv6/tools/compiler/ti-cgt-arm_5.2.6/bin/armcl" -mv7M4 --code_state=16 --float_support=FPv4SPD16 --abi=eabi -me -g --define=DEBUG --define=PART_TM4C123GH6PM --define=TARGET_IS_BLIZZARD_RB1 --display_error_number --diag_warning=225 --diag_wrap=off -z -m"lab12.map" --heap_size=0 --stack_size=2500 -i"C:/ti/ccsv6/tools/compiler/ti-cgt-arm_5.2.6/lib" -i"C:/ti/ccsv6/tools/compiler/ti-cgt-arm_5.2.6/include" --reread_libs --warn_sections --display_error_number --diag_wrap=off --xml_link_info="lab12_linkInfo.xml" --rom_model -o "lab12.out" "./main.obj" "./tm4c123g.obj" "./tm4c123gh6pm_startup_ccs.obj" "C:/ti/TivaWare_C_Series-2.1.1.71/driverlib/ccs/Debug/driverlib.lib" "../tm4c123gh6pm.cmd"  -l"libc.a" 
<Linking>
'Finished building target: lab12.out'
' '

**** Build Finished ****

**** Build of configuration Debug for project lab12 ****

"C:\\ti\\ccsv6\\utils\\bin\\gmake" -k all 
'Building file: ../main.c'
'Invoking: ARM Compiler'
"C:/ti/ccsv6/tools/compiler/ti-cgt-arm_5.2.6/bin/armcl" -mv7M4 --code_state=16 --float_support=FPv4SPD16 --abi=eabi -me --include_path="C:/ti/ccsv6/tools/compiler/ti-cgt-arm_5.2.6/include" --include_path="C:/ti/TivaWare_C_Series-2.1.1.71" -g --define=DEBUG --define=PART_TM4C123GH6PM --define=TARGET_IS_BLIZZARD_RB1 --display_error_number --diag_warning=225 --diag_wrap=off --preproc_with_compile --preproc_dependency="main.pp"  "../main.c"
'Finished building: ../main.c'
' '
'Building target: lab12.out'
'Invoking: ARM Linker'
"C:/ti/ccsv6/tools/compiler/ti-cgt-arm_5.2.6/bin/armcl" -mv7M4 --code_state=16 --float_support=FPv4SPD16 --abi=eabi -me -g --define=DEBUG --define=PART_TM4C123GH6PM --define=TARGET_IS_BLIZZARD_RB1 --display_error_number --diag_warning=225 --diag_wrap=off -z -m"lab12.map" --heap_size=0 --stack_size=2500 -i"C:/ti/ccsv6/tools/compiler/ti-cgt-arm_5.2.6/lib" -i"C:/ti/ccsv6/tools/compiler/ti-cgt-arm_5.2.6/include" --reread_libs --warn_sections --display_error_number --diag_wrap=off --xml_link_info="lab12_linkInfo.xml" --rom_model -o "lab12.out" "./main.obj" "./tm4c123g.obj" "./tm4c123gh6pm_startup_ccs.obj" "C:/ti/TivaWare_C_Series-2.1.1.71/driverlib/ccs/Debug/driverlib.lib" "../tm4c123gh6pm.cmd"  -l"libc.a" 
<Linking>
'Finished building target: lab12.out'
' '

**** Build Finished ****

**** Build of configuration Debug for project lab12 ****

"C:\\ti\\ccsv6\\utils\\bin\\gmake" -k all 
'Building file: ../main.c'
'Invoking: ARM Compiler'
"C:/ti/ccsv6/tools/compiler/ti-cgt-arm_5.2.6/bin/armcl" -mv7M4 --code_state=16 --float_support=FPv4SPD16 --abi=eabi -me --include_path="C:/ti/ccsv6/tools/compiler/ti-cgt-arm_5.2.6/include" --include_path="C:/ti/TivaWare_C_Series-2.1.1.71" -g --define=DEBUG --define=PART_TM4C123GH6PM --define=TARGET_IS_BLIZZARD_RB1 --display_error_number --diag_warning=225 --diag_wrap=off --preproc_with_compile --preproc_dependency="main.pp"  "../main.c"
'Finished building: ../main.c'
' '
'Building target: lab12.out'
'Invoking: ARM Linker'
"C:/ti/ccsv6/tools/compiler/ti-cgt-arm_5.2.6/bin/armcl" -mv7M4 --code_state=16 --float_support=FPv4SPD16 --abi=eabi -me -g --define=DEBUG --define=PART_TM4C123GH6PM --define=TARGET_IS_BLIZZARD_RB1 --display_error_number --diag_warning=225 --diag_wrap=off -z -m"lab12.map" --heap_size=0 --stack_size=2500 -i"C:/ti/ccsv6/tools/compiler/ti-cgt-arm_5.2.6/lib" -i"C:/ti/ccsv6/tools/compiler/ti-cgt-arm_5.2.6/include" --reread_libs --warn_sections --display_error_number --diag_wrap=off --xml_link_info="lab12_linkInfo.xml" --rom_model -o "lab12.out" "./main.obj" "./tm4c123g.obj" "./tm4c123gh6pm_startup_ccs.obj" "C:/ti/TivaWare_C_Series-2.1.1.71/driverlib/ccs/Debug/driverlib.lib" "../tm4c123gh6pm.cmd"  -l"libc.a" 
<Linking>
'Finished building target: lab12.out'
' '

**** Build Finished ****

**** Build of configuration Debug for project lab12 ****

"C:\\ti\\ccsv6\\utils\\bin\\gmake" -k all 
gmake: Nothing to be done for `all'.

**** Build Finished ****

**** Build of configuration Debug for project lab12 ****

"C:\\ti\\ccsv6\\utils\\bin\\gmake" -k all 
gmake: Nothing to be done for `all'.

**** Build Finished ****

**** Build of configuration Debug for project lab12 ****

"C:\\ti\\ccsv6\\utils\\bin\\gmake" -k all 
'Building file: ../main.c'
'Invoking: ARM Compiler'
"C:/ti/ccsv6/tools/compiler/ti-cgt-arm_5.2.6/bin/armcl" -mv7M4 --code_state=16 --float_support=FPv4SPD16 --abi=eabi -me --include_path="C:/ti/ccsv6/tools/compiler/ti-cgt-arm_5.2.6/include" --include_path="C:/ti/TivaWare_C_Series-2.1.1.71" -g --define=DEBUG --define=PART_TM4C123GH6PM --define=TARGET_IS_BLIZZARD_RB1 --display_error_number --diag_warning=225 --diag_wrap=off --preproc_with_compile --preproc_dependency="main.pp"  "../main.c"
'Finished building: ../main.c'
' '
'Building target: lab12.out'
'Invoking: ARM Linker'
"C:/ti/ccsv6/tools/compiler/ti-cgt-arm_5.2.6/bin/armcl" -mv7M4 --code_state=16 --float_support=FPv4SPD16 --abi=eabi -me -g --define=DEBUG --define=PART_TM4C123GH6PM --define=TARGET_IS_BLIZZARD_RB1 --display_error_number --diag_warning=225 --diag_wrap=off -z -m"lab12.map" --heap_size=0 --stack_size=2500 -i"C:/ti/ccsv6/tools/compiler/ti-cgt-arm_5.2.6/lib" -i"C:/ti/ccsv6/tools/compiler/ti-cgt-arm_5.2.6/include" --reread_libs --warn_sections --display_error_number --diag_wrap=off --xml_link_info="lab12_linkInfo.xml" --rom_model -o "lab12.out" "./main.obj" "./tm4c123g.obj" "./tm4c123gh6pm_startup_ccs.obj" "C:/ti/TivaWare_C_Series-2.1.1.71/driverlib/ccs/Debug/driverlib.lib" "../tm4c123gh6pm.cmd"  -l"libc.a" 
<Linking>
'Finished building target: lab12.out'
' '

**** Build Finished ****

**** Build of configuration Debug for project lab12 ****

"C:\\ti\\ccsv6\\utils\\bin\\gmake" -k all 
'Building file: ../main.c'
'Invoking: ARM Compiler'
"C:/ti/ccsv6/tools/compiler/ti-cgt-arm_5.2.6/bin/armcl" -mv7M4 --code_state=16 --float_support=FPv4SPD16 --abi=eabi -me --include_path="C:/ti/ccsv6/tools/compiler/ti-cgt-arm_5.2.6/include" --include_path="C:/ti/TivaWare_C_Series-2.1.1.71" -g --define=DEBUG --define=PART_TM4C123GH6PM --define=TARGET_IS_BLIZZARD_RB1 --display_error_number --diag_warning=225 --diag_wrap=off --preproc_with_compile --preproc_dependency="main.pp"  "../main.c"
'Finished building: ../main.c'
' '
'Building target: lab12.out'
'Invoking: ARM Linker'
"C:/ti/ccsv6/tools/compiler/ti-cgt-arm_5.2.6/bin/armcl" -mv7M4 --code_state=16 --float_support=FPv4SPD16 --abi=eabi -me -g --define=DEBUG --define=PART_TM4C123GH6PM --define=TARGET_IS_BLIZZARD_RB1 --display_error_number --diag_warning=225 --diag_wrap=off -z -m"lab12.map" --heap_size=0 --stack_size=2500 -i"C:/ti/ccsv6/tools/compiler/ti-cgt-arm_5.2.6/lib" -i"C:/ti/ccsv6/tools/compiler/ti-cgt-arm_5.2.6/include" --reread_libs --warn_sections --display_error_number --diag_wrap=off --xml_link_info="lab12_linkInfo.xml" --rom_model -o "lab12.out" "./main.obj" "./tm4c123g.obj" "./tm4c123gh6pm_startup_ccs.obj" "C:/ti/TivaWare_C_Series-2.1.1.71/driverlib/ccs/Debug/driverlib.lib" "../tm4c123gh6pm.cmd"  -l"libc.a" 
<Linking>
'Finished building target: lab12.out'
' '

**** Build Finished ****

**** Build of configuration Debug for project lab12 ****

"C:\\ti\\ccsv6\\utils\\bin\\gmake" -k all 
'Building file: ../main.c'
'Invoking: ARM Compiler'
"C:/ti/ccsv6/tools/compiler/ti-cgt-arm_5.2.6/bin/armcl" -mv7M4 --code_state=16 --float_support=FPv4SPD16 --abi=eabi -me --include_path="C:/ti/ccsv6/tools/compiler/ti-cgt-arm_5.2.6/include" --include_path="C:/ti/TivaWare_C_Series-2.1.1.71" -g --define=DEBUG --define=PART_TM4C123GH6PM --define=TARGET_IS_BLIZZARD_RB1 --display_error_number --diag_warning=225 --diag_wrap=off --preproc_with_compile --preproc_dependency="main.pp"  "../main.c"
'Finished building: ../main.c'
' '
'Building target: lab12.out'
'Invoking: ARM Linker'
"C:/ti/ccsv6/tools/compiler/ti-cgt-arm_5.2.6/bin/armcl" -mv7M4 --code_state=16 --float_support=FPv4SPD16 --abi=eabi -me -g --define=DEBUG --define=PART_TM4C123GH6PM --define=TARGET_IS_BLIZZARD_RB1 --display_error_number --diag_warning=225 --diag_wrap=off -z -m"lab12.map" --heap_size=0 --stack_size=2500 -i"C:/ti/ccsv6/tools/compiler/ti-cgt-arm_5.2.6/lib" -i"C:/ti/ccsv6/tools/compiler/ti-cgt-arm_5.2.6/include" --reread_libs --warn_sections --display_error_number --diag_wrap=off --xml_link_info="lab12_linkInfo.xml" --rom_model -o "lab12.out" "./main.obj" "./tm4c123g.obj" "./tm4c123gh6pm_startup_ccs.obj" "C:/ti/TivaWare_C_Series-2.1.1.71/driverlib/ccs/Debug/driverlib.lib" "../tm4c123gh6pm.cmd"  -l"libc.a" 
<Linking>
'Finished building target: lab12.out'
' '

**** Build Finished ****

**** Build of configuration Debug for project lab12 ****

"C:\\ti\\ccsv6\\utils\\bin\\gmake" -k all 
'Building file: ../main.c'
'Invoking: ARM Compiler'
"C:/ti/ccsv6/tools/compiler/ti-cgt-arm_5.2.6/bin/armcl" -mv7M4 --code_state=16 --float_support=FPv4SPD16 --abi=eabi -me --include_path="C:/ti/ccsv6/tools/compiler/ti-cgt-arm_5.2.6/include" --include_path="C:/ti/TivaWare_C_Series-2.1.1.71" -g --define=DEBUG --define=PART_TM4C123GH6PM --define=TARGET_IS_BLIZZARD_RB1 --display_error_number --diag_warning=225 --diag_wrap=off --preproc_with_compile --preproc_dependency="main.pp"  "../main.c"
"../main.c", line 79: warning #183-D: argument is incompatible with corresponding format string conversion
"../main.c", line 80: error #66: expected a ";"

1 error detected in the compilation of "../main.c".
>> Compilation failure
gmake: *** [main.obj] Error 1
gmake: Target `all' not remade because of errors.

**** Build Finished ****

**** Build of configuration Debug for project lab12 ****

"C:\\ti\\ccsv6\\utils\\bin\\gmake" -k all 
'Building file: ../main.c'
'Invoking: ARM Compiler'
"C:/ti/ccsv6/tools/compiler/ti-cgt-arm_5.2.6/bin/armcl" -mv7M4 --code_state=16 --float_support=FPv4SPD16 --abi=eabi -me --include_path="C:/ti/ccsv6/tools/compiler/ti-cgt-arm_5.2.6/include" --include_path="C:/ti/TivaWare_C_Series-2.1.1.71" -g --define=DEBUG --define=PART_TM4C123GH6PM --define=TARGET_IS_BLIZZARD_RB1 --display_error_number --diag_warning=225 --diag_wrap=off --preproc_with_compile --preproc_dependency="main.pp"  "../main.c"
"../main.c", line 79: warning #183-D: argument is incompatible with corresponding format string conversion
'Finished building: ../main.c'
' '
'Building target: lab12.out'
'Invoking: ARM Linker'
"C:/ti/ccsv6/tools/compiler/ti-cgt-arm_5.2.6/bin/armcl" -mv7M4 --code_state=16 --float_support=FPv4SPD16 --abi=eabi -me -g --define=DEBUG --define=PART_TM4C123GH6PM --define=TARGET_IS_BLIZZARD_RB1 --display_error_number --diag_warning=225 --diag_wrap=off -z -m"lab12.map" --heap_size=0 --stack_size=2500 -i"C:/ti/ccsv6/tools/compiler/ti-cgt-arm_5.2.6/lib" -i"C:/ti/ccsv6/tools/compiler/ti-cgt-arm_5.2.6/include" --reread_libs --warn_sections --display_error_number --diag_wrap=off --xml_link_info="lab12_linkInfo.xml" --rom_model -o "lab12.out" "./main.obj" "./tm4c123g.obj" "./tm4c123gh6pm_startup_ccs.obj" "C:/ti/TivaWare_C_Series-2.1.1.71/driverlib/ccs/Debug/driverlib.lib" "../tm4c123gh6pm.cmd"  -l"libc.a" 
<Linking>
'Finished building target: lab12.out'
' '

**** Build Finished ****

**** Build of configuration Debug for project lab12 ****

"C:\\ti\\ccsv6\\utils\\bin\\gmake" -k all 
'Building file: ../main.c'
'Invoking: ARM Compiler'
"C:/ti/ccsv6/tools/compiler/ti-cgt-arm_5.2.6/bin/armcl" -mv7M4 --code_state=16 --float_support=FPv4SPD16 --abi=eabi -me --include_path="C:/ti/ccsv6/tools/compiler/ti-cgt-arm_5.2.6/include" --include_path="C:/ti/TivaWare_C_Series-2.1.1.71" -g --define=DEBUG --define=PART_TM4C123GH6PM --define=TARGET_IS_BLIZZARD_RB1 --display_error_number --diag_warning=225 --diag_wrap=off --preproc_with_compile --preproc_dependency="main.pp"  "../main.c"
"../main.c", line 77: warning #183-D: argument is incompatible with corresponding format string conversion
'Finished building: ../main.c'
' '
'Building target: lab12.out'
'Invoking: ARM Linker'
"C:/ti/ccsv6/tools/compiler/ti-cgt-arm_5.2.6/bin/armcl" -mv7M4 --code_state=16 --float_support=FPv4SPD16 --abi=eabi -me -g --define=DEBUG --define=PART_TM4C123GH6PM --define=TARGET_IS_BLIZZARD_RB1 --display_error_number --diag_warning=225 --diag_wrap=off -z -m"lab12.map" --heap_size=0 --stack_size=2500 -i"C:/ti/ccsv6/tools/compiler/ti-cgt-arm_5.2.6/lib" -i"C:/ti/ccsv6/tools/compiler/ti-cgt-arm_5.2.6/include" --reread_libs --warn_sections --display_error_number --diag_wrap=off --xml_link_info="lab12_linkInfo.xml" --rom_model -o "lab12.out" "./main.obj" "./tm4c123g.obj" "./tm4c123gh6pm_startup_ccs.obj" "C:/ti/TivaWare_C_Series-2.1.1.71/driverlib/ccs/Debug/driverlib.lib" "../tm4c123gh6pm.cmd"  -l"libc.a" 
<Linking>
'Finished building target: lab12.out'
' '

**** Build Finished ****

**** Build of configuration Debug for project lab12 ****

"C:\\ti\\ccsv6\\utils\\bin\\gmake" -k all 
'Building file: ../SensorPins.c'
'Invoking: ARM Compiler'
"C:/ti/ccsv6/tools/compiler/ti-cgt-arm_5.2.6/bin/armcl" -mv7M4 --code_state=16 --float_support=FPv4SPD16 --abi=eabi -me --include_path="C:/ti/ccsv6/tools/compiler/ti-cgt-arm_5.2.6/include" --include_path="C:/ti/TivaWare_C_Series-2.1.1.71" -g --define=DEBUG --define=PART_TM4C123GH6PM --define=TARGET_IS_BLIZZARD_RB1 --display_error_number --diag_warning=225 --diag_wrap=off --preproc_with_compile --preproc_dependency="SensorPins.pp"  "../SensorPins.c"
'Finished building: ../SensorPins.c'
' '
'Building target: lab12.out'
'Invoking: ARM Linker'
"C:/ti/ccsv6/tools/compiler/ti-cgt-arm_5.2.6/bin/armcl" -mv7M4 --code_state=16 --float_support=FPv4SPD16 --abi=eabi -me -g --define=DEBUG --define=PART_TM4C123GH6PM --define=TARGET_IS_BLIZZARD_RB1 --display_error_number --diag_warning=225 --diag_wrap=off -z -m"lab12.map" --heap_size=0 --stack_size=2500 -i"C:/ti/ccsv6/tools/compiler/ti-cgt-arm_5.2.6/lib" -i"C:/ti/ccsv6/tools/compiler/ti-cgt-arm_5.2.6/include" --reread_libs --warn_sections --display_error_number --diag_wrap=off --xml_link_info="lab12_linkInfo.xml" --rom_model -o "lab12.out" "./SensorPins.obj" "./main.obj" "./tm4c123gh6pm_startup_ccs.obj" "C:/ti/TivaWare_C_Series-2.1.1.71/driverlib/ccs/Debug/driverlib.lib" "../tm4c123gh6pm.cmd"  -l"libc.a" 
<Linking>
'Finished building target: lab12.out'
' '

**** Build Finished ****

**** Build of configuration Debug for project lab12 ****

"C:\\ti\\ccsv6\\utils\\bin\\gmake" -k all 
'Building file: ../SensorPins.c'
'Invoking: ARM Compiler'
"C:/ti/ccsv6/tools/compiler/ti-cgt-arm_5.2.6/bin/armcl" -mv7M4 --code_state=16 --float_support=FPv4SPD16 --abi=eabi -me --include_path="C:/ti/ccsv6/tools/compiler/ti-cgt-arm_5.2.6/include" --include_path="C:/ti/TivaWare_C_Series-2.1.1.71" -g --define=DEBUG --define=PART_TM4C123GH6PM --define=TARGET_IS_BLIZZARD_RB1 --display_error_number --diag_warning=225 --diag_wrap=off --preproc_with_compile --preproc_dependency="SensorPins.pp"  "../SensorPins.c"
'Finished building: ../SensorPins.c'
' '
'Building target: lab12.out'
'Invoking: ARM Linker'
"C:/ti/ccsv6/tools/compiler/ti-cgt-arm_5.2.6/bin/armcl" -mv7M4 --code_state=16 --float_support=FPv4SPD16 --abi=eabi -me -g --define=DEBUG --define=PART_TM4C123GH6PM --define=TARGET_IS_BLIZZARD_RB1 --display_error_number --diag_warning=225 --diag_wrap=off -z -m"lab12.map" --heap_size=0 --stack_size=2500 -i"C:/ti/ccsv6/tools/compiler/ti-cgt-arm_5.2.6/lib" -i"C:/ti/ccsv6/tools/compiler/ti-cgt-arm_5.2.6/include" --reread_libs --warn_sections --display_error_number --diag_wrap=off --xml_link_info="lab12_linkInfo.xml" --rom_model -o "lab12.out" "./SensorPins.obj" "./main.obj" "./tm4c123gh6pm_startup_ccs.obj" "C:/ti/TivaWare_C_Series-2.1.1.71/driverlib/ccs/Debug/driverlib.lib" "../tm4c123gh6pm.cmd"  -l"libc.a" 
<Linking>
'Finished building target: lab12.out'
' '

**** Build Finished ****

**** Build of configuration Debug for project lab12 ****

"C:\\ti\\ccsv6\\utils\\bin\\gmake" -k all 
'Building file: ../SensorPins.c'
'Invoking: ARM Compiler'
"C:/ti/ccsv6/tools/compiler/ti-cgt-arm_5.2.6/bin/armcl" -mv7M4 --code_state=16 --float_support=FPv4SPD16 --abi=eabi -me --include_path="C:/ti/ccsv6/tools/compiler/ti-cgt-arm_5.2.6/include" --include_path="C:/ti/TivaWare_C_Series-2.1.1.71" -g --define=DEBUG --define=PART_TM4C123GH6PM --define=TARGET_IS_BLIZZARD_RB1 --display_error_number --diag_warning=225 --diag_wrap=off --preproc_with_compile --preproc_dependency="SensorPins.pp"  "../SensorPins.c"
'Finished building: ../SensorPins.c'
' '
'Building target: lab12.out'
'Invoking: ARM Linker'
"C:/ti/ccsv6/tools/compiler/ti-cgt-arm_5.2.6/bin/armcl" -mv7M4 --code_state=16 --float_support=FPv4SPD16 --abi=eabi -me -g --define=DEBUG --define=PART_TM4C123GH6PM --define=TARGET_IS_BLIZZARD_RB1 --display_error_number --diag_warning=225 --diag_wrap=off -z -m"lab12.map" --heap_size=0 --stack_size=2500 -i"C:/ti/ccsv6/tools/compiler/ti-cgt-arm_5.2.6/lib" -i"C:/ti/ccsv6/tools/compiler/ti-cgt-arm_5.2.6/include" --reread_libs --warn_sections --display_error_number --diag_wrap=off --xml_link_info="lab12_linkInfo.xml" --rom_model -o "lab12.out" "./SensorPins.obj" "./main.obj" "./tm4c123gh6pm_startup_ccs.obj" "C:/ti/TivaWare_C_Series-2.1.1.71/driverlib/ccs/Debug/driverlib.lib" "../tm4c123gh6pm.cmd"  -l"libc.a" 
<Linking>
'Finished building target: lab12.out'
' '

**** Build Finished ****

**** Build of configuration Debug for project lab12 ****

"C:\\ti\\ccsv6\\utils\\bin\\gmake" -k all 
'Building file: ../main.c'
'Invoking: ARM Compiler'
"C:/ti/ccsv6/tools/compiler/ti-cgt-arm_5.2.6/bin/armcl" -mv7M4 --code_state=16 --float_support=FPv4SPD16 --abi=eabi -me --include_path="C:/ti/ccsv6/tools/compiler/ti-cgt-arm_5.2.6/include" --include_path="C:/ti/TivaWare_C_Series-2.1.1.71" -g --define=DEBUG --define=PART_TM4C123GH6PM --define=TARGET_IS_BLIZZARD_RB1 --display_error_number --diag_warning=225 --diag_wrap=off --preproc_with_compile --preproc_dependency="main.pp"  "../main.c"
"../main.c", line 78: warning #183-D: argument is incompatible with corresponding format string conversion
'Finished building: ../main.c'
' '
'Building target: lab12.out'
'Invoking: ARM Linker'
"C:/ti/ccsv6/tools/compiler/ti-cgt-arm_5.2.6/bin/armcl" -mv7M4 --code_state=16 --float_support=FPv4SPD16 --abi=eabi -me -g --define=DEBUG --define=PART_TM4C123GH6PM --define=TARGET_IS_BLIZZARD_RB1 --display_error_number --diag_warning=225 --diag_wrap=off -z -m"lab12.map" --heap_size=0 --stack_size=2500 -i"C:/ti/ccsv6/tools/compiler/ti-cgt-arm_5.2.6/lib" -i"C:/ti/ccsv6/tools/compiler/ti-cgt-arm_5.2.6/include" --reread_libs --warn_sections --display_error_number --diag_wrap=off --xml_link_info="lab12_linkInfo.xml" --rom_model -o "lab12.out" "./SensorPins.obj" "./main.obj" "./tm4c123gh6pm_startup_ccs.obj" "C:/ti/TivaWare_C_Series-2.1.1.71/driverlib/ccs/Debug/driverlib.lib" "../tm4c123gh6pm.cmd"  -l"libc.a" 
<Linking>
'Finished building target: lab12.out'
' '

**** Build Finished ****

**** Build of configuration Debug for project lab12 ****

"C:\\ti\\ccsv6\\utils\\bin\\gmake" -k all 
'Building file: ../main.c'
'Invoking: ARM Compiler'
"C:/ti/ccsv6/tools/compiler/ti-cgt-arm_5.2.6/bin/armcl" -mv7M4 --code_state=16 --float_support=FPv4SPD16 --abi=eabi -me --include_path="C:/ti/ccsv6/tools/compiler/ti-cgt-arm_5.2.6/include" --include_path="C:/ti/TivaWare_C_Series-2.1.1.71" -g --define=DEBUG --define=PART_TM4C123GH6PM --define=TARGET_IS_BLIZZARD_RB1 --display_error_number --diag_warning=225 --diag_wrap=off --preproc_with_compile --preproc_dependency="main.pp"  "../main.c"
"../main.c", line 68: warning #183-D: argument is incompatible with corresponding format string conversion
'Finished building: ../main.c'
' '
'Building target: lab12.out'
'Invoking: ARM Linker'
"C:/ti/ccsv6/tools/compiler/ti-cgt-arm_5.2.6/bin/armcl" -mv7M4 --code_state=16 --float_support=FPv4SPD16 --abi=eabi -me -g --define=DEBUG --define=PART_TM4C123GH6PM --define=TARGET_IS_BLIZZARD_RB1 --display_error_number --diag_warning=225 --diag_wrap=off -z -m"lab12.map" --heap_size=0 --stack_size=2500 -i"C:/ti/ccsv6/tools/compiler/ti-cgt-arm_5.2.6/lib" -i"C:/ti/ccsv6/tools/compiler/ti-cgt-arm_5.2.6/include" --reread_libs --warn_sections --display_error_number --diag_wrap=off --xml_link_info="lab12_linkInfo.xml" --rom_model -o "lab12.out" "./SensorPins.obj" "./main.obj" "./tm4c123gh6pm_startup_ccs.obj" "C:/ti/TivaWare_C_Series-2.1.1.71/driverlib/ccs/Debug/driverlib.lib" "../tm4c123gh6pm.cmd"  -l"libc.a" 
<Linking>
'Finished building target: lab12.out'
' '

**** Build Finished ****

**** Build of configuration Debug for project lab12 ****

"C:\\ti\\ccsv6\\utils\\bin\\gmake" -k all 
'Building file: ../main.c'
'Invoking: ARM Compiler'
"C:/ti/ccsv6/tools/compiler/ti-cgt-arm_5.2.6/bin/armcl" -mv7M4 --code_state=16 --float_support=FPv4SPD16 --abi=eabi -me --include_path="C:/ti/ccsv6/tools/compiler/ti-cgt-arm_5.2.6/include" --include_path="C:/ti/TivaWare_C_Series-2.1.1.71" -g --define=DEBUG --define=PART_TM4C123GH6PM --define=TARGET_IS_BLIZZARD_RB1 --display_error_number --diag_warning=225 --diag_wrap=off --preproc_with_compile --preproc_dependency="main.pp"  "../main.c"
"../main.c", line 68: warning #183-D: argument is incompatible with corresponding format string conversion
'Finished building: ../main.c'
' '
'Building target: lab12.out'
'Invoking: ARM Linker'
"C:/ti/ccsv6/tools/compiler/ti-cgt-arm_5.2.6/bin/armcl" -mv7M4 --code_state=16 --float_support=FPv4SPD16 --abi=eabi -me -g --define=DEBUG --define=PART_TM4C123GH6PM --define=TARGET_IS_BLIZZARD_RB1 --display_error_number --diag_warning=225 --diag_wrap=off -z -m"lab12.map" --heap_size=0 --stack_size=2500 -i"C:/ti/ccsv6/tools/compiler/ti-cgt-arm_5.2.6/lib" -i"C:/ti/ccsv6/tools/compiler/ti-cgt-arm_5.2.6/include" --reread_libs --warn_sections --display_error_number --diag_wrap=off --xml_link_info="lab12_linkInfo.xml" --rom_model -o "lab12.out" "./SensorPins.obj" "./main.obj" "./tm4c123gh6pm_startup_ccs.obj" "C:/ti/TivaWare_C_Series-2.1.1.71/driverlib/ccs/Debug/driverlib.lib" "../tm4c123gh6pm.cmd"  -l"libc.a" 
<Linking>
'Finished building target: lab12.out'
' '

**** Build Finished ****

**** Build of configuration Debug for project lab12 ****

"C:\\ti\\ccsv6\\utils\\bin\\gmake" -k all 
gmake: Nothing to be done for `all'.

**** Build Finished ****

**** Build of configuration Debug for project lab12 ****

"C:\\ti\\ccsv6\\utils\\bin\\gmake" -k all 
gmake: Nothing to be done for `all'.

**** Build Finished ****

**** Build of configuration Debug for project lab12 ****

"C:\\ti\\ccsv6\\utils\\bin\\gmake" -k all 
gmake: Nothing to be done for `all'.

**** Build Finished ****

**** Build of configuration Debug for project lab12 ****

"C:\\ti\\ccsv6\\utils\\bin\\gmake" -k all 
'Building file: ../main.c'
'Invoking: ARM Compiler'
"C:/ti/ccsv6/tools/compiler/ti-cgt-arm_5.2.6/bin/armcl" -mv7M4 --code_state=16 --float_support=FPv4SPD16 --abi=eabi -me --include_path="C:/ti/ccsv6/tools/compiler/ti-cgt-arm_5.2.6/include" --include_path="C:/ti/TivaWare_C_Series-2.1.1.71" -g --define=DEBUG --define=PART_TM4C123GH6PM --define=TARGET_IS_BLIZZARD_RB1 --display_error_number --diag_warning=225 --diag_wrap=off --preproc_with_compile --preproc_dependency="main.pp"  "../main.c"
"../main.c", line 70: warning #183-D: argument is incompatible with corresponding format string conversion
'Finished building: ../main.c'
' '
'Building target: lab12.out'
'Invoking: ARM Linker'
"C:/ti/ccsv6/tools/compiler/ti-cgt-arm_5.2.6/bin/armcl" -mv7M4 --code_state=16 --float_support=FPv4SPD16 --abi=eabi -me -g --define=DEBUG --define=PART_TM4C123GH6PM --define=TARGET_IS_BLIZZARD_RB1 --display_error_number --diag_warning=225 --diag_wrap=off -z -m"lab12.map" --heap_size=0 --stack_size=2500 -i"C:/ti/ccsv6/tools/compiler/ti-cgt-arm_5.2.6/lib" -i"C:/ti/ccsv6/tools/compiler/ti-cgt-arm_5.2.6/include" --reread_libs --warn_sections --display_error_number --diag_wrap=off --xml_link_info="lab12_linkInfo.xml" --rom_model -o "lab12.out" "./SensorPins.obj" "./main.obj" "./tm4c123gh6pm_startup_ccs.obj" "C:/ti/TivaWare_C_Series-2.1.1.71/driverlib/ccs/Debug/driverlib.lib" "../tm4c123gh6pm.cmd"  -l"libc.a" 
<Linking>
'Finished building target: lab12.out'
' '

**** Build Finished ****

**** Build of configuration Debug for project lab12 ****

"C:\\ti\\ccsv6\\utils\\bin\\gmake" -k all 
'Building file: ../main.c'
'Invoking: ARM Compiler'
"C:/ti/ccsv6/tools/compiler/ti-cgt-arm_5.2.6/bin/armcl" -mv7M4 --code_state=16 --float_support=FPv4SPD16 --abi=eabi -me --include_path="C:/ti/ccsv6/tools/compiler/ti-cgt-arm_5.2.6/include" --include_path="C:/ti/TivaWare_C_Series-2.1.1.71" -g --define=DEBUG --define=PART_TM4C123GH6PM --define=TARGET_IS_BLIZZARD_RB1 --display_error_number --diag_warning=225 --diag_wrap=off --preproc_with_compile --preproc_dependency="main.pp"  "../main.c"
'Finished building: ../main.c'
' '
'Building target: lab12.out'
'Invoking: ARM Linker'
"C:/ti/ccsv6/tools/compiler/ti-cgt-arm_5.2.6/bin/armcl" -mv7M4 --code_state=16 --float_support=FPv4SPD16 --abi=eabi -me -g --define=DEBUG --define=PART_TM4C123GH6PM --define=TARGET_IS_BLIZZARD_RB1 --display_error_number --diag_warning=225 --diag_wrap=off -z -m"lab12.map" --heap_size=0 --stack_size=2500 -i"C:/ti/ccsv6/tools/compiler/ti-cgt-arm_5.2.6/lib" -i"C:/ti/ccsv6/tools/compiler/ti-cgt-arm_5.2.6/include" --reread_libs --warn_sections --display_error_number --diag_wrap=off --xml_link_info="lab12_linkInfo.xml" --rom_model -o "lab12.out" "./SensorPins.obj" "./main.obj" "./tm4c123gh6pm_startup_ccs.obj" "C:/ti/TivaWare_C_Series-2.1.1.71/driverlib/ccs/Debug/driverlib.lib" "../tm4c123gh6pm.cmd"  -l"libc.a" 
<Linking>
'Finished building target: lab12.out'
' '

**** Build Finished ****

**** Build of configuration Debug for project lab12 ****

"C:\\ti\\ccsv6\\utils\\bin\\gmake" -k all 
gmake: Nothing to be done for `all'.

**** Build Finished ****

**** Build of configuration Debug for project lab12 ****

"C:\\ti\\ccsv6\\utils\\bin\\gmake" -k all 
gmake: Nothing to be done for `all'.

**** Build Finished ****

**** Build of configuration Debug for project lab12 ****

"C:\\ti\\ccsv6\\utils\\bin\\gmake" -k all 
'Building target: lab12.out'
'Invoking: ARM Linker'
"C:/ti/ccsv6/tools/compiler/ti-cgt-arm_5.2.6/bin/armcl" -mv7M4 --code_state=16 --float_support=FPv4SPD16 --abi=eabi -me -g --define=DEBUG --define=PART_TM4C123GH6PM --define=TARGET_IS_BLIZZARD_RB1 --display_error_number --diag_warning=225 --diag_wrap=off -z -m"lab12.map" --heap_size=0 --stack_size=5000 -i"C:/ti/ccsv6/tools/compiler/ti-cgt-arm_5.2.6/lib" -i"C:/ti/ccsv6/tools/compiler/ti-cgt-arm_5.2.6/include" --reread_libs --warn_sections --display_error_number --diag_wrap=off --xml_link_info="lab12_linkInfo.xml" --rom_model -o "lab12.out" "./SensorPins.obj" "./main.obj" "./tm4c123gh6pm_startup_ccs.obj" "C:/ti/TivaWare_C_Series-2.1.1.71/driverlib/ccs/Debug/driverlib.lib" "../tm4c123gh6pm.cmd"  -l"libc.a" 
<Linking>
'Finished building target: lab12.out'
' '

**** Build Finished ****

**** Build of configuration Debug for project lab12 ****

"C:\\ti\\ccsv6\\utils\\bin\\gmake" -k all 
gmake: Nothing to be done for `all'.

**** Build Finished ****

**** Build of configuration Debug for project lab12 ****

"C:\\ti\\ccsv6\\utils\\bin\\gmake" -k all 
'Building file: ../main.c'
'Invoking: ARM Compiler'
"C:/ti/ccsv6/tools/compiler/ti-cgt-arm_5.2.6/bin/armcl" -mv7M4 --code_state=16 --float_support=FPv4SPD16 --abi=eabi -me --include_path="C:/ti/ccsv6/tools/compiler/ti-cgt-arm_5.2.6/include" --include_path="C:/ti/TivaWare_C_Series-2.1.1.71" -g --define=DEBUG --define=PART_TM4C123GH6PM --define=TARGET_IS_BLIZZARD_RB1 --display_error_number --diag_warning=225 --diag_wrap=off --preproc_with_compile --preproc_dependency="main.pp"  "../main.c"
'Finished building: ../main.c'
' '
'Building target: lab12.out'
'Invoking: ARM Linker'
"C:/ti/ccsv6/tools/compiler/ti-cgt-arm_5.2.6/bin/armcl" -mv7M4 --code_state=16 --float_support=FPv4SPD16 --abi=eabi -me -g --define=DEBUG --define=PART_TM4C123GH6PM --define=TARGET_IS_BLIZZARD_RB1 --display_error_number --diag_warning=225 --diag_wrap=off -z -m"lab12.map" --heap_size=0 --stack_size=5000 -i"C:/ti/ccsv6/tools/compiler/ti-cgt-arm_5.2.6/lib" -i"C:/ti/ccsv6/tools/compiler/ti-cgt-arm_5.2.6/include" --reread_libs --warn_sections --display_error_number --diag_wrap=off --xml_link_info="lab12_linkInfo.xml" --rom_model -o "lab12.out" "./SensorPins.obj" "./main.obj" "./tm4c123gh6pm_startup_ccs.obj" "C:/ti/TivaWare_C_Series-2.1.1.71/driverlib/ccs/Debug/driverlib.lib" "../tm4c123gh6pm.cmd"  -l"libc.a" 
<Linking>
'Finished building target: lab12.out'
' '

**** Build Finished ****

**** Build of configuration Debug for project lab12 ****

"C:\\ti\\ccsv6\\utils\\bin\\gmake" -k all 
gmake: Nothing to be done for `all'.

**** Build Finished ****

**** Build of configuration Debug for project lab12 ****

"C:\\ti\\ccsv6\\utils\\bin\\gmake" -k all 
'Building file: ../main.c'
'Invoking: ARM Compiler'
"C:/ti/ccsv6/tools/compiler/ti-cgt-arm_5.2.6/bin/armcl" -mv7M4 --code_state=16 --float_support=FPv4SPD16 --abi=eabi -me --include_path="C:/ti/ccsv6/tools/compiler/ti-cgt-arm_5.2.6/include" --include_path="C:/ti/TivaWare_C_Series-2.1.1.71" -g --define=DEBUG --define=PART_TM4C123GH6PM --define=TARGET_IS_BLIZZARD_RB1 --display_error_number --diag_warning=225 --diag_wrap=off --preproc_with_compile --preproc_dependency="main.pp"  "../main.c"
'Finished building: ../main.c'
' '
'Building target: lab12.out'
'Invoking: ARM Linker'
"C:/ti/ccsv6/tools/compiler/ti-cgt-arm_5.2.6/bin/armcl" -mv7M4 --code_state=16 --float_support=FPv4SPD16 --abi=eabi -me -g --define=DEBUG --define=PART_TM4C123GH6PM --define=TARGET_IS_BLIZZARD_RB1 --display_error_number --diag_warning=225 --diag_wrap=off -z -m"lab12.map" --heap_size=0 --stack_size=5000 -i"C:/ti/ccsv6/tools/compiler/ti-cgt-arm_5.2.6/lib" -i"C:/ti/ccsv6/tools/compiler/ti-cgt-arm_5.2.6/include" --reread_libs --warn_sections --display_error_number --diag_wrap=off --xml_link_info="lab12_linkInfo.xml" --rom_model -o "lab12.out" "./SensorPins.obj" "./main.obj" "./tm4c123gh6pm_startup_ccs.obj" "C:/ti/TivaWare_C_Series-2.1.1.71/driverlib/ccs/Debug/driverlib.lib" "../tm4c123gh6pm.cmd"  -l"libc.a" 
<Linking>
'Finished building target: lab12.out'
' '

**** Build Finished ****

**** Build of configuration Debug for project lab12 ****

"C:\\ti\\ccsv6\\utils\\bin\\gmake" -k all 
gmake: Nothing to be done for `all'.

**** Build Finished ****

**** Build of configuration Debug for project lab12 ****

"C:\\ti\\ccsv6\\utils\\bin\\gmake" -k all 
gmake: Nothing to be done for `all'.

**** Build Finished ****

**** Build of configuration Debug for project lab12 ****

"C:\\ti\\ccsv6\\utils\\bin\\gmake" -k all 
gmake: Nothing to be done for `all'.

**** Build Finished ****

**** Build of configuration Debug for project lab12 ****

"C:\\ti\\ccsv6\\utils\\bin\\gmake" -k all 
'Building file: ../main.c'
'Invoking: ARM Compiler'
"C:/ti/ccsv6/tools/compiler/ti-cgt-arm_5.2.6/bin/armcl" -mv7M4 --code_state=16 --float_support=FPv4SPD16 --abi=eabi -me --include_path="C:/ti/ccsv6/tools/compiler/ti-cgt-arm_5.2.6/include" --include_path="C:/ti/TivaWare_C_Series-2.1.1.71" -g --define=DEBUG --define=PART_TM4C123GH6PM --define=TARGET_IS_BLIZZARD_RB1 --display_error_number --diag_warning=225 --diag_wrap=off --preproc_with_compile --preproc_dependency="main.pp"  "../main.c"
"../main.c", line 19: fatal error #1965: cannot open source file "hw_gpio.h"
1 catastrophic error detected in the compilation of "../main.c".
Compilation terminated.

>> Compilation failure
gmake: *** [main.obj] Error 1
gmake: Target `all' not remade because of errors.

**** Build Finished ****

**** Build of configuration Debug for project lab12 ****

"C:\\ti\\ccsv6\\utils\\bin\\gmake" -k all 
'Building file: ../main.c'
'Invoking: ARM Compiler'
"C:/ti/ccsv6/tools/compiler/ti-cgt-arm_5.2.6/bin/armcl" -mv7M4 --code_state=16 --float_support=FPv4SPD16 --abi=eabi -me --include_path="C:/ti/ccsv6/tools/compiler/ti-cgt-arm_5.2.6/include" --include_path="C:/ti/TivaWare_C_Series-2.1.1.71" -g --define=DEBUG --define=PART_TM4C123GH6PM --define=TARGET_IS_BLIZZARD_RB1 --display_error_number --diag_warning=225 --diag_wrap=off --preproc_with_compile --preproc_dependency="main.pp"  "../main.c"
"../main.c", line 19: fatal error #1965: cannot open source file "hw_gpio.h"
1 catastrophic error detected in the compilation of "../main.c".
Compilation terminated.

>> Compilation failure
gmake: *** [main.obj] Error 1
gmake: Target `all' not remade because of errors.

**** Build Finished ****

**** Build of configuration Debug for project lab12 ****

"C:\\ti\\ccsv6\\utils\\bin\\gmake" -k all 
'Building file: ../main.c'
'Invoking: ARM Compiler'
"C:/ti/ccsv6/tools/compiler/ti-cgt-arm_5.2.6/bin/armcl" -mv7M4 --code_state=16 --float_support=FPv4SPD16 --abi=eabi -me --include_path="C:/ti/ccsv6/tools/compiler/ti-cgt-arm_5.2.6/include" --include_path="C:/ti/TivaWare_C_Series-2.1.1.71" -g --define=DEBUG --define=PART_TM4C123GH6PM --define=TARGET_IS_BLIZZARD_RB1 --display_error_number --diag_warning=225 --diag_wrap=off --preproc_with_compile --preproc_dependency="main.pp"  "../main.c"
"../main.c", line 22: fatal error #1965: cannot open source file "gpio.h"
1 catastrophic error detected in the compilation of "../main.c".
Compilation terminated.

>> Compilation failure
gmake: *** [main.obj] Error 1
gmake: Target `all' not remade because of errors.

**** Build Finished ****

**** Build of configuration Debug for project lab12 ****

"C:\\ti\\ccsv6\\utils\\bin\\gmake" -k all 
'Building file: ../main.c'
'Invoking: ARM Compiler'
"C:/ti/ccsv6/tools/compiler/ti-cgt-arm_5.2.6/bin/armcl" -mv7M4 --code_state=16 --float_support=FPv4SPD16 --abi=eabi -me --include_path="C:/ti/ccsv6/tools/compiler/ti-cgt-arm_5.2.6/include" --include_path="C:/ti/TivaWare_C_Series-2.1.1.71" -g --define=DEBUG --define=PART_TM4C123GH6PM --define=TARGET_IS_BLIZZARD_RB1 --display_error_number --diag_warning=225 --diag_wrap=off --preproc_with_compile --preproc_dependency="main.pp"  "../main.c"
"../main.c", line 22: fatal error #1965: cannot open source file "pwm.h"
1 catastrophic error detected in the compilation of "../main.c".
Compilation terminated.

>> Compilation failure
gmake: *** [main.obj] Error 1
gmake: Target `all' not remade because of errors.

**** Build Finished ****

**** Build of configuration Debug for project lab12 ****

"C:\\ti\\ccsv6\\utils\\bin\\gmake" -k all 
'Building file: ../main.c'
'Invoking: ARM Compiler'
"C:/ti/ccsv6/tools/compiler/ti-cgt-arm_5.2.6/bin/armcl" -mv7M4 --code_state=16 --float_support=FPv4SPD16 --abi=eabi -me --include_path="C:/ti/ccsv6/tools/compiler/ti-cgt-arm_5.2.6/include" --include_path="C:/ti/TivaWare_C_Series-2.1.1.71" -g --define=DEBUG --define=PART_TM4C123GH6PM --define=TARGET_IS_BLIZZARD_RB1 --display_error_number --diag_warning=225 --diag_wrap=off --preproc_with_compile --preproc_dependency="main.pp"  "../main.c"
"../main.c", line 23: fatal error #1965: cannot open source file "sysctl.h"
1 catastrophic error detected in the compilation of "../main.c".
Compilation terminated.

>> Compilation failure
gmake: *** [main.obj] Error 1
gmake: Target `all' not remade because of errors.

**** Build Finished ****

**** Build of configuration Debug for project lab12 ****

"C:\\ti\\ccsv6\\utils\\bin\\gmake" -k all 
'Building file: ../main.c'
'Invoking: ARM Compiler'
"C:/ti/ccsv6/tools/compiler/ti-cgt-arm_5.2.6/bin/armcl" -mv7M4 --code_state=16 --float_support=FPv4SPD16 --abi=eabi -me --include_path="C:/ti/ccsv6/tools/compiler/ti-cgt-arm_5.2.6/include" --include_path="C:/ti/TivaWare_C_Series-2.1.1.71" -g --define=DEBUG --define=PART_TM4C123GH6PM --define=TARGET_IS_BLIZZARD_RB1 --display_error_number --diag_warning=225 --diag_wrap=off --preproc_with_compile --preproc_dependency="main.pp"  "../main.c"
"../main.c", line 12: fatal error #1965: cannot open source file "driverlib/cycle.h"
1 catastrophic error detected in the compilation of "../main.c".
Compilation terminated.

>> Compilation failure
gmake: *** [main.obj] Error 1
gmake: Target `all' not remade because of errors.

**** Build Finished ****

**** Build of configuration Debug for project lab12 ****

"C:\\ti\\ccsv6\\utils\\bin\\gmake" -k all 
'Building file: ../main.c'
'Invoking: ARM Compiler'
"C:/ti/ccsv6/tools/compiler/ti-cgt-arm_5.2.6/bin/armcl" -mv7M4 --code_state=16 --float_support=FPv4SPD16 --abi=eabi -me --include_path="C:/ti/ccsv6/tools/compiler/ti-cgt-arm_5.2.6/include" --include_path="C:/ti/TivaWare_C_Series-2.1.1.71" -g --define=DEBUG --define=PART_TM4C123GH6PM --define=TARGET_IS_BLIZZARD_RB1 --display_error_number --diag_warning=225 --diag_wrap=off --preproc_with_compile --preproc_dependency="main.pp"  "../main.c"
"../main.c", line 20: fatal error #1965: cannot open source file "driverlib/inter"
1 catastrophic error detected in the compilation of "../main.c".
Compilation terminated.

>> Compilation failure
gmake: *** [main.obj] Error 1
gmake: Target `all' not remade because of errors.

**** Build Finished ****

**** Build of configuration Debug for project lab12 ****

"C:\\ti\\ccsv6\\utils\\bin\\gmake" -k all 
'Building file: ../main.c'
'Invoking: ARM Compiler'
"C:/ti/ccsv6/tools/compiler/ti-cgt-arm_5.2.6/bin/armcl" -mv7M4 --code_state=16 --float_support=FPv4SPD16 --abi=eabi -me --include_path="C:/ti/ccsv6/tools/compiler/ti-cgt-arm_5.2.6/include" --include_path="C:/ti/TivaWare_C_Series-2.1.1.71" -g --define=DEBUG --define=PART_TM4C123GH6PM --define=TARGET_IS_BLIZZARD_RB1 --display_error_number --diag_warning=225 --diag_wrap=off --preproc_with_compile --preproc_dependency="main.pp"  "../main.c"
"../main.c", line 21: fatal error #1965: cannot open source file "interrupt.h"
1 catastrophic error detected in the compilation of "../main.c".
Compilation terminated.

>> Compilation failure
gmake: *** [main.obj] Error 1
gmake: Target `all' not remade because of errors.

**** Build Finished ****

**** Build of configuration Debug for project lab12 ****

"C:\\ti\\ccsv6\\utils\\bin\\gmake" -k all 
'Building file: ../main.c'
'Invoking: ARM Compiler'
"C:/ti/ccsv6/tools/compiler/ti-cgt-arm_5.2.6/bin/armcl" -mv7M4 --code_state=16 --float_support=FPv4SPD16 --abi=eabi -me --include_path="C:/ti/ccsv6/tools/compiler/ti-cgt-arm_5.2.6/include" --include_path="C:/ti/TivaWare_C_Series-2.1.1.71" -g --define=DEBUG --define=PART_TM4C123GH6PM --define=TARGET_IS_BLIZZARD_RB1 --display_error_number --diag_warning=225 --diag_wrap=off --preproc_with_compile --preproc_dependency="main.pp"  "../main.c"
"../main.c", line 21: fatal error #1965: cannot open source file "driverlib/termio.h"
1 catastrophic error detected in the compilation of "../main.c".
Compilation terminated.

>> Compilation failure
gmake: *** [main.obj] Error 1
gmake: Target `all' not remade because of errors.

**** Build Finished ****

**** Build of configuration Debug for project lab12 ****

"C:\\ti\\ccsv6\\utils\\bin\\gmake" -k all 
'Building file: ../main.c'
'Invoking: ARM Compiler'
"C:/ti/ccsv6/tools/compiler/ti-cgt-arm_5.2.6/bin/armcl" -mv7M4 --code_state=16 --float_support=FPv4SPD16 --abi=eabi -me --include_path="C:/ti/ccsv6/tools/compiler/ti-cgt-arm_5.2.6/include" --include_path="C:/ti/TivaWare_C_Series-2.1.1.71" -g --define=DEBUG --define=PART_TM4C123GH6PM --define=TARGET_IS_BLIZZARD_RB1 --display_error_number --diag_warning=225 --diag_wrap=off --preproc_with_compile --preproc_dependency="main.pp"  "../main.c"
"../main.c", line 21: fatal error #1965: cannot open source file "utils/termio.h"
1 catastrophic error detected in the compilation of "../main.c".
Compilation terminated.

>> Compilation failure
gmake: *** [main.obj] Error 1
gmake: Target `all' not remade because of errors.

**** Build Finished ****

**** Build of configuration Debug for project lab12 ****

"C:\\ti\\ccsv6\\utils\\bin\\gmake" -k all 
'Building file: ../main.c'
'Invoking: ARM Compiler'
"C:/ti/ccsv6/tools/compiler/ti-cgt-arm_5.2.6/bin/armcl" -mv7M4 --code_state=16 --float_support=FPv4SPD16 --abi=eabi -me --include_path="C:/ti/ccsv6/tools/compiler/ti-cgt-arm_5.2.6/include" --include_path="C:/ti/TivaWare_C_Series-2.1.1.71" -g --define=DEBUG --define=PART_TM4C123GH6PM --define=TARGET_IS_BLIZZARD_RB1 --display_error_number --diag_warning=225 --diag_wrap=off --preproc_with_compile --preproc_dependency="main.pp"  "../main.c"
"../main.c", line 21: fatal error #1965: cannot open source file "inc/termio.h"
1 catastrophic error detected in the compilation of "../main.c".
Compilation terminated.

>> Compilation failure
gmake: *** [main.obj] Error 1
gmake: Target `all' not remade because of errors.

**** Build Finished ****

**** Build of configuration Debug for project lab12 ****

"C:\\ti\\ccsv6\\utils\\bin\\gmake" -k all 
'Building file: ../main.c'
'Invoking: ARM Compiler'
"C:/ti/ccsv6/tools/compiler/ti-cgt-arm_5.2.6/bin/armcl" -mv7M4 --code_state=16 --float_support=FPv4SPD16 --abi=eabi -me --include_path="C:/ti/ccsv6/tools/compiler/ti-cgt-arm_5.2.6/include" --include_path="C:/ti/TivaWare_C_Series-2.1.1.71" -g --define=DEBUG --define=PART_TM4C123GH6PM --define=TARGET_IS_BLIZZARD_RB1 --display_error_number --diag_warning=225 --diag_wrap=off --preproc_with_compile --preproc_dependency="main.pp"  "../main.c"
'Finished building: ../main.c'
' '
'Building target: lab12.out'
'Invoking: ARM Linker'
"C:/ti/ccsv6/tools/compiler/ti-cgt-arm_5.2.6/bin/armcl" -mv7M4 --code_state=16 --float_support=FPv4SPD16 --abi=eabi -me -g --define=DEBUG --define=PART_TM4C123GH6PM --define=TARGET_IS_BLIZZARD_RB1 --display_error_number --diag_warning=225 --diag_wrap=off -z -m"lab12.map" --heap_size=0 --stack_size=5000 -i"C:/ti/ccsv6/tools/compiler/ti-cgt-arm_5.2.6/lib" -i"C:/ti/ccsv6/tools/compiler/ti-cgt-arm_5.2.6/include" --reread_libs --warn_sections --display_error_number --diag_wrap=off --xml_link_info="lab12_linkInfo.xml" --rom_model -o "lab12.out" "./SensorPins.obj" "./main.obj" "./tm4c123gh6pm_startup_ccs.obj" "C:/ti/TivaWare_C_Series-2.1.1.71/driverlib/ccs/Debug/driverlib.lib" "../tm4c123gh6pm.cmd"  -l"libc.a" 
<Linking>
'Finished building target: lab12.out'
' '

**** Build Finished ****

**** Build of configuration Debug for project lab12 ****

"C:\\ti\\ccsv6\\utils\\bin\\gmake" -k all 
'Building file: ../main.c'
'Invoking: ARM Compiler'
"C:/ti/ccsv6/tools/compiler/ti-cgt-arm_5.2.6/bin/armcl" -mv7M4 --code_state=16 --float_support=FPv4SPD16 --abi=eabi -me --include_path="C:/ti/ccsv6/tools/compiler/ti-cgt-arm_5.2.6/include" --include_path="C:/ti/TivaWare_C_Series-2.1.1.71" -g --define=DEBUG --define=PART_TM4C123GH6PM --define=TARGET_IS_BLIZZARD_RB1 --display_error_number --diag_warning=225 --diag_wrap=off --preproc_with_compile --preproc_dependency="main.pp"  "../main.c"
'Finished building: ../main.c'
' '
'Building target: lab12.out'
'Invoking: ARM Linker'
"C:/ti/ccsv6/tools/compiler/ti-cgt-arm_5.2.6/bin/armcl" -mv7M4 --code_state=16 --float_support=FPv4SPD16 --abi=eabi -me -g --define=DEBUG --define=PART_TM4C123GH6PM --define=TARGET_IS_BLIZZARD_RB1 --display_error_number --diag_warning=225 --diag_wrap=off -z -m"lab12.map" --heap_size=0 --stack_size=5000 -i"C:/ti/ccsv6/tools/compiler/ti-cgt-arm_5.2.6/lib" -i"C:/ti/ccsv6/tools/compiler/ti-cgt-arm_5.2.6/include" --reread_libs --warn_sections --display_error_number --diag_wrap=off --xml_link_info="lab12_linkInfo.xml" --rom_model -o "lab12.out" "./SensorPins.obj" "./main.obj" "./tm4c123gh6pm_startup_ccs.obj" "C:/ti/TivaWare_C_Series-2.1.1.71/driverlib/ccs/Debug/driverlib.lib" "../tm4c123gh6pm.cmd"  -l"libc.a" 
<Linking>
'Finished building target: lab12.out'
' '

**** Build Finished ****

**** Build of configuration Debug for project lab12 ****

"C:\\ti\\ccsv6\\utils\\bin\\gmake" -k all 
'Building file: ../main.c'
'Invoking: ARM Compiler'
"C:/ti/ccsv6/tools/compiler/ti-cgt-arm_5.2.6/bin/armcl" -mv7M4 --code_state=16 --float_support=FPv4SPD16 --abi=eabi -me --include_path="C:/ti/ccsv6/tools/compiler/ti-cgt-arm_5.2.6/include" --include_path="C:/ti/TivaWare_C_Series-2.1.1.71" -g --define=DEBUG --define=PART_TM4C123GH6PM --define=TARGET_IS_BLIZZARD_RB1 --display_error_number --diag_warning=225 --diag_wrap=off --preproc_with_compile --preproc_dependency="main.pp"  "../main.c"
'Finished building: ../main.c'
' '
'Building target: lab12.out'
'Invoking: ARM Linker'
"C:/ti/ccsv6/tools/compiler/ti-cgt-arm_5.2.6/bin/armcl" -mv7M4 --code_state=16 --float_support=FPv4SPD16 --abi=eabi -me -g --define=DEBUG --define=PART_TM4C123GH6PM --define=TARGET_IS_BLIZZARD_RB1 --display_error_number --diag_warning=225 --diag_wrap=off -z -m"lab12.map" --heap_size=0 --stack_size=5000 -i"C:/ti/ccsv6/tools/compiler/ti-cgt-arm_5.2.6/lib" -i"C:/ti/ccsv6/tools/compiler/ti-cgt-arm_5.2.6/include" --reread_libs --warn_sections --display_error_number --diag_wrap=off --xml_link_info="lab12_linkInfo.xml" --rom_model -o "lab12.out" "./SensorPins.obj" "./main.obj" "./tm4c123gh6pm_startup_ccs.obj" "C:/ti/TivaWare_C_Series-2.1.1.71/driverlib/ccs/Debug/driverlib.lib" "../tm4c123gh6pm.cmd"  -l"libc.a" 
<Linking>
'Finished building target: lab12.out'
' '

**** Build Finished ****

**** Build of configuration Debug for project lab12 ****

"C:\\ti\\ccsv6\\utils\\bin\\gmake" -k all 
'Building file: ../main.c'
'Invoking: ARM Compiler'
"C:/ti/ccsv6/tools/compiler/ti-cgt-arm_5.2.6/bin/armcl" -mv7M4 --code_state=16 --float_support=FPv4SPD16 --abi=eabi -me --include_path="C:/ti/ccsv6/tools/compiler/ti-cgt-arm_5.2.6/include" --include_path="C:/ti/TivaWare_C_Series-2.1.1.71" -g --define=DEBUG --define=PART_TM4C123GH6PM --define=TARGET_IS_BLIZZARD_RB1 --display_error_number --diag_warning=225 --diag_wrap=off --preproc_with_compile --preproc_dependency="main.pp"  "../main.c"
"../main.c", line 64: error #20: identifier "isr_uart2" is undefined
"../main.c", line 69: error #20: identifier "array_tx" is undefined
"../main.c", line 69: error #20: identifier "index_start_byte" is undefined
"../main.c", line 69: error #20: identifier "start_byte" is undefined
"../main.c", line 70: error #20: identifier "index_rw" is undefined
"../main.c", line 70: error #20: identifier "write" is undefined
"../main.c", line 71: error #20: identifier "index_reg_address" is undefined
"../main.c", line 71: error #20: identifier "reg_address_page" is undefined
"../main.c", line 72: error #20: identifier "index_data_length" is undefined
"../main.c", line 73: error #20: identifier "index_data" is undefined
"../main.c", line 73: error #20: identifier "page_zero" is undefined
"../main.c", line 83: error #20: identifier "array_rx" is undefined
"../main.c", line 83: error #20: identifier "index_rx" is undefined
"../main.c", line 109: error #20: identifier "packet_length_read" is undefined
"../main.c", line 120: error #20: identifier "array_tx" is undefined
"../main.c", line 120: error #20: identifier "index" is undefined
"../main.c", line 124: error #20: identifier "pageselectdone" is undefined
"../main.c", line 124: error #20: identifier "packet_length_write" is undefined
"../main.c", line 128: error #20: identifier "index_reg_address" is undefined
"../main.c", line 128: error #20: identifier "reg_address_opr" is undefined
"../main.c", line 129: error #20: identifier "index_data" is undefined
"../main.c", line 129: error #20: identifier "ndof_mode" is undefined
"../main.c", line 133: error #20: identifier "oprmodeselectdone" is undefined
"../main.c", line 137: error #20: identifier "index_reg_address" is undefined
"../main.c", line 137: error #20: identifier "reg_address_lia" is undefined
"../main.c", line 138: error #20: identifier "index_rw" is undefined

"../main.c", line 138: error #20: identifier "read" is undefined
>> Compilation failure
"../main.c", line 139: error #20: identifier "index_data_length" is undefined
"../main.c", line 144: error #20: identifier "packet_length_read" is undefined
29 errors detected in the compilation of "../main.c".
gmake: *** [main.obj] Error 1
gmake: Target `all' not remade because of errors.

**** Build Finished ****

**** Build of configuration Debug for project lab12 ****

"C:\\ti\\ccsv6\\utils\\bin\\gmake" -k all 
'Building file: ../main.c'
'Invoking: ARM Compiler'
"C:/ti/ccsv6/tools/compiler/ti-cgt-arm_5.2.6/bin/armcl" -mv7M4 --code_state=16 --float_support=FPv4SPD16 --abi=eabi -me --include_path="C:/ti/ccsv6/tools/compiler/ti-cgt-arm_5.2.6/include" --include_path="C:/ti/TivaWare_C_Series-2.1.1.71" -g --define=DEBUG --define=PART_TM4C123GH6PM --define=TARGET_IS_BLIZZARD_RB1 --display_error_number --diag_warning=225 --diag_wrap=off --preproc_with_compile --preproc_dependency="main.pp"  "../main.c"
"../main.c", line 45: warning #179-D: variable "tx_data" was declared but never referenced
"../main.c", line 46: warning #179-D: variable "rx_data" was declared but never referenced
'Finished building: ../main.c'
' '
'Building target: lab12.out'
'Invoking: ARM Linker'
"C:/ti/ccsv6/tools/compiler/ti-cgt-arm_5.2.6/bin/armcl" -mv7M4 --code_state=16 --float_support=FPv4SPD16 --abi=eabi -me -g --define=DEBUG --define=PART_TM4C123GH6PM --define=TARGET_IS_BLIZZARD_RB1 --display_error_number --diag_warning=225 --diag_wrap=off -z -m"lab12.map" --heap_size=0 --stack_size=5000 -i"C:/ti/ccsv6/tools/compiler/ti-cgt-arm_5.2.6/lib" -i"C:/ti/ccsv6/tools/compiler/ti-cgt-arm_5.2.6/include" --reread_libs --warn_sections --display_error_number --diag_wrap=off --xml_link_info="lab12_linkInfo.xml" --rom_model -o "lab12.out" "./SensorPins.obj" "./main.obj" "./tm4c123gh6pm_startup_ccs.obj" "C:/ti/TivaWare_C_Series-2.1.1.71/driverlib/ccs/Debug/driverlib.lib" "../tm4c123gh6pm.cmd"  -l"libc.a" 
<Linking>

 undefined  first referenced
  symbol        in file     
 ---------  ----------------
 UARTprintf ./main.obj      

error #10234-D: unresolved symbols remain

error #10010: errors encountered during linking; "lab12.out" not built
>> Compilation failure
gmake: *** [lab12.out] Error 1
gmake: Target `all' not remade because of errors.

**** Build Finished ****

**** Build of configuration Debug for project lab12 ****

"C:\\ti\\ccsv6\\utils\\bin\\gmake" -k all 
'Building file: ../main.c'
'Invoking: ARM Compiler'
"C:/ti/ccsv6/tools/compiler/ti-cgt-arm_5.2.6/bin/armcl" -mv7M4 --code_state=16 --float_support=FPv4SPD16 --abi=eabi -me --include_path="C:/ti/ccsv6/tools/compiler/ti-cgt-arm_5.2.6/include" --include_path="C:/ti/TivaWare_C_Series-2.1.1.71" -g --define=DEBUG --define=PART_TM4C123GH6PM --define=TARGET_IS_BLIZZARD_RB1 --display_error_number --diag_warning=225 --diag_wrap=off --preproc_with_compile --preproc_dependency="main.pp"  "../main.c"
"../main.c", line 44: warning #179-D: variable "tx_data" was declared but never referenced
"../main.c", line 45: warning #179-D: variable "rx_data" was declared but never referenced
'Finished building: ../main.c'
' '
'Building target: lab12.out'
'Invoking: ARM Linker'
"C:/ti/ccsv6/tools/compiler/ti-cgt-arm_5.2.6/bin/armcl" -mv7M4 --code_state=16 --float_support=FPv4SPD16 --abi=eabi -me -g --define=DEBUG --define=PART_TM4C123GH6PM --define=TARGET_IS_BLIZZARD_RB1 --display_error_number --diag_warning=225 --diag_wrap=off -z -m"lab12.map" --heap_size=0 --stack_size=5000 -i"C:/ti/ccsv6/tools/compiler/ti-cgt-arm_5.2.6/lib" -i"C:/ti/ccsv6/tools/compiler/ti-cgt-arm_5.2.6/include" --reread_libs --warn_sections --display_error_number --diag_wrap=off --xml_link_info="lab12_linkInfo.xml" --rom_model -o "lab12.out" "./SensorPins.obj" "./main.obj" "./tm4c123gh6pm_startup_ccs.obj" "C:/ti/TivaWare_C_Series-2.1.1.71/driverlib/ccs/Debug/driverlib.lib" "../tm4c123gh6pm.cmd"  -l"libc.a" 
<Linking>
'Finished building target: lab12.out'
' '

**** Build Finished ****

**** Build of configuration Debug for project lab12 ****

"C:\\ti\\ccsv6\\utils\\bin\\gmake" -k all 
'Building file: ../main.c'
'Invoking: ARM Compiler'
"C:/ti/ccsv6/tools/compiler/ti-cgt-arm_5.2.6/bin/armcl" -mv7M4 --code_state=16 --float_support=FPv4SPD16 --abi=eabi -me --include_path="C:/ti/ccsv6/tools/compiler/ti-cgt-arm_5.2.6/include" --include_path="C:/ti/TivaWare_C_Series-2.1.1.71" -g --define=DEBUG --define=PART_TM4C123GH6PM --define=TARGET_IS_BLIZZARD_RB1 --display_error_number --diag_warning=225 --diag_wrap=off --preproc_with_compile --preproc_dependency="main.pp"  "../main.c"
"../main.c", line 44: warning #179-D: variable "tx_data" was declared but never referenced
"../main.c", line 45: warning #179-D: variable "rx_data" was declared but never referenced
'Finished building: ../main.c'
' '
'Building target: lab12.out'
'Invoking: ARM Linker'
"C:/ti/ccsv6/tools/compiler/ti-cgt-arm_5.2.6/bin/armcl" -mv7M4 --code_state=16 --float_support=FPv4SPD16 --abi=eabi -me -g --define=DEBUG --define=PART_TM4C123GH6PM --define=TARGET_IS_BLIZZARD_RB1 --display_error_number --diag_warning=225 --diag_wrap=off -z -m"lab12.map" --heap_size=0 --stack_size=5000 -i"C:/ti/ccsv6/tools/compiler/ti-cgt-arm_5.2.6/lib" -i"C:/ti/ccsv6/tools/compiler/ti-cgt-arm_5.2.6/include" --reread_libs --warn_sections --display_error_number --diag_wrap=off --xml_link_info="lab12_linkInfo.xml" --rom_model -o "lab12.out" "./SensorPins.obj" "./main.obj" "./tm4c123gh6pm_startup_ccs.obj" "C:/ti/TivaWare_C_Series-2.1.1.71/driverlib/ccs/Debug/driverlib.lib" "../tm4c123gh6pm.cmd"  -l"libc.a" 
<Linking>
'Finished building target: lab12.out'
' '

**** Build Finished ****

**** Build of configuration Debug for project lab12 ****

"C:\\ti\\ccsv6\\utils\\bin\\gmake" -k all 
gmake: Nothing to be done for `all'.

**** Build Finished ****

**** Build of configuration Debug for project lab12 ****

"C:\\ti\\ccsv6\\utils\\bin\\gmake" -k all 
'Building file: ../main.c'
'Invoking: ARM Compiler'
"C:/ti/ccsv6/tools/compiler/ti-cgt-arm_5.2.6/bin/armcl" -mv7M4 --code_state=16 --float_support=FPv4SPD16 --abi=eabi -me --include_path="C:/ti/ccsv6/tools/compiler/ti-cgt-arm_5.2.6/include" --include_path="C:/ti/TivaWare_C_Series-2.1.1.71" -g --define=DEBUG --define=PART_TM4C123GH6PM --define=TARGET_IS_BLIZZARD_RB1 --display_error_number --diag_warning=225 --diag_wrap=off --preproc_with_compile --preproc_dependency="main.pp"  "../main.c"
"../main.c", line 44: warning #179-D: variable "tx_data" was declared but never referenced
"../main.c", line 45: warning #179-D: variable "rx_data" was declared but never referenced
'Finished building: ../main.c'
' '
'Building target: lab12.out'
'Invoking: ARM Linker'
"C:/ti/ccsv6/tools/compiler/ti-cgt-arm_5.2.6/bin/armcl" -mv7M4 --code_state=16 --float_support=FPv4SPD16 --abi=eabi -me -g --define=DEBUG --define=PART_TM4C123GH6PM --define=TARGET_IS_BLIZZARD_RB1 --display_error_number --diag_warning=225 --diag_wrap=off -z -m"lab12.map" --heap_size=0 --stack_size=5000 -i"C:/ti/ccsv6/tools/compiler/ti-cgt-arm_5.2.6/lib" -i"C:/ti/ccsv6/tools/compiler/ti-cgt-arm_5.2.6/include" --reread_libs --warn_sections --display_error_number --diag_wrap=off --xml_link_info="lab12_linkInfo.xml" --rom_model -o "lab12.out" "./SensorPins.obj" "./main.obj" "./tm4c123gh6pm_startup_ccs.obj" "C:/ti/TivaWare_C_Series-2.1.1.71/driverlib/ccs/Debug/driverlib.lib" "../tm4c123gh6pm.cmd"  -l"libc.a" 
<Linking>
'Finished building target: lab12.out'
' '

**** Build Finished ****

**** Build of configuration Debug for project lab12 ****

"C:\\ti\\ccsv6\\utils\\bin\\gmake" -k all 
gmake: Nothing to be done for `all'.

**** Build Finished ****

**** Build of configuration Debug for project lab12 ****

"C:\\ti\\ccsv6\\utils\\bin\\gmake" -k all 
gmake: Nothing to be done for `all'.

**** Build Finished ****

**** Build of configuration Debug for project lab12 ****

"C:\\ti\\ccsv6\\utils\\bin\\gmake" -k all 
gmake: Nothing to be done for `all'.

**** Build Finished ****

**** Build of configuration Debug for project lab12 ****

"C:\\ti\\ccsv6\\utils\\bin\\gmake" -k all 
gmake: Nothing to be done for `all'.

**** Build Finished ****

**** Build of configuration Debug for project lab12 ****

"C:\\ti\\ccsv6\\utils\\bin\\gmake" -k all 
'Building file: ../main.c'
'Invoking: ARM Compiler'
"C:/ti/ccsv6/tools/compiler/ti-cgt-arm_5.2.6/bin/armcl" -mv7M4 --code_state=16 --float_support=FPv4SPD16 --abi=eabi -me --include_path="C:/ti/ccsv6/tools/compiler/ti-cgt-arm_5.2.6/include" --include_path="C:/ti/TivaWare_C_Series-2.1.1.71" -g --define=DEBUG --define=PART_TM4C123GH6PM --define=TARGET_IS_BLIZZARD_RB1 --display_error_number --diag_warning=225 --diag_wrap=off --preproc_with_compile --preproc_dependency="main.pp"  "../main.c"
"../main.c", line 44: warning #179-D: variable "tx_data" was declared but never referenced
"../main.c", line 45: warning #179-D: variable "rx_data" was declared but never referenced
'Finished building: ../main.c'
' '
'Building target: lab12.out'
'Invoking: ARM Linker'
"C:/ti/ccsv6/tools/compiler/ti-cgt-arm_5.2.6/bin/armcl" -mv7M4 --code_state=16 --float_support=FPv4SPD16 --abi=eabi -me -g --define=DEBUG --define=PART_TM4C123GH6PM --define=TARGET_IS_BLIZZARD_RB1 --display_error_number --diag_warning=225 --diag_wrap=off -z -m"lab12.map" --heap_size=0 --stack_size=5000 -i"C:/ti/ccsv6/tools/compiler/ti-cgt-arm_5.2.6/lib" -i"C:/ti/ccsv6/tools/compiler/ti-cgt-arm_5.2.6/include" --reread_libs --warn_sections --display_error_number --diag_wrap=off --xml_link_info="lab12_linkInfo.xml" --rom_model -o "lab12.out" "./SensorPins.obj" "./main.obj" "./tm4c123gh6pm_startup_ccs.obj" "C:/ti/TivaWare_C_Series-2.1.1.71/driverlib/ccs/Debug/driverlib.lib" "../tm4c123gh6pm.cmd"  -l"libc.a" 
<Linking>
'Finished building target: lab12.out'
' '

**** Build Finished ****

**** Build of configuration Debug for project lab12 ****

"C:\\ti\\ccsv6\\utils\\bin\\gmake" -k all 
gmake: Nothing to be done for `all'.

**** Build Finished ****

**** Build of configuration Debug for project testme3 ****

"C:\\ti\\ccsv6\\utils\\bin\\gmake" -k all 
'Building file: testme3.cpp'
'Invoking: GNU Compiler'
"C:/ti/ccsv6/tools/compiler/gcc-arm-none-eabi-4_8-2014q3/bin/arm-none-eabi-gcc.exe" -c -mcpu=cortex-m4 -march=armv7e-m -mthumb -mfloat-abi=hard -mfpu=fpv4-sp-d16 -fno-exceptions -DF_CPU=80000000L -DARDUINO=101 -DENERGIA=13 -I"C:/Program Files/Energia/hardware/lm4f/cores/lm4f" -I"C:/Program Files/Energia/hardware/lm4f/variants/stellarpad" -I"C:/ti/ccsv6/tools/compiler/gcc-arm-none-eabi-4_8-2014q3/arm-none-eabi/include" -I"C:/Users/Chris/workspace_v6_1/testme3" -Os -ffunction-sections -fdata-sections -fsingle-precision-constant -g -gdwarf-3 -gstrict-dwarf -Wall -MMD -MP -MF"testme3.d" -MT"testme3.d" -fno-rtti -o"testme3.o"  "testme3.cpp"
'Finished building: testme3.cpp'
' '
'Building target: testme3.out'
'Invoking: GNU Linker'
"C:/ti/ccsv6/tools/compiler/gcc-arm-none-eabi-4_8-2014q3/bin/arm-none-eabi-gcc.exe" -march=armv7e-m -mthumb -mfloat-abi=hard -mfpu=fpv4-sp-d16 -fno-exceptions -DF_CPU=80000000L -DARDUINO=101 -DENERGIA=13 -Os -ffunction-sections -fdata-sections -fsingle-precision-constant -g -gdwarf-3 -gstrict-dwarf -Wall --entry ResetISR -nostartfiles -nostdlib -Wl,--gc-sections -L"C:/Users/Chris/workspace_v6_1/lptm4c1230c3pm_core/Debug" -o"testme3.out" "./testme3.o"  -Wl,--start-group -Wl,-T"C:/Program Files/Energia/hardware/lm4f/cores/lm4f/lm4fcpp_blizzard.ld" -l"lptm4c1230c3pm_core" -l"m" -l"c" -l"gcc" -Wl,--end-group 
'Finished building target: testme3.out'
' '
'Invoking: GNU Objcopy Utility'
"C:/ti/ccsv6/tools/compiler/gcc-arm-none-eabi-4_8-2014q3/bin/arm-none-eabi-objcopy.exe" -O binary  "testme3.out"  "testme3.bin"
'Finished building: testme3.bin'
' '

**** Build Finished ****

**** Build of configuration Debug for project testme3 ****

"C:\\ti\\ccsv6\\utils\\bin\\gmake" -k all 
'Building file: testme3.cpp'
'Invoking: GNU Compiler'
"C:/ti/ccsv6/tools/compiler/gcc-arm-none-eabi-4_8-2014q3/bin/arm-none-eabi-gcc.exe" -c -mcpu=cortex-m4 -march=armv7e-m -mthumb -mfloat-abi=hard -mfpu=fpv4-sp-d16 -fno-exceptions -DF_CPU=80000000L -DARDUINO=101 -DENERGIA=13 -I"C:/Program Files/Energia/hardware/lm4f/cores/lm4f" -I"E:/SensorBoard/SensorBoard" -I"C:/Program Files/Energia/hardware/lm4f/variants/stellarpad" -I"C:/ti/ccsv6/tools/compiler/gcc-arm-none-eabi-4_8-2014q3/arm-none-eabi/include" -I"C:/Users/Chris/workspace_v6_1/testme3" -Os -ffunction-sections -fdata-sections -fsingle-precision-constant -g -gdwarf-3 -gstrict-dwarf -Wall -MMD -MP -MF"testme3.d" -MT"testme3.d" -fno-rtti -o"testme3.o"  "testme3.cpp"
'Finished building: testme3.cpp'
' '
'Building target: testme3.out'
'Invoking: GNU Linker'
"C:/ti/ccsv6/tools/compiler/gcc-arm-none-eabi-4_8-2014q3/bin/arm-none-eabi-gcc.exe" -march=armv7e-m -mthumb -mfloat-abi=hard -mfpu=fpv4-sp-d16 -fno-exceptions -DF_CPU=80000000L -DARDUINO=101 -DENERGIA=13 -Os -ffunction-sections -fdata-sections -fsingle-precision-constant -g -gdwarf-3 -gstrict-dwarf -Wall --entry ResetISR -nostartfiles -nostdlib -Wl,--gc-sections -L"C:/Users/Chris/workspace_v6_1/lptm4c1230c3pm_core/Debug" -o"testme3.out" "./testme3.o"  -Wl,--start-group -Wl,-T"C:/Program Files/Energia/hardware/lm4f/cores/lm4f/lm4fcpp_blizzard.ld" -l"lptm4c1230c3pm_core" -l"m" -l"c" -l"gcc" -Wl,--end-group 
'Finished building target: testme3.out'
' '
'Invoking: GNU Objcopy Utility'
"C:/ti/ccsv6/tools/compiler/gcc-arm-none-eabi-4_8-2014q3/bin/arm-none-eabi-objcopy.exe" -O binary  "testme3.out"  "testme3.bin"
'Finished building: testme3.bin'
' '

**** Build Finished ****

**** Build of configuration Debug for project testme3 ****

"C:\\ti\\ccsv6\\utils\\bin\\gmake" -k all 
'Building file: testme3.cpp'
'Invoking: GNU Compiler'
"C:/ti/ccsv6/tools/compiler/gcc-arm-none-eabi-4_8-2014q3/bin/arm-none-eabi-gcc.exe" -c -mcpu=cortex-m4 -march=armv7e-m -mthumb -mfloat-abi=hard -mfpu=fpv4-sp-d16 -fno-exceptions -DF_CPU=80000000L -DARDUINO=101 -DENERGIA=13 -I"C:/Program Files/Energia/hardware/lm4f/cores/lm4f" -I"E:/SensorBoard/SensorBoard" -I"C:/Program Files/Energia/hardware/lm4f/variants/stellarpad" -I"C:/ti/ccsv6/tools/compiler/gcc-arm-none-eabi-4_8-2014q3/arm-none-eabi/include" -I"C:/Users/Chris/workspace_v6_1/testme3" -Os -ffunction-sections -fdata-sections -fsingle-precision-constant -g -gdwarf-3 -gstrict-dwarf -Wall -MMD -MP -MF"testme3.d" -MT"testme3.d" -fno-rtti -o"testme3.o"  "testme3.cpp"
C:/Users/Chris/workspace_v6_1/testme3/testme3.ino:2:20: fatal error: altSPI.h: No such file or directory
 #include <altSPI.h>
                    ^
compilation terminated.
gmake: *** [testme3.o] Error 1
gmake: Target `all' not remade because of errors.

**** Build Finished ****

**** Build of configuration Debug for project lptm4c1230c3pm_altSPI ****

"C:\\ti\\ccsv6\\utils\\bin\\gmake" -k all 
'Building file: C:/Users/Chris/Documents/Energia/libraries/altSPI/altSPI.cpp'
'Invoking: GNU Compiler'
"C:/ti/ccsv6/tools/compiler/gcc-arm-none-eabi-4_8-2014q3/bin/arm-none-eabi-gcc.exe" -c -mcpu=cortex-m4 -march=armv7e-m -mthumb -mfloat-abi=hard -mfpu=fpv4-sp-d16 -fno-exceptions -DF_CPU=80000000L -DARDUINO=101 -DENERGIA=13 -I"C:/Program Files/Energia/hardware/lm4f/cores/lm4f" -I"C:/Program Files/Energia/hardware/lm4f/variants/stellarpad" -I"C:/ti/ccsv6/tools/compiler/gcc-arm-none-eabi-4_8-2014q3/arm-none-eabi/include" -I"C:/Users/Chris/Documents/Energia/libraries/altSPI" -I"C:/Users/Chris/Documents/Energia/libraries/altSPI/utility" -Os -ffunction-sections -fdata-sections -fsingle-precision-constant -g -gdwarf-3 -gstrict-dwarf -Wall -MMD -MP -MF"altSPI.d" -MT"altSPI.d" -fno-rtti -o"altSPI.o"  "C:/Users/Chris/Documents/Energia/libraries/altSPI/altSPI.cpp"
'Finished building: C:/Users/Chris/Documents/Energia/libraries/altSPI/altSPI.cpp'
' '
'Building target: liblptm4c1230c3pm_altSPI.a'
'Invoking: GNU Librarian'
"C:/ti/ccsv6/tools/compiler/gcc-arm-none-eabi-4_8-2014q3/bin/arm-none-eabi-ar.exe" -r "liblptm4c1230c3pm_altSPI.a" "./altSPI.o"  
C:/ti/ccsv6/tools/compiler/gcc-arm-none-eabi-4_8-2014q3/bin/arm-none-eabi-ar.exe: creating liblptm4c1230c3pm_altSPI.a
'Finished building target: liblptm4c1230c3pm_altSPI.a'
' '

**** Build Finished ****

**** Clean-only build of configuration Debug for project testme3 ****

"C:\\ti\\ccsv6\\utils\\bin\\gmake" -k clean 
DEL /F  "testme3.out"  "testme3.bin" 
Could Not Find C:\Users\Chris\workspace_v6_1\testme3\Debug\testme3.out
DEL /F "testme3.d" 
Could Not Find C:\Users\Chris\workspace_v6_1\testme3\Debug\testme3.d
DEL /F "testme3.o" 
Could Not Find C:\Users\Chris\workspace_v6_1\testme3\Debug\testme3.o
'Finished clean'
' '

**** Build Finished ****

**** Build of configuration Debug for project testme3 ****

"C:\\ti\\ccsv6\\utils\\bin\\gmake" -k all 
'Building file: testme3.cpp'
'Invoking: GNU Compiler'
"C:/ti/ccsv6/tools/compiler/gcc-arm-none-eabi-4_8-2014q3/bin/arm-none-eabi-gcc.exe" -c -mcpu=cortex-m4 -march=armv7e-m -mthumb -mfloat-abi=hard -mfpu=fpv4-sp-d16 -fno-exceptions -DF_CPU=80000000L -DARDUINO=101 -DENERGIA=13 -I"C:/Program Files/Energia/hardware/lm4f/cores/lm4f" -I"C:/Program Files/Energia/hardware/lm4f/variants/stellarpad" -I"E:/SensorBoard/SensorBoard" -I"C:/ti/ccsv6/tools/compiler/gcc-arm-none-eabi-4_8-2014q3/arm-none-eabi/include" -I"C:/Users/Chris/workspace_v6_1/testme3" -I"C:/Users/Chris/Documents/Energia/libraries/altSPI" -Os -ffunction-sections -fdata-sections -fsingle-precision-constant -g -gdwarf-3 -gstrict-dwarf -Wall -MMD -MP -MF"testme3.d" -MT"testme3.d" -fno-rtti -o"testme3.o"  "testme3.cpp"
C:/Users/Chris/workspace_v6_1/testme3/testme3.ino:190:13: error: expected initializer before 'a'
 void setup()a
             ^
gmake: *** [testme3.o] Error 1
gmake: Target `all' not remade because of errors.

**** Build Finished ****

**** Build of configuration Debug for project testme3 ****

"C:\\ti\\ccsv6\\utils\\bin\\gmake" -k all 
'Building file: testme3.cpp'
'Invoking: GNU Compiler'
"C:/ti/ccsv6/tools/compiler/gcc-arm-none-eabi-4_8-2014q3/bin/arm-none-eabi-gcc.exe" -c -mcpu=cortex-m4 -march=armv7e-m -mthumb -mfloat-abi=hard -mfpu=fpv4-sp-d16 -fno-exceptions -DF_CPU=80000000L -DARDUINO=101 -DENERGIA=13 -I"C:/Program Files/Energia/hardware/lm4f/cores/lm4f" -I"C:/Program Files/Energia/hardware/lm4f/variants/stellarpad" -I"E:/SensorBoard/SensorBoard" -I"C:/ti/ccsv6/tools/compiler/gcc-arm-none-eabi-4_8-2014q3/arm-none-eabi/include" -I"C:/Users/Chris/workspace_v6_1/testme3" -I"C:/Users/Chris/Documents/Energia/libraries/altSPI" -Os -ffunction-sections -fdata-sections -fsingle-precision-constant -g -gdwarf-3 -gstrict-dwarf -Wall -MMD -MP -MF"testme3.d" -MT"testme3.d" -fno-rtti -o"testme3.o"  "testme3.cpp"
C:/Users/Chris/workspace_v6_1/testme3/testme3.ino: In function 'void setup()':
C:/Users/Chris/workspace_v6_1/testme3/testme3.ino:200:16: error: 'setupDigiPot' was not declared in this scope
   setupDigiPot();
                ^
gmake: *** [testme3.o] Error 1
gmake: Target `all' not remade because of errors.

**** Build Finished ****

**** Build of configuration Debug for project testme3 ****

"C:\\ti\\ccsv6\\utils\\bin\\gmake" -k all 
'Building file: testme3.cpp'
'Invoking: GNU Compiler'
"C:/ti/ccsv6/tools/compiler/gcc-arm-none-eabi-4_8-2014q3/bin/arm-none-eabi-gcc.exe" -c -mcpu=cortex-m4 -march=armv7e-m -mthumb -mfloat-abi=hard -mfpu=fpv4-sp-d16 -fno-exceptions -DF_CPU=80000000L -DARDUINO=101 -DENERGIA=13 -I"C:/Program Files/Energia/hardware/lm4f/cores/lm4f" -I"C:/Program Files/Energia/hardware/lm4f/variants/stellarpad" -I"C:/ti/ccsv6/tools/compiler/gcc-arm-none-eabi-4_8-2014q3/arm-none-eabi/include" -I"C:/Users/Chris/workspace_v6_1/testme3" -I"C:/Users/Chris/Documents/Energia/libraries/altSPI" -Os -ffunction-sections -fdata-sections -fsingle-precision-constant -g -gdwarf-3 -gstrict-dwarf -Wall -MMD -MP -MF"testme3.d" -MT"testme3.d" -fno-rtti -o"testme3.o"  "testme3.cpp"
C:/Users/Chris/workspace_v6_1/testme3/testme3.ino: In function 'void setup()':
C:/Users/Chris/workspace_v6_1/testme3/testme3.ino:200:16: error: 'setupDigiPot' was not declared in this scope
   setupDigiPot();
                ^
gmake: *** [testme3.o] Error 1
gmake: Target `all' not remade because of errors.

**** Build Finished ****

**** Build of configuration Debug for project testme3 ****

"C:\\ti\\ccsv6\\utils\\bin\\gmake" -k all 
'Building file: testme3.cpp'
'Invoking: GNU Compiler'
"C:/ti/ccsv6/tools/compiler/gcc-arm-none-eabi-4_8-2014q3/bin/arm-none-eabi-gcc.exe" -c -mcpu=cortex-m4 -march=armv7e-m -mthumb -mfloat-abi=hard -mfpu=fpv4-sp-d16 -fno-exceptions -DF_CPU=80000000L -DARDUINO=101 -DENERGIA=13 -I"C:/Program Files/Energia/hardware/lm4f/cores/lm4f" -I"C:/Program Files/Energia/hardware/lm4f/variants/stellarpad" -I"C:/ti/ccsv6/tools/compiler/gcc-arm-none-eabi-4_8-2014q3/arm-none-eabi/include" -I"C:/Users/Chris/workspace_v6_1/testme3" -I"C:/Users/Chris/Documents/Energia/libraries/altSPI" -Os -ffunction-sections -fdata-sections -fsingle-precision-constant -g -gdwarf-3 -gstrict-dwarf -Wall -MMD -MP -MF"testme3.d" -MT"testme3.d" -fno-rtti -o"testme3.o"  "testme3.cpp"
'Finished building: testme3.cpp'
' '
'Building target: testme3.out'
'Invoking: GNU Linker'
"C:/ti/ccsv6/tools/compiler/gcc-arm-none-eabi-4_8-2014q3/bin/arm-none-eabi-gcc.exe" -march=armv7e-m -mthumb -mfloat-abi=hard -mfpu=fpv4-sp-d16 -fno-exceptions -DF_CPU=80000000L -DARDUINO=101 -DENERGIA=13 -Os -ffunction-sections -fdata-sections -fsingle-precision-constant -g -gdwarf-3 -gstrict-dwarf -Wall --entry ResetISR -nostartfiles -nostdlib -Wl,--gc-sections -L"C:/Users/Chris/workspace_v6_1/lptm4c1230c3pm_core/Debug" -L"C:/Users/Chris/workspace_v6_1/lptm4c1230c3pm_altSPI/Debug" -o"testme3.out" "./testme3.o"  -Wl,--start-group -Wl,-T"C:/Program Files/Energia/hardware/lm4f/cores/lm4f/lm4fcpp_blizzard.ld" -l"lptm4c1230c3pm_altSPI" -l"lptm4c1230c3pm_core" -l"m" -l"c" -l"gcc" -Wl,--end-group 
'Finished building target: testme3.out'
' '
'Invoking: GNU Objcopy Utility'
"C:/ti/ccsv6/tools/compiler/gcc-arm-none-eabi-4_8-2014q3/bin/arm-none-eabi-objcopy.exe" -O binary  "testme3.out"  "testme3.bin"
'Finished building: testme3.bin'
' '

**** Build Finished ****

**** Build of configuration Debug for project testme3 ****

"C:\\ti\\ccsv6\\utils\\bin\\gmake" -k all 
gmake: Nothing to be done for `all'.

**** Build Finished ****

**** Build of configuration Debug for project lptm4c1230c3pm_altSPI ****

"C:\\ti\\ccsv6\\utils\\bin\\gmake" -k all 
gmake: Nothing to be done for `all'.

**** Build Finished ****

**** Build of configuration Debug for project lptm4c1230c3pm_altSPI ****

"C:\\ti\\ccsv6\\utils\\bin\\gmake" -k all 
gmake: Nothing to be done for `all'.

**** Build Finished ****

**** Build of configuration Debug for project testme3 ****

"C:\\ti\\ccsv6\\utils\\bin\\gmake" -k all 
gmake: Nothing to be done for `all'.

**** Build Finished ****

**** Build of configuration Debug for project lptm4c1230c3pm_altSPI ****

"C:\\ti\\ccsv6\\utils\\bin\\gmake" -k all 
gmake: Nothing to be done for `all'.

**** Build Finished ****

**** Build of configuration Debug for project testme3 ****

"C:\\ti\\ccsv6\\utils\\bin\\gmake" -k all 
gmake: Nothing to be done for `all'.

**** Build Finished ****

**** Build of configuration Debug for project testme3 ****

"C:\\ti\\ccsv6\\utils\\bin\\gmake" -k all 
gmake: Nothing to be done for `all'.

**** Build Finished ****
